Log file open, 11/01/18 15:38:38
LogWindows: Failed to load 'aqProf.dll' (GetLastError=126)
LogWindows: File 'aqProf.dll' does not exist
LogWindows: Failed to load 'VSPerf140.dll' (GetLastError=126)
LogWindows: File 'VSPerf140.dll' does not exist
LogWindows: Failed to load 'VtuneApi.dll' (GetLastError=126)
LogWindows: File 'VtuneApi.dll' does not exist
LogWindows: Failed to load 'VtuneApi32e.dll' (GetLastError=126)
LogWindows: File 'VtuneApi32e.dll' does not exist
LogInit: Display: Running engine for game: GameCore
LogPlatformFile: Not using cached read wrapper
LogTaskGraph: Started task graph with 5 named threads and 35 total threads with 3 sets of task threads.
LogStats: Stats thread started at 0.401727
LogD3D11RHI: Loaded GFSDK_Aftermath_Lib.x64.dll
LogICUInternationalization: Display: ICU TimeZone Detection - Raw Offset: +1:00, Platform Override: ''
LogPluginManager: Mounting plugin Paper2D
LogPluginManager: Mounting plugin AISupport
LogPluginManager: Mounting plugin LightPropagationVolume
LogPluginManager: Mounting plugin CLionSourceCodeAccess
LogPluginManager: Mounting plugin CodeLiteSourceCodeAccess
LogPluginManager: Mounting plugin GitSourceControl
LogPluginManager: Mounting plugin KDevelopSourceCodeAccess
LogPluginManager: Mounting plugin NullSourceCodeAccess
LogPluginManager: Mounting plugin PerforceSourceControl
LogPluginManager: Mounting plugin SubversionSourceControl
LogPluginManager: Mounting plugin UObjectPlugin
LogPluginManager: Mounting plugin VisualStudioCodeSourceCodeAccess
LogPluginManager: Mounting plugin VisualStudioSourceCodeAccess
LogPluginManager: Mounting plugin XCodeSourceCodeAccess
LogPluginManager: Mounting plugin AssetManagerEditor
LogPluginManager: Mounting plugin CryptoKeys
LogPluginManager: Mounting plugin DataValidation
LogPluginManager: Mounting plugin FacialAnimation
LogPluginManager: Mounting plugin GameplayTagsEditor
LogPluginManager: Mounting plugin MacGraphicsSwitching
LogPluginManager: Mounting plugin MeshEditor
LogPluginManager: Mounting plugin MobileLauncherProfileWizard
LogPluginManager: Mounting plugin PluginBrowser
LogPluginManager: Mounting plugin SpeedTreeImporter
LogPluginManager: Mounting plugin DatasmithContent
LogPluginManager: Mounting plugin AlembicImporter
LogPluginManager: Mounting plugin AppleImageUtils
LogPluginManager: Mounting plugin AppleVision
LogPluginManager: Mounting plugin BackChannel
LogPluginManager: Mounting plugin CharacterAI
LogPluginManager: Mounting plugin GeometryCache
LogPluginManager: Mounting plugin HTML5Networking
LogPluginManager: Mounting plugin ProxyLODPlugin
LogPluginManager: Mounting plugin MagicLeap
LogPluginManager: Mounting plugin MagicLeapEmulator
LogPluginManager: Mounting plugin MagicLeapMedia
LogPluginManager: Mounting plugin AndroidMedia
LogPluginManager: Mounting plugin AvfMedia
LogPluginManager: Mounting plugin ImgMedia
LogPluginManager: Mounting plugin LinearTimecode
LogPluginManager: Mounting plugin MediaCompositing
LogPluginManager: Mounting plugin MediaPlayerEditor
LogPluginManager: Mounting plugin WmfMedia
LogPluginManager: Mounting plugin TcpMessaging
LogPluginManager: Mounting plugin UdpMessaging
LogPluginManager: Mounting plugin ActorSequence
LogPluginManager: Mounting plugin LevelSequenceEditor
LogPluginManager: Mounting plugin MatineeToLevelSequence
LogPluginManager: Mounting plugin NetcodeUnitTest
LogPluginManager: Mounting plugin NUTUnrealEngine4
LogPluginManager: Mounting plugin OnlineSubsystemGooglePlay
LogPluginManager: Mounting plugin OnlineSubsystemIOS
LogPluginManager: Mounting plugin OnlineSubsystem
LogPluginManager: Mounting plugin OnlineSubsystemNull
LogPluginManager: Mounting plugin OnlineSubsystemUtils
LogPluginManager: Mounting plugin LauncherChunkInstaller
LogPluginManager: Mounting plugin AndroidDeviceProfileSelector
LogPluginManager: Mounting plugin AndroidMoviePlayer
LogPluginManager: Mounting plugin AndroidPermission
LogPluginManager: Mounting plugin AppleMoviePlayer
LogPluginManager: Mounting plugin ArchVisCharacter
LogPluginManager: Mounting plugin AudioCapture
LogPluginManager: Mounting plugin CableComponent
LogPluginManager: Mounting plugin CustomMeshComponent
LogPluginManager: Mounting plugin EditableMesh
LogPluginManager: Mounting plugin ExampleDeviceProfileSelector
LogPluginManager: Mounting plugin GoogleCloudMessaging
LogPluginManager: Mounting plugin ImmediatePhysics
LogPluginManager: Mounting plugin IOSDeviceProfileSelector
LogPluginManager: Mounting plugin LinuxDeviceProfileSelector
LogPluginManager: Mounting plugin LocationServicesBPLibrary
LogPluginManager: Mounting plugin MobilePatchingUtils
LogPluginManager: Mounting plugin OculusVR
LogPluginManager: Plugin shader directory ../../../Engine/Plugins/Runtime/Oculus/OculusVR/Shaders found
LogPluginManager: Mapping shader source directory ../../../Engine/Plugins/Runtime/Oculus/OculusVR/Shaders to virtual directory /Plugin/OculusVR
LogPluginManager: Mounting plugin PhysXVehicles
LogPluginManager: Mounting plugin ProceduralMeshComponent
LogPluginManager: Mounting plugin RuntimePhysXCooking
LogPluginManager: Mounting plugin SteamVR
LogPluginManager: Mounting plugin WindowsMoviePlayer
LogStreaming: Display: Took  0.081s to configure plugins.
LogInit: Using libcurl 7.55.1-DEV
LogInit:  - built for x86_64-pc-win32
LogInit:  - supports SSL with OpenSSL/1.0.2h
LogInit:  - supports HTTP deflate (compression) using libz 1.2.8
LogInit:  - other features:
LogInit:      CURL_VERSION_SSL
LogInit:      CURL_VERSION_LIBZ
LogInit:      CURL_VERSION_IPV6
LogInit:      CURL_VERSION_ASYNCHDNS
LogInit:      CURL_VERSION_LARGEFILE
LogInit:      CURL_VERSION_IDN
LogInit:  CurlRequestOptions (configurable via config and command line):
LogInit:  - bVerifyPeer = false  - Libcurl will NOT verify peer certificate
LogInit:  - bUseHttpProxy = false  - Libcurl will NOT use HTTP proxy
LogInit:  - bDontReuseConnections = false  - Libcurl will reuse connections
LogInit:  - CertBundlePath = nullptr  - Libcurl will use whatever was configured at build time.
LogInit:  - MaxHostConnections = 16  - Libcurl will limit the number of connections to a host
LogInit:  - LocalHostAddr = Default
LogInit:  - BufferSize = 65536
LogInit: WinSock: version 1.1 (2.2), MaxSocks=32767, MaxUdp=65467
LogInit: Build: ++UE4+Release-4.20-CL-4369336
LogInit: Engine Version: 4.20.3-4369336+++UE4+Release-4.20
LogInit: Compatible Engine Version: 4.20.0-4212847+++UE4+Release-4.20
LogInit: Net CL: 4212847
LogInit: OS: Windows 10 (), CPU: Intel(R) Core(TM) i9-8950HK CPU @ 2.90GHz, GPU: Intel(R) UHD Graphics 630
LogInit: Compiled (64-bit): Sep 17 2018 12:26:19
LogInit: Compiled with Visual C++: 19.13.26129.00
LogInit: Build Configuration: Development
LogInit: Branch Name: ++UE4+Release-4.20
LogInit: Command Line:  
LogInit: Base Directory: C:/Program Files/Epic Games/UE_4.20/Engine/Binaries/Win64/
LogInit: Installed Engine Build: 1
LogDevObjectVersion: Number of dev versions registered: 20
LogDevObjectVersion:   Dev-Blueprints (B0D832E4-1F89-4F0D-ACCF-7EB736FD4AA2): 10
LogDevObjectVersion:   Dev-Build (E1C64328-A22C-4D53-A36C-8E866417BD8C): 0
LogDevObjectVersion:   Dev-Core (375EC13C-06E4-48FB-B500-84F0262A717E): 2
LogDevObjectVersion:   Dev-Editor (E4B068ED-F494-42E9-A231-DA0B2E46BB41): 24
LogDevObjectVersion:   Dev-Framework (CFFC743F-43B0-4480-9391-14DF171D2073): 34
LogDevObjectVersion:   Dev-Mobile (B02B49B5-BB20-44E9-A304-32B752E40360): 2
LogDevObjectVersion:   Dev-Networking (A4E4105C-59A1-49B5-A7C5-40C4547EDFEE): 0
LogDevObjectVersion:   Dev-Online (39C831C9-5AE6-47DC-9A44-9C173E1C8E7C): 0
LogDevObjectVersion:   Dev-Physics (78F01B33-EBEA-4F98-B9B4-84EACCB95AA2): 0
LogDevObjectVersion:   Dev-Platform (6631380F-2D4D-43E0-8009-CF276956A95A): 0
LogDevObjectVersion:   Dev-Rendering (12F88B9F-8875-4AFC-A67C-D90C383ABD29): 26
LogDevObjectVersion:   Dev-Sequencer (7B5AE74C-D270-4C10-A958-57980B212A5A): 9
LogDevObjectVersion:   Dev-VR (D7296918-1DD6-4BDD-9DE2-64A83CC13884): 2
LogDevObjectVersion:   Dev-LoadTimes (C2A15278-BFE7-4AFE-6C17-90FF531DF755): 1
LogDevObjectVersion:   Private-Geometry (6EACA3D4-40EC-4CC1-B786-8BED09428FC5): 3
LogDevObjectVersion:   Dev-AnimPhys (29E575DD-E0A3-4627-9D10-D276232CDCEA): 17
LogDevObjectVersion:   Dev-ReflectionCapture (6B266CEC-1EC7-4B8F-A30B-E4D90942FC07): 1
LogDevObjectVersion:   Dev-Automation (0DF73D61-A23F-47EA-B727-89E90C41499A): 1
LogDevObjectVersion:   FortniteMain (601D1886-AC64-4F84-AA16-D3DE0DEAC7D6): 12
LogDevObjectVersion:   Dev-Enterprise (9DFFBCD6-494F-0158-E221-12823C92A888): 1
LogStreaming: Display: Took  0.002s to delete old logs.
LogInit: Presizing for max 8388607 objects, including 0 objects not considered by GC, pre-allocating 0 bytes for permanent pool.
LogInit: Object subsystem initialized
[2018.11.01-14.38.38:400][  0]LogInit: Selected Device Profile: [Windows]
[2018.11.01-14.38.38:400][  0]LogInit: Applying CVar settings loaded from the selected device profile: [Windows]
[2018.11.01-14.38.38:409][  0]LogHAL: Display: Platform has ~ 16 GB [17023823872 / 17179869184 / 16], which maps to Larger [LargestMinGB=32, LargerMinGB=12, DefaultMinGB=8, SmallerMinGB=6, SmallestMinGB=0)
[2018.11.01-14.38.38:410][  0]LogInit: Setting Device Profile CVar: [[r.Vulkan.UseRealUBs:1]]
[2018.11.01-14.38.38:410][  0]LogInit: Going up to parent DeviceProfile []
[2018.11.01-14.38.38:410][  0]LogInit: Computer: LAPTOP-24L0JPUM
[2018.11.01-14.38.38:410][  0]LogInit: User: olive
[2018.11.01-14.38.38:410][  0]LogInit: CPU Page size=4096, Cores=6
[2018.11.01-14.38.38:410][  0]LogInit: High frequency timer resolution =2.835935 MHz
[2018.11.01-14.38.38:410][  0]LogMemory: Memory total: Physical=15.9GB (16GB approx)
[2018.11.01-14.38.38:410][  0]LogMemory: Platform Memory Stats for Windows
[2018.11.01-14.38.38:410][  0]LogMemory: Process Physical Memory: 101.47 MB used, 101.47 MB peak
[2018.11.01-14.38.38:410][  0]LogMemory: Process Virtual Memory: 85.98 MB used, 85.98 MB peak
[2018.11.01-14.38.38:410][  0]LogMemory: Physical Memory: 4373.75 MB used,  11861.44 MB free, 16235.18 MB total
[2018.11.01-14.38.38:410][  0]LogMemory: Virtual Memory: 4657.29 MB used,  11861.44 MB free, 134217728.00 MB total
[2018.11.01-14.38.38:426][  0]LogInit: Using OS detected language (da-DK).
[2018.11.01-14.38.38:426][  0]LogInit: Using OS detected locale (da-DK).
[2018.11.01-14.38.38:427][  0]LogTextLocalizationManager: No localization for 'da-DK' exists, so 'en' will be used for the language.
[2018.11.01-14.38.38:709][  0]LogStreaming: Display: Took  0.284s to InitEngineTextLocalization.
[2018.11.01-14.38.38:709][  0]LogInit: Setting process to per monitor DPI aware
[2018.11.01-14.38.38:740][  0]LogSlate: New Slate User Created.  User Index 0, Is Virtual User: 0
[2018.11.01-14.38.38:740][  0]LogSlate: Slate User Registered.  User Index 0, Is Virtual User: 0
[2018.11.01-14.38.38:913][  0]LogHMD: Failed to initialize OpenVR with code 110
[2018.11.01-14.38.38:913][  0]LogD3D11RHI: D3D11 adapters:
[2018.11.01-14.38.38:987][  0]LogD3D11RHI:    0. 'NVIDIA GeForce GTX 1050 Ti' (Feature Level 11_0)
[2018.11.01-14.38.38:987][  0]LogD3D11RHI:       4018/0/8117 MB DedicatedVideo/DedicatedSystem/SharedSystem, Outputs:1, VendorId:0x10de
[2018.11.01-14.38.38:999][  0]LogD3D11RHI:    1. 'Intel(R) UHD Graphics 630' (Feature Level 11_0)
[2018.11.01-14.38.38:999][  0]LogD3D11RHI:       128/0/8117 MB DedicatedVideo/DedicatedSystem/SharedSystem, Outputs:0, VendorId:0x8086
[2018.11.01-14.38.39:001][  0]LogD3D11RHI:    2. 'Microsoft Basic Render Driver' (Feature Level 11_0)
[2018.11.01-14.38.39:001][  0]LogD3D11RHI:       0/0/8117 MB DedicatedVideo/DedicatedSystem/SharedSystem, Outputs:0, VendorId:0x1414
[2018.11.01-14.38.39:003][  0]LogD3D11RHI:    3. 'Microsoft Basic Render Driver' (Feature Level 11_0)
[2018.11.01-14.38.39:003][  0]LogD3D11RHI:       0/0/8117 MB DedicatedVideo/DedicatedSystem/SharedSystem, Outputs:0, VendorId:0x1414
[2018.11.01-14.38.39:003][  0]LogD3D11RHI: Chosen D3D11 Adapter: 0
[2018.11.01-14.38.39:027][  0]LogD3D11RHI: Creating new Direct3DDevice
[2018.11.01-14.38.39:027][  0]LogD3D11RHI:     GPU DeviceId: 0x1c8c (for the marketing name, search the web for "GPU Device Id")
[2018.11.01-14.38.39:027][  0]LogWindows: EnumDisplayDevices:
[2018.11.01-14.38.39:027][  0]LogWindows:    0. 'Intel(R) UHD Graphics 630' (P:1 D:1)
[2018.11.01-14.38.39:027][  0]LogWindows:    1. 'Intel(R) UHD Graphics 630' (P:0 D:0)
[2018.11.01-14.38.39:027][  0]LogWindows:    2. 'Intel(R) UHD Graphics 630' (P:0 D:0)
[2018.11.01-14.38.39:027][  0]LogWindows:    3. 'NVIDIA GeForce GTX 1050 Ti' (P:0 D:0)
[2018.11.01-14.38.39:028][  0]LogWindows:    4. 'NVIDIA GeForce GTX 1050 Ti' (P:0 D:0)
[2018.11.01-14.38.39:028][  0]LogWindows:    5. 'Asus ScreenPad Display' (P:0 D:0)
[2018.11.01-14.38.39:028][  0]LogWindows: DebugString: PrimaryIsNotTheChoosenAdapter PrimaryIsNotTheChoosenAdapter PrimaryIsNotTheChoosenAdapter GetVideoDriverDetailsInvalid PrimaryIsNotTheChoosenAdapter FoundDriverCount:2 
[2018.11.01-14.38.39:028][  0]LogD3D11RHI:     Adapter Name: NVIDIA GeForce GTX 1050 Ti
[2018.11.01-14.38.39:028][  0]LogD3D11RHI:   Driver Version: 398.36 (internal:24.21.13.9836, unified:398.36)
[2018.11.01-14.38.39:028][  0]LogD3D11RHI:      Driver Date: 6-24-2018
[2018.11.01-14.38.39:028][  0]LogRHI: Texture pool is 2812 MB (70% of 4018 MB)
[2018.11.01-14.38.39:070][  0]LogD3D11RHI: Async texture creation enabled
[2018.11.01-14.38.39:102][  0]LogD3D11RHI: GPU Timing Frequency: 1000.000000 (Debug: 2 2)
[2018.11.01-14.38.39:103][  0]LogShaderCompilers: Guid format shader working directory is -18 characters bigger than the processId version (../../../../../../Users/olive/Documents/Unreal Projects/GameCore/Intermediate/Shaders/WorkingDirectory/7756/).
[2018.11.01-14.38.39:103][  0]LogShaderCompilers: Cleaned the shader compiler working directory 'C:/Users/olive/AppData/Local/Temp/UnrealShaderWorkingDir/6AE05B2C44CD52E0E4FF018BE071A0E4/'.
[2018.11.01-14.38.39:380][  0]LogTemp: Display: Loaded TP AllDesktopTargetPlatform
[2018.11.01-14.38.39:392][  0]LogTemp: Display: Loaded TP MacClientTargetPlatform
[2018.11.01-14.38.39:404][  0]LogTemp: Display: Loaded TP MacNoEditorTargetPlatform
[2018.11.01-14.38.39:416][  0]LogTemp: Display: Loaded TP MacServerTargetPlatform
[2018.11.01-14.38.39:427][  0]LogTemp: Display: Loaded TP MacTargetPlatform
[2018.11.01-14.38.39:437][  0]LogTemp: Display: Loaded TP WindowsClientTargetPlatform
[2018.11.01-14.38.39:448][  0]LogTemp: Display: Loaded TP WindowsNoEditorTargetPlatform
[2018.11.01-14.38.39:459][  0]LogTemp: Display: Loaded TP WindowsServerTargetPlatform
[2018.11.01-14.38.39:464][  0]LogTemp: Display: Loaded TP WindowsTargetPlatform
[2018.11.01-14.38.39:527][  0]LogTemp: Display: Loaded TP AndroidTargetPlatform
[2018.11.01-14.38.39:527][  0]LogTemp: Display: Loaded TP AndroidTargetPlatform
[2018.11.01-14.38.39:527][  0]LogTemp: Display: Loaded TP AndroidTargetPlatform
[2018.11.01-14.38.39:527][  0]LogTemp: Display: Loaded TP AndroidTargetPlatform
[2018.11.01-14.38.39:527][  0]LogTemp: Display: Loaded TP AndroidTargetPlatform
[2018.11.01-14.38.39:527][  0]LogTemp: Display: Loaded TP AndroidTargetPlatform
[2018.11.01-14.38.39:527][  0]LogTemp: Display: Loaded TP AndroidTargetPlatform
[2018.11.01-14.38.39:527][  0]LogTemp: Display: Loaded TP AndroidTargetPlatform
[2018.11.01-14.38.39:527][  0]LogTemp: Display: Loaded TP AndroidTargetPlatform
[2018.11.01-14.38.39:527][  0]LogTemp: Display: Loaded TP AndroidTargetPlatform
[2018.11.01-14.38.39:527][  0]LogTemp: Display: Loaded TP AndroidTargetPlatform
[2018.11.01-14.38.39:527][  0]LogTemp: Display: Loaded TP AndroidTargetPlatform
[2018.11.01-14.38.39:527][  0]LogTemp: Display: Loaded TP AndroidTargetPlatform
[2018.11.01-14.38.39:527][  0]LogTemp: Display: Loaded TP AndroidTargetPlatform
[2018.11.01-14.38.39:528][  0]LogTemp: Display: Loaded TP AndroidTargetPlatform
[2018.11.01-14.38.39:528][  0]LogTemp: Display: Loaded TP AndroidTargetPlatform
[2018.11.01-14.38.39:528][  0]LogTemp: Display: Loaded TP AndroidTargetPlatform
[2018.11.01-14.38.39:528][  0]LogTemp: Display: Loaded TP AndroidTargetPlatform
[2018.11.01-14.38.39:528][  0]LogTemp: Display: Loaded TP HTML5TargetPlatform
[2018.11.01-14.38.39:583][  0]LogTemp: Display: Loaded TP IOSTargetPlatform
[2018.11.01-14.38.39:583][  0]LogTemp: Display: Loaded TP IOSTargetPlatform
[2018.11.01-14.38.39:602][  0]LogTemp: Display: Loaded TP TVOSTargetPlatform
[2018.11.01-14.38.39:602][  0]LogTemp: Display: Loaded TP TVOSTargetPlatform
[2018.11.01-14.38.39:614][  0]LogTemp: Display: Loaded TP LinuxClientTargetPlatform
[2018.11.01-14.38.39:625][  0]LogTemp: Display: Loaded TP LinuxNoEditorTargetPlatform
[2018.11.01-14.38.39:634][  0]LogTemp: Display: Loaded TP LinuxServerTargetPlatform
[2018.11.01-14.38.39:645][  0]LogTemp: Display: Loaded TP LinuxTargetPlatform
[2018.11.01-14.38.39:656][  0]LogTemp: Display: Loaded TP LuminTargetPlatform
[2018.11.01-14.38.39:656][  0]LogTargetPlatformManager: Display: Building Assets For Windows
[2018.11.01-14.38.39:706][  0]LogXGEController: Cleaning working directory: C:/Users/olive/AppData/Local/Temp/UnrealXGEWorkingDir/
[2018.11.01-14.38.39:707][  0]LogXGEController: Cannot use XGE Controller as Incredibuild is not installed on this machine.
[2018.11.01-14.38.39:707][  0]LogShaderCompilers: Cannot use XGE Shader Compiler as Incredibuild is not installed on this machine.
[2018.11.01-14.38.39:707][  0]LogShaderCompilers: Display: Using Local Shader Compiler.
[2018.11.01-14.38.40:291][  0]LogDerivedDataCache: Display: Max Cache Size: 512 MB
[2018.11.01-14.38.40:342][  0]LogDerivedDataCache: Loaded boot cache 0.05s 73MB C:/Users/olive/AppData/Local/UnrealEngine/4.20/DerivedDataCache/Boot.ddc.
[2018.11.01-14.38.40:342][  0]LogDerivedDataCache: Display: Loaded Boot cache: C:/Users/olive/AppData/Local/UnrealEngine/4.20/DerivedDataCache/Boot.ddc
[2018.11.01-14.38.40:342][  0]LogDerivedDataCache: FDerivedDataBackendGraph:  Pak pak cache file ../../../../../../Users/olive/Documents/Unreal Projects/GameCore/DerivedDataCache/DDC.ddp not found, will not use a pak cache.
[2018.11.01-14.38.40:342][  0]LogDerivedDataCache: Unable to find inner node Pak for hierarchical cache Hierarchy.
[2018.11.01-14.38.40:342][  0]LogDerivedDataCache: FDerivedDataBackendGraph:  CompressedPak pak cache file ../../../../../../Users/olive/Documents/Unreal Projects/GameCore/DerivedDataCache/Compressed.ddp not found, will not use a pak cache.
[2018.11.01-14.38.40:342][  0]LogDerivedDataCache: Unable to find inner node CompressedPak for hierarchical cache Hierarchy.
[2018.11.01-14.38.40:352][  0]LogDerivedDataCache: Display: Pak cache opened for reading ../../../Engine/DerivedDataCache/Compressed.ddp.
[2018.11.01-14.38.40:364][  0]LogDerivedDataCache: Using Local data cache path C:/Users/olive/AppData/Local/UnrealEngine/Common/DerivedDataCache: Writable
[2018.11.01-14.38.40:364][  0]LogDerivedDataCache: Shared data cache path not found in *engine.ini, will not use an Shared cache.
[2018.11.01-14.38.40:364][  0]LogDerivedDataCache: Unable to find inner node Shared for hierarchical cache Hierarchy.
[2018.11.01-14.38.40:378][  0]LogMaterial: Verifying Global Shaders for PCD3D_SM5
[2018.11.01-14.38.40:379][  0]LogSlate: Using FreeType 2.6.0
[2018.11.01-14.38.40:379][  0]LogSlate: SlateFontServices - WITH_FREETYPE: 1, WITH_HARFBUZZ: 1
[2018.11.01-14.38.40:442][  0]LogAssetRegistry: FAssetRegistry took 0.0265 seconds to start up
[2018.11.01-14.38.40:684][  0]LogInit: Selected Device Profile: [Windows]
[2018.11.01-14.38.40:785][  0]LogSimplygon: Simplygon DLL not present - disabling.
[2018.11.01-14.38.40:788][  0]LogMeshReduction: Using SimplygonSwarm for distributed automatic mesh merging
[2018.11.01-14.38.40:788][  0]LogMeshReduction: Using ProxyLODMeshReduction for automatic mesh merging
[2018.11.01-14.38.40:788][  0]LogMeshReduction: Using QuadricMeshReduction for automatic static mesh reduction
[2018.11.01-14.38.40:788][  0]LogMeshReduction: No automatic skeletal mesh reduction module available
[2018.11.01-14.38.40:803][  0]LogNetVersion: GameCore 1.0.0, NetCL: 4212847, EngineNetVer: 5, GameNetVer: 0 (Checksum: 648851774)
[2018.11.01-14.38.41:192][  0]LogPackageLocalizationCache: Processed 11 localized package path(s) for 1 prioritized culture(s) in 0.040911 seconds
[2018.11.01-14.38.41:196][  0]LogUObjectArray: 38425 objects as part of root set at end of initial load.
[2018.11.01-14.38.41:196][  0]LogUObjectAllocator: 6690864 out of 0 bytes used by permanent object pool.
[2018.11.01-14.38.41:196][  0]LogUObjectArray: CloseDisregardForGC: 0/0 objects in disregard for GC pool
[2018.11.01-14.38.41:859][  0]LogTcpMessaging: Initializing TcpMessaging bridge
[2018.11.01-14.38.41:872][  0]LogUdpMessaging: Initializing bridge on interface 0.0.0.0:0 to multicast group 230.0.0.1:6666.
[2018.11.01-14.38.42:156][  0]SourceControl: Source control is disabled
[2018.11.01-14.38.42:156][  0]SourceControl: Source control is disabled
[2018.11.01-14.38.42:157][  0]SourceControl: Source control is disabled
[2018.11.01-14.38.42:158][  0]SourceControl: Source control is disabled
[2018.11.01-14.38.42:309][  0]LogAndroidPermission: UAndroidPermissionCallbackProxy::GetInstance
[2018.11.01-14.38.42:346][  0]LogOcInput: OculusInput pre-init called
[2018.11.01-14.38.42:393][  0]LogEngine: Initializing Engine...
[2018.11.01-14.38.42:394][  0]LogHMD: Failed to initialize OpenVR with code 110
[2018.11.01-14.38.42:395][  0]LogStats: UGameplayTagsManager::ConstructGameplayTagTree: ImportINI prefixes -  0.000 s
[2018.11.01-14.38.42:395][  0]LogStats: UGameplayTagsManager::ConstructGameplayTagTree: Construct from data asset -  0.000 s
[2018.11.01-14.38.42:395][  0]LogStats: UGameplayTagsManager::ConstructGameplayTagTree: ImportINI -  0.000 s
[2018.11.01-14.38.42:395][  0]LogStats: UGameplayTagsManager::ConstructGameplayTagTree: GameplayTagTreeChangedEvent.Broadcast -  0.000 s
[2018.11.01-14.38.42:568][  0]LogInit: Initializing FReadOnlyCVARCache
[2018.11.01-14.38.42:579][  0]LogAIModule: Creating AISystem for world Untitled
[2018.11.01-14.38.42:585][  0]LogInit: XAudio2 using 'Speakers (Realtek(R) Audio)' : 2 channels at 48 kHz using 32 bits per sample (channel mask 0x3)
[2018.11.01-14.38.42:816][  0]LogInit: FAudioDevice initialized.
[2018.11.01-14.38.42:816][  0]LogNetVersion: Set ProjectVersion to 1.0.0.0. Version Checksum will be recalculated on next use.
[2018.11.01-14.38.42:900][  0]LogDerivedDataCache: Saved boot cache 0.08s 73MB C:/Users/olive/AppData/Local/UnrealEngine/4.20/DerivedDataCache/Boot.ddc.
[2018.11.01-14.38.42:916][  0]LogInit: Texture streaming: Enabled
[2018.11.01-14.38.42:931][  0]LogEngineSessionManager: EngineSessionManager initialized
[2018.11.01-14.38.42:943][  0]LogInit: Transaction tracking system initialized
[2018.11.01-14.38.42:960][  0]BlueprintLog: New page: Editor Load
[2018.11.01-14.38.43:058][  0]LocalizationService: Localization service is disabled
[2018.11.01-14.38.43:303][  0]LogCook: Display: Max memory allowance for cook 16384mb min free memory 0mb
[2018.11.01-14.38.43:303][  0]LogCook: Display: Mobile HDR setting 1
[2018.11.01-14.38.43:303][  0]LogGameplayTags: Display: UGameplayTagsManager::DoneAddingNativeTags. DelegateIsBound: 0
[2018.11.01-14.38.43:303][  0]LogStats: UGameplayTagsManager::ConstructGameplayTagTree: ImportINI prefixes -  0.000 s
[2018.11.01-14.38.43:303][  0]LogStats: UGameplayTagsManager::ConstructGameplayTagTree: Construct from data asset -  0.000 s
[2018.11.01-14.38.43:303][  0]LogStats: UGameplayTagsManager::ConstructGameplayTagTree: ImportINI -  0.000 s
[2018.11.01-14.38.43:303][  0]LogStats: UGameplayTagsManager::ConstructGameplayTagTree: GameplayTagTreeChangedEvent.Broadcast -  0.000 s
[2018.11.01-14.38.43:344][  0]LogFileCache: Scanning file cache for directory 'C:/Users/olive/Documents/Unreal Projects/GameCore/Content/' took 0.02s
[2018.11.01-14.38.43:395][  0]SourceControl: Source control is disabled
[2018.11.01-14.38.43:395][  0]Cmd: MAP LOAD FILE="../../../../../../Users/olive/Documents/Unreal Projects/GameCore/Content/ThirdPersonCPP/Maps/ThirdPersonExampleMap.umap" TEMPLATE=0 SHOWPROGRESS=1 FEATURELEVEL=3
[2018.11.01-14.38.43:396][  0]LightingResults: New page: Lighting Build
[2018.11.01-14.38.43:399][  0]MapCheck: New page: Map Check
[2018.11.01-14.38.43:399][  0]LightingResults: New page: Lighting Build
[2018.11.01-14.38.43:564][  0]LogAIModule: Creating AISystem for world ThirdPersonExampleMap
[2018.11.01-14.38.43:574][  0]LogEditorServer: Finished looking for orphan Actors (0.000 secs)
[2018.11.01-14.38.43:595][  0]Cmd: MAP CHECKDEP NOCLEARLOG
[2018.11.01-14.38.43:655][  0]MapCheck: Map check complete: 0 Error(s), 0 Warning(s), took 59,884ms to complete.
[2018.11.01-14.38.43:655][  0]LogFileHelpers: Loading map 'ThirdPersonExampleMap' took 0.259
[2018.11.01-14.38.43:749][  0]LogSlate: Updating window title bar state: overlay mode, drag disabled, window buttons hidden, title bar hidden
[2018.11.01-14.38.43:756][  0]LogSlate: Updating window title bar state: overlay mode, drag disabled, window buttons hidden, title bar hidden
[2018.11.01-14.38.43:762][  0]LogSlate: Updating window title bar state: overlay mode, drag disabled, window buttons hidden, title bar hidden
[2018.11.01-14.38.43:769][  0]LogSlate: Updating window title bar state: overlay mode, drag disabled, window buttons hidden, title bar hidden
[2018.11.01-14.38.43:774][  0]LogCollectionManager: Loaded 0 collections in 0.001424 seconds
[2018.11.01-14.38.43:813][  0]LogFileCache: Scanning file cache for directory 'C:/Users/olive/Documents/Unreal Projects/GameCore/Saved/Collections/' took 0.01s
[2018.11.01-14.38.43:813][  0]LogFileCache: Scanning file cache for directory 'C:/Users/olive/Documents/Unreal Projects/GameCore/Content/Developers/olive/Collections/' took 0.01s
[2018.11.01-14.38.43:813][  0]LogFileCache: Scanning file cache for directory 'C:/Users/olive/Documents/Unreal Projects/GameCore/Content/Collections/' took 0.01s
[2018.11.01-14.38.43:813][  0]LogCollectionManager: Rebuilt the GUID cache for 0 collections in 0.000000 seconds
[2018.11.01-14.38.43:821][  0]LogContentBrowser: Native class hierarchy populated in 0.0076 seconds. Added 2574 classes and 605 folders.
[2018.11.01-14.38.43:826][  0]LogContentBrowser: Native class hierarchy updated for 'WidgetCarousel' in 0.0003 seconds. Added 0 classes and 0 folders.
[2018.11.01-14.38.43:858][  0]LogContentBrowser: Native class hierarchy updated for 'AddContentDialog' in 0.0002 seconds. Added 0 classes and 0 folders.
[2018.11.01-14.38.43:862][  0]LogContentBrowser: Native class hierarchy updated for 'SceneOutliner' in 0.0003 seconds. Added 1 classes and 2 folders.
[2018.11.01-14.38.43:875][  0]LogSlate: Took 0.000153 seconds to synchronously load lazily loaded font '../../../Engine/Content/Slate/Fonts/Roboto-Regular.ttf' (155K)
[2018.11.01-14.38.43:876][  0]LogSlate: Took 0.000158 seconds to synchronously load lazily loaded font '../../../Engine/Content/Slate/Fonts/Roboto-Bold.ttf' (160K)
[2018.11.01-14.38.43:882][  0]LogSlate: Took 0.000224 seconds to synchronously load lazily loaded font '../../../Engine/Content/Editor/Slate/Fonts/FontAwesome.ttf' (139K)
[2018.11.01-14.38.43:953][  0]LogRenderer: Reallocating scene render targets to support 964x436 Format 10 NumSamples 1 (Frame:1).
[2018.11.01-14.38.44:111][  0]LogContentBrowser: Native class hierarchy updated for 'HierarchicalLODOutliner' in 0.0008 seconds. Added 0 classes and 0 folders.
[2018.11.01-14.38.44:111][  0]LogLoad: (Engine Initialization) Total time: 7.25 seconds
[2018.11.01-14.38.44:111][  0]LogLoad: (Engine Initialization) Total Blueprint compile time: 0.00 seconds
[2018.11.01-14.38.44:128][  0]LogWindowsTextInputMethodSystem: Display: IME system now deactivated.
[2018.11.01-14.38.44:149][  0]LogContentStreaming: Texture pool size now 1000 MB
[2018.11.01-14.38.44:263][  1]LogAssetRegistry: Asset discovery search completed in 3.8435 seconds
[2018.11.01-14.38.44:266][  1]LogCollectionManager: Rebuilt the object cache for 0 collections in 0.000000 seconds (found 0 objects)
[2018.11.01-14.38.44:266][  1]LogCollectionManager: Fixed up redirectors for 0 collections in 0.000089 seconds (updated 0 objects)
[2018.11.01-14.39.10:140][350]LogSlate: FSceneViewport::OnFocusLost() reason 0
[2018.11.01-14.40.14:497][303]LogSlate: Took 0.000172 seconds to synchronously load lazily loaded font '../../../Engine/Content/Slate/Fonts/Roboto-Light.ttf' (167K)
[2018.11.01-14.40.14:505][303]LogAssetEditorManager: Opening Asset editor for Blueprint /Game/ThirdPersonCPP/Blueprints/ThirdPersonCharacter.ThirdPersonCharacter
[2018.11.01-14.40.15:042][303]LogContentBrowser: Native class hierarchy updated for 'BlueprintGraph' in 0.0005 seconds. Added 116 classes and 0 folders.
[2018.11.01-14.40.15:702][303]LogSlate: Took 0.003836 seconds to synchronously load lazily loaded font '../../../Engine/Content/Slate/Fonts/Roboto-BoldCondensed.ttf' (158K)
[2018.11.01-14.40.15:855][304]LogSlate: Took 0.000221 seconds to synchronously load lazily loaded font '../../../Engine/Content/Slate/Fonts/Roboto-Italic.ttf' (157K)
[2018.11.01-14.40.20:134][442]LogRenderer: Reallocating scene render targets to support 964x688 Format 10 NumSamples 1 (Frame:1).
[2018.11.01-14.41.17:700][353]LogSlate: Only BGRA pngs, bmps or icos are supported in by External Image Picker
[2018.11.01-14.41.17:752][354]LogTemp: Executing iPhonePackager certificates Engine -bundlename com.YourCompany.GameCore
[2018.11.01-14.41.17:752][354]LogTemp: CWD: C:\Program Files\Epic Games\UE_4.20\Engine\Binaries\DotNET\IOS
[2018.11.01-14.41.17:752][354]LogTemp: Initial Dir: C:\Program Files\Epic Games\UE_4.20
[2018.11.01-14.41.17:752][354]LogTemp: Env CWD: C:\Program Files\Epic Games\UE_4.20\Engine\Binaries\DotNET\IOS
[2018.11.01-14.41.17:752][354]LogTemp: BranchPath = LAPTOP-24L0JPUM/C/Program Files/Epic Games/UE_4.20/Engine/Binaries --- GameBranchPath = LAPTOP-24L0JPUM/C/Program Files/Epic Games/UE_4.20/Engine/Binaries
[2018.11.01-14.41.17:780][355]LogTemp: IPP ERROR: Could not find provision directory 'C:\Users\olive\AppData\Local/Apple Computer/MobileDevice/Provisioning Profiles/'.
[2018.11.01-14.44.15:970][756]LogSlate: Window 'Project Settings' being destroyed
[2018.11.01-14.44.16:000][756]LogSlate: Window 'Project Settings' being destroyed
[2018.11.01-14.51.26:804][762]LogSlate: Window 'ThirdPersonCharacter' being destroyed
[2018.11.01-14.51.26:847][762]LogSlate: Window 'ThirdPersonCharacter' being destroyed
[2018.11.01-14.51.30:520][925]LogAssetEditorManager: Opening Asset editor for WidgetBlueprint /Game/ThirdPersonCPP/Blueprints/MMORPGHUD.MMORPGHUD
[2018.11.01-14.55.04:291][335]LogSlate: Window 'Color Picker' being destroyed
[2018.11.01-14.55.57:765][572]BlueprintLog: New page: Compile MMORPGHUD
[2018.11.01-14.56.03:421][837]LogTemp: Repeating last play command: Selected Viewport
[2018.11.01-14.56.03:472][837]LogBlueprintUserMessages: Early PlayInEditor Detection: Level '/Game/ThirdPersonCPP/Maps/ThirdPersonExampleMap.ThirdPersonExampleMap:PersistentLevel' has LevelScriptBlueprint '/Game/ThirdPersonCPP/Maps/ThirdPersonExampleMap.ThirdPersonExampleMap:PersistentLevel.ThirdPersonExampleMap' with GeneratedClass '/Game/ThirdPersonCPP/Maps/ThirdPersonExampleMap.ThirdPersonExampleMap_C' with ClassGeneratedBy '/Game/ThirdPersonCPP/Maps/ThirdPersonExampleMap.ThirdPersonExampleMap:PersistentLevel.ThirdPersonExampleMap'
[2018.11.01-14.56.03:473][837]LogPlayLevel: PlayLevel: No blueprints needed recompiling
[2018.11.01-14.56.03:487][837]PIE: New page: PIE session: ThirdPersonExampleMap (01/11/2018 16.56.03)
[2018.11.01-14.56.03:487][837]LogPlayLevel: Creating play world package: /Game/ThirdPersonCPP/Maps/UEDPIE_0_ThirdPersonExampleMap
[2018.11.01-14.56.03:504][837]LogPlayLevel: PIE: StaticDuplicateObject took: (0.016794s)
[2018.11.01-14.56.03:505][837]LogAIModule: Creating AISystem for world ThirdPersonExampleMap
[2018.11.01-14.56.03:505][837]LogPlayLevel: PIE: World Init took: (0.000964s)
[2018.11.01-14.56.03:505][837]LogPlayLevel: PIE: Created PIE world by copying editor world from /Game/ThirdPersonCPP/Maps/ThirdPersonExampleMap.ThirdPersonExampleMap to /Game/ThirdPersonCPP/Maps/UEDPIE_0_ThirdPersonExampleMap.ThirdPersonExampleMap (0.017872s)
[2018.11.01-14.56.03:533][837]LogInit: XAudio2 using 'Speakers (Realtek(R) Audio)' : 2 channels at 48 kHz using 32 bits per sample (channel mask 0x3)
[2018.11.01-14.56.03:543][837]LogInit: FAudioDevice initialized.
[2018.11.01-14.56.03:587][837]LogLoad: Game class is 'GameCoreGameMode'
[2018.11.01-14.56.03:594][837]LogWorld: Bringing World /Game/ThirdPersonCPP/Maps/UEDPIE_0_ThirdPersonExampleMap.ThirdPersonExampleMap up for play (max tick rate 60) at 2018.11.01-15.56.03
[2018.11.01-14.56.03:595][837]LogWorld: Bringing up level for play took: 0.005092
[2018.11.01-14.56.03:629][837]LogContentBrowser: Native class hierarchy updated for 'MovieSceneCapture' in 0.0007 seconds. Added 10 classes and 0 folders.
[2018.11.01-14.56.03:632][837]PIE: Play in editor start time for /Game/ThirdPersonCPP/Maps/UEDPIE_0_ThirdPersonExampleMap 0,044
[2018.11.01-14.56.03:632][837]LogBlueprintUserMessages: Late PlayInEditor Detection: Level '/Game/ThirdPersonCPP/Maps/ThirdPersonExampleMap.ThirdPersonExampleMap:PersistentLevel' has LevelScriptBlueprint '/Game/ThirdPersonCPP/Maps/ThirdPersonExampleMap.ThirdPersonExampleMap:PersistentLevel.ThirdPersonExampleMap' with GeneratedClass '/Game/ThirdPersonCPP/Maps/ThirdPersonExampleMap.ThirdPersonExampleMap_C' with ClassGeneratedBy '/Game/ThirdPersonCPP/Maps/ThirdPersonExampleMap.ThirdPersonExampleMap:PersistentLevel.ThirdPersonExampleMap'
[2018.11.01-14.56.53:868][849]LogBlueprintUserMessages: Early EndPlayMap Detection: Level '/Game/ThirdPersonCPP/Maps/ThirdPersonExampleMap.ThirdPersonExampleMap:PersistentLevel' has LevelScriptBlueprint '/Game/ThirdPersonCPP/Maps/ThirdPersonExampleMap.ThirdPersonExampleMap:PersistentLevel.ThirdPersonExampleMap' with GeneratedClass '/Game/ThirdPersonCPP/Maps/ThirdPersonExampleMap.ThirdPersonExampleMap_C' with ClassGeneratedBy '/Game/ThirdPersonCPP/Maps/ThirdPersonExampleMap.ThirdPersonExampleMap:PersistentLevel.ThirdPersonExampleMap'
[2018.11.01-14.56.53:902][849]LogSlate: Updating window title bar state: overlay mode, drag disabled, window buttons hidden, title bar hidden
[2018.11.01-14.56.53:934][849]LogPlayLevel: Display: Shutting down PIE online subsystems
[2018.11.01-14.56.53:934][849]LogBlueprintUserMessages: Late EndPlayMap Detection: Level '/Game/ThirdPersonCPP/Maps/ThirdPersonExampleMap.ThirdPersonExampleMap:PersistentLevel' has LevelScriptBlueprint '/Game/ThirdPersonCPP/Maps/ThirdPersonExampleMap.ThirdPersonExampleMap:PersistentLevel.ThirdPersonExampleMap' with GeneratedClass '/Game/ThirdPersonCPP/Maps/ThirdPersonExampleMap.ThirdPersonExampleMap_C' with ClassGeneratedBy '/Game/ThirdPersonCPP/Maps/ThirdPersonExampleMap.ThirdPersonExampleMap:PersistentLevel.ThirdPersonExampleMap'
[2018.11.01-14.56.53:960][849]LogSlate: Updating window title bar state: overlay mode, drag disabled, window buttons hidden, title bar hidden
[2018.11.01-14.56.53:993][850]LogPlayLevel: Display: Destroying online subsystem :Context_6
[2018.11.01-14.57.20:335][ 46]LogFileHelpers: Editor autosave (incl. sublevels) for '/Game/ThirdPersonCPP/Maps/ThirdPersonExampleMap' took 0.025
[2018.11.01-14.57.20:338][ 46]OBJ SavePackage: Generating thumbnails for [0] asset(s) in package [/Game/ThirdPersonCPP/Blueprints/MMORPGHUD] ([1] browsable assets)...
[2018.11.01-14.57.20:338][ 46]OBJ SavePackage: Finished generating thumbnails for package [/Game/ThirdPersonCPP/Blueprints/MMORPGHUD]
[2018.11.01-14.57.20:370][ 46]LogSavePackage: Moving '../../../../../../Users/olive/Documents/Unreal Projects/GameCore/Saved/MMORPGHUD_Auto1375E725D491E08DBF5A199B3567FB61E.tmp' to '../../../../../../Users/olive/Documents/Unreal Projects/GameCore/Saved/Autosaves/Game/ThirdPersonCPP/Blueprints/MMORPGHUD_Auto1.uasset'
[2018.11.01-14.57.20:372][ 46]LogFileHelpers: Auto-saving content packages took 0.036
[2018.11.01-14.57.59:158][162]LogSlate: FSceneViewport::OnFocusLost() reason 2
[2018.11.01-14.58.25:433][271]LogSlate: Window 'Color Picker' being destroyed
[2018.11.01-14.58.37:008][773]LogSlate: Window 'Color Picker' being destroyed
[2018.11.01-14.59.47:911][932]LogSlate: Window 'Color Picker' being destroyed
[2018.11.01-15.00.44:051][347]LogSlate: Only BGRA pngs, bmps or icos are supported in by External Image Picker
[2018.11.01-15.00.44:094][348]LogTemp: Executing iPhonePackager certificates Engine -bundlename com.YourCompany.GameCore
[2018.11.01-15.00.44:094][348]LogTemp: CWD: C:\Program Files\Epic Games\UE_4.20\Engine\Binaries\DotNET\IOS
[2018.11.01-15.00.44:094][348]LogTemp: Initial Dir: C:\Program Files\Epic Games\UE_4.20
[2018.11.01-15.00.44:094][348]LogTemp: Env CWD: C:\Program Files\Epic Games\UE_4.20\Engine\Binaries\DotNET\IOS
[2018.11.01-15.00.44:094][348]LogTemp: BranchPath = LAPTOP-24L0JPUM/C/Program Files/Epic Games/UE_4.20/Engine/Binaries --- GameBranchPath = LAPTOP-24L0JPUM/C/Program Files/Epic Games/UE_4.20/Engine/Binaries
[2018.11.01-15.00.44:110][349]LogTemp: IPP ERROR: Could not find provision directory 'C:\Users\olive\AppData\Local/Apple Computer/MobileDevice/Provisioning Profiles/'.
[2018.11.01-15.01.52:516][781]LogSlate: Window 'Project Settings' being destroyed
[2018.11.01-15.01.52:531][781]LogSlate: Window 'Project Settings' being destroyed
[2018.11.01-15.02.37:679][245]LogAssetEditorManager: Opening Asset editor for Blueprint /Game/ThirdPersonCPP/Blueprints/ThirdPersonCharacter.ThirdPersonCharacter
[2018.11.01-15.07.20:844][ 42]LogFileHelpers: Editor autosave (incl. sublevels) for '/Game/ThirdPersonCPP/Maps/ThirdPersonExampleMap' took 0.029
[2018.11.01-15.07.20:845][ 42]OBJ SavePackage: Generating thumbnails for [1] asset(s) in package [/Game/ThirdPersonCPP/Blueprints/ThirdPersonCharacter] ([1] browsable assets)...
[2018.11.01-15.07.20:861][ 42]OBJ SavePackage:     Rendered thumbnail for [Blueprint /Game/ThirdPersonCPP/Blueprints/ThirdPersonCharacter.ThirdPersonCharacter]
[2018.11.01-15.07.20:861][ 42]OBJ SavePackage: Finished generating thumbnails for package [/Game/ThirdPersonCPP/Blueprints/ThirdPersonCharacter]
[2018.11.01-15.07.20:903][ 42]LogSavePackage: Moving '../../../../../../Users/olive/Documents/Unreal Projects/GameCore/Saved/ThirdPersonCharacter_Auto21A84B06C4314A030339D668C528ACF10.tmp' to '../../../../../../Users/olive/Documents/Unreal Projects/GameCore/Saved/Autosaves/Game/ThirdPersonCPP/Blueprints/ThirdPersonCharacter_Auto2.uasset'
[2018.11.01-15.07.20:905][ 42]OBJ SavePackage: Generating thumbnails for [0] asset(s) in package [/Game/ThirdPersonCPP/Blueprints/MMORPGHUD] ([1] browsable assets)...
[2018.11.01-15.07.20:905][ 42]OBJ SavePackage: Finished generating thumbnails for package [/Game/ThirdPersonCPP/Blueprints/MMORPGHUD]
[2018.11.01-15.07.20:932][ 42]LogSavePackage: Moving '../../../../../../Users/olive/Documents/Unreal Projects/GameCore/Saved/MMORPGHUD_Auto2805414E2426CB4AA2163ECA5A9CE59F0.tmp' to '../../../../../../Users/olive/Documents/Unreal Projects/GameCore/Saved/Autosaves/Game/ThirdPersonCPP/Blueprints/MMORPGHUD_Auto2.uasset'
[2018.11.01-15.07.20:934][ 42]LogFileHelpers: Auto-saving content packages took 0.089
