Log file open, 10/02/18 19:14:26
LogWindows: Failed to load 'aqProf.dll' (GetLastError=126)
LogWindows: File 'aqProf.dll' does not exist
LogWindows: Failed to load 'VSPerf140.dll' (GetLastError=126)
LogWindows: File 'VSPerf140.dll' does not exist
LogWindows: Failed to load 'VtuneApi.dll' (GetLastError=126)
LogWindows: File 'VtuneApi.dll' does not exist
LogWindows: Failed to load 'VtuneApi32e.dll' (GetLastError=126)
LogWindows: File 'VtuneApi32e.dll' does not exist
LogInit: Display: Running engine for game: GameCore
LogPlatformFile: Not using cached read wrapper
LogTaskGraph: Started task graph with 5 named threads and 35 total threads with 3 sets of task threads.
LogStats: Stats thread started at 0.388222
LogD3D11RHI: Loaded GFSDK_Aftermath_Lib.x64.dll
LogICUInternationalization: Display: ICU TimeZone Detection - Raw Offset: +1:00, Platform Override: ''
LogPluginManager: Mounting plugin Paper2D
LogPluginManager: Mounting plugin AISupport
LogPluginManager: Mounting plugin LightPropagationVolume
LogPluginManager: Mounting plugin CLionSourceCodeAccess
LogPluginManager: Mounting plugin CodeLiteSourceCodeAccess
LogPluginManager: Mounting plugin GitSourceControl
LogPluginManager: Mounting plugin KDevelopSourceCodeAccess
LogPluginManager: Mounting plugin NullSourceCodeAccess
LogPluginManager: Mounting plugin PerforceSourceControl
LogPluginManager: Mounting plugin SubversionSourceControl
LogPluginManager: Mounting plugin UObjectPlugin
LogPluginManager: Mounting plugin VisualStudioCodeSourceCodeAccess
LogPluginManager: Mounting plugin VisualStudioSourceCodeAccess
LogPluginManager: Mounting plugin XCodeSourceCodeAccess
LogPluginManager: Mounting plugin AssetManagerEditor
LogPluginManager: Mounting plugin CryptoKeys
LogPluginManager: Mounting plugin DataValidation
LogPluginManager: Mounting plugin FacialAnimation
LogPluginManager: Mounting plugin GameplayTagsEditor
LogPluginManager: Mounting plugin MacGraphicsSwitching
LogPluginManager: Mounting plugin MeshEditor
LogPluginManager: Mounting plugin MobileLauncherProfileWizard
LogPluginManager: Mounting plugin PluginBrowser
LogPluginManager: Mounting plugin SpeedTreeImporter
LogPluginManager: Mounting plugin DatasmithContent
LogPluginManager: Mounting plugin AlembicImporter
LogPluginManager: Mounting plugin AppleImageUtils
LogPluginManager: Mounting plugin AppleVision
LogPluginManager: Mounting plugin BackChannel
LogPluginManager: Mounting plugin CharacterAI
LogPluginManager: Mounting plugin GeometryCache
LogPluginManager: Mounting plugin HTML5Networking
LogPluginManager: Mounting plugin ProxyLODPlugin
LogPluginManager: Mounting plugin MagicLeap
LogPluginManager: Mounting plugin MagicLeapEmulator
LogPluginManager: Mounting plugin MagicLeapMedia
LogPluginManager: Mounting plugin AndroidMedia
LogPluginManager: Mounting plugin AvfMedia
LogPluginManager: Mounting plugin ImgMedia
LogPluginManager: Mounting plugin LinearTimecode
LogPluginManager: Mounting plugin MediaCompositing
LogPluginManager: Mounting plugin MediaPlayerEditor
LogPluginManager: Mounting plugin WmfMedia
LogPluginManager: Mounting plugin TcpMessaging
LogPluginManager: Mounting plugin UdpMessaging
LogPluginManager: Mounting plugin ActorSequence
LogPluginManager: Mounting plugin LevelSequenceEditor
LogPluginManager: Mounting plugin MatineeToLevelSequence
LogPluginManager: Mounting plugin NetcodeUnitTest
LogPluginManager: Mounting plugin NUTUnrealEngine4
LogPluginManager: Mounting plugin OnlineSubsystemGooglePlay
LogPluginManager: Mounting plugin OnlineSubsystemIOS
LogPluginManager: Mounting plugin OnlineSubsystem
LogPluginManager: Mounting plugin OnlineSubsystemNull
LogPluginManager: Mounting plugin OnlineSubsystemUtils
LogPluginManager: Mounting plugin LauncherChunkInstaller
LogPluginManager: Mounting plugin AndroidDeviceProfileSelector
LogPluginManager: Mounting plugin AndroidMoviePlayer
LogPluginManager: Mounting plugin AndroidPermission
LogPluginManager: Mounting plugin AppleMoviePlayer
LogPluginManager: Mounting plugin ArchVisCharacter
LogPluginManager: Mounting plugin AudioCapture
LogPluginManager: Mounting plugin CableComponent
LogPluginManager: Mounting plugin CustomMeshComponent
LogPluginManager: Mounting plugin EditableMesh
LogPluginManager: Mounting plugin ExampleDeviceProfileSelector
LogPluginManager: Mounting plugin GoogleCloudMessaging
LogPluginManager: Mounting plugin ImmediatePhysics
LogPluginManager: Mounting plugin IOSDeviceProfileSelector
LogPluginManager: Mounting plugin LinuxDeviceProfileSelector
LogPluginManager: Mounting plugin LocationServicesBPLibrary
LogPluginManager: Mounting plugin MobilePatchingUtils
LogPluginManager: Mounting plugin OculusVR
LogPluginManager: Plugin shader directory ../../../Engine/Plugins/Runtime/Oculus/OculusVR/Shaders found
LogPluginManager: Mapping shader source directory ../../../Engine/Plugins/Runtime/Oculus/OculusVR/Shaders to virtual directory /Plugin/OculusVR
LogPluginManager: Mounting plugin PhysXVehicles
LogPluginManager: Mounting plugin ProceduralMeshComponent
LogPluginManager: Mounting plugin RuntimePhysXCooking
LogPluginManager: Mounting plugin SteamVR
LogPluginManager: Mounting plugin WindowsMoviePlayer
LogStreaming: Display: Took  0.108s to configure plugins.
LogInit: Using libcurl 7.55.1-DEV
LogInit:  - built for x86_64-pc-win32
LogInit:  - supports SSL with OpenSSL/1.0.2h
LogInit:  - supports HTTP deflate (compression) using libz 1.2.8
LogInit:  - other features:
LogInit:      CURL_VERSION_SSL
LogInit:      CURL_VERSION_LIBZ
LogInit:      CURL_VERSION_IPV6
LogInit:      CURL_VERSION_ASYNCHDNS
LogInit:      CURL_VERSION_LARGEFILE
LogInit:      CURL_VERSION_IDN
LogInit:  CurlRequestOptions (configurable via config and command line):
LogInit:  - bVerifyPeer = false  - Libcurl will NOT verify peer certificate
LogInit:  - bUseHttpProxy = false  - Libcurl will NOT use HTTP proxy
LogInit:  - bDontReuseConnections = false  - Libcurl will reuse connections
LogInit:  - CertBundlePath = nullptr  - Libcurl will use whatever was configured at build time.
LogInit:  - MaxHostConnections = 16  - Libcurl will limit the number of connections to a host
LogInit:  - LocalHostAddr = Default
LogInit:  - BufferSize = 65536
LogInit: WinSock: version 1.1 (2.2), MaxSocks=32767, MaxUdp=65467
LogInit: Build: ++UE4+Release-4.20-CL-4369336
LogInit: Engine Version: 4.20.3-4369336+++UE4+Release-4.20
LogInit: Compatible Engine Version: 4.20.0-4212847+++UE4+Release-4.20
LogInit: Net CL: 4212847
LogInit: OS: Windows 10 (), CPU: Intel(R) Core(TM) i9-8950HK CPU @ 2.90GHz, GPU: Intel(R) UHD Graphics 630
LogInit: Compiled (64-bit): Sep 17 2018 12:26:19
LogInit: Compiled with Visual C++: 19.13.26129.00
LogInit: Build Configuration: Development
LogInit: Branch Name: ++UE4+Release-4.20
LogInit: Command Line: -EpicPortal 
LogInit: Base Directory: C:/Program Files/Epic Games/UE_4.20/Engine/Binaries/Win64/
LogInit: Installed Engine Build: 1
LogDevObjectVersion: Number of dev versions registered: 20
LogDevObjectVersion:   Dev-Blueprints (B0D832E4-1F89-4F0D-ACCF-7EB736FD4AA2): 10
LogDevObjectVersion:   Dev-Build (E1C64328-A22C-4D53-A36C-8E866417BD8C): 0
LogDevObjectVersion:   Dev-Core (375EC13C-06E4-48FB-B500-84F0262A717E): 2
LogDevObjectVersion:   Dev-Editor (E4B068ED-F494-42E9-A231-DA0B2E46BB41): 24
LogDevObjectVersion:   Dev-Framework (CFFC743F-43B0-4480-9391-14DF171D2073): 34
LogDevObjectVersion:   Dev-Mobile (B02B49B5-BB20-44E9-A304-32B752E40360): 2
LogDevObjectVersion:   Dev-Networking (A4E4105C-59A1-49B5-A7C5-40C4547EDFEE): 0
LogDevObjectVersion:   Dev-Online (39C831C9-5AE6-47DC-9A44-9C173E1C8E7C): 0
LogDevObjectVersion:   Dev-Physics (78F01B33-EBEA-4F98-B9B4-84EACCB95AA2): 0
LogDevObjectVersion:   Dev-Platform (6631380F-2D4D-43E0-8009-CF276956A95A): 0
LogDevObjectVersion:   Dev-Rendering (12F88B9F-8875-4AFC-A67C-D90C383ABD29): 26
LogDevObjectVersion:   Dev-Sequencer (7B5AE74C-D270-4C10-A958-57980B212A5A): 9
LogDevObjectVersion:   Dev-VR (D7296918-1DD6-4BDD-9DE2-64A83CC13884): 2
LogDevObjectVersion:   Dev-LoadTimes (C2A15278-BFE7-4AFE-6C17-90FF531DF755): 1
LogDevObjectVersion:   Private-Geometry (6EACA3D4-40EC-4CC1-B786-8BED09428FC5): 3
LogDevObjectVersion:   Dev-AnimPhys (29E575DD-E0A3-4627-9D10-D276232CDCEA): 17
LogDevObjectVersion:   Dev-ReflectionCapture (6B266CEC-1EC7-4B8F-A30B-E4D90942FC07): 1
LogDevObjectVersion:   Dev-Automation (0DF73D61-A23F-47EA-B727-89E90C41499A): 1
LogDevObjectVersion:   FortniteMain (601D1886-AC64-4F84-AA16-D3DE0DEAC7D6): 12
LogDevObjectVersion:   Dev-Enterprise (9DFFBCD6-494F-0158-E221-12823C92A888): 1
LogStreaming: Display: Took  0.000s to delete old logs.
LogInit: Presizing for max 8388607 objects, including 0 objects not considered by GC, pre-allocating 0 bytes for permanent pool.
LogInit: Object subsystem initialized
[2018.10.02-17.14.26:608][  0]LogInit: Selected Device Profile: [Windows]
[2018.10.02-17.14.26:608][  0]LogInit: Applying CVar settings loaded from the selected device profile: [Windows]
[2018.10.02-17.14.26:655][  0]LogHAL: Display: Platform has ~ 16 GB [17023909888 / 17179869184 / 16], which maps to Larger [LargestMinGB=32, LargerMinGB=12, DefaultMinGB=8, SmallerMinGB=6, SmallestMinGB=0)
[2018.10.02-17.14.26:655][  0]LogInit: Setting Device Profile CVar: [[r.Vulkan.UseRealUBs:1]]
[2018.10.02-17.14.26:655][  0]LogInit: Going up to parent DeviceProfile []
[2018.10.02-17.14.26:655][  0]LogInit: Computer: LAPTOP-24L0JPUM
[2018.10.02-17.14.26:655][  0]LogInit: User: olive
[2018.10.02-17.14.26:655][  0]LogInit: CPU Page size=4096, Cores=6
[2018.10.02-17.14.26:655][  0]LogInit: High frequency timer resolution =2.835934 MHz
[2018.10.02-17.14.26:655][  0]LogMemory: Memory total: Physical=15.9GB (16GB approx)
[2018.10.02-17.14.26:655][  0]LogMemory: Platform Memory Stats for Windows
[2018.10.02-17.14.26:655][  0]LogMemory: Process Physical Memory: 100.98 MB used, 100.98 MB peak
[2018.10.02-17.14.26:655][  0]LogMemory: Process Virtual Memory: 86.08 MB used, 86.08 MB peak
[2018.10.02-17.14.26:655][  0]LogMemory: Physical Memory: 4370.30 MB used,  11864.96 MB free, 16235.27 MB total
[2018.10.02-17.14.26:655][  0]LogMemory: Virtual Memory: 4657.29 MB used,  11864.96 MB free, 134217728.00 MB total
[2018.10.02-17.14.26:670][  0]LogInit: Using OS detected language (da-DK).
[2018.10.02-17.14.26:670][  0]LogInit: Using OS detected locale (da-DK).
[2018.10.02-17.14.26:671][  0]LogTextLocalizationManager: No localization for 'da-DK' exists, so 'en' will be used for the language.
[2018.10.02-17.14.26:956][  0]LogStreaming: Display: Took  0.286s to InitEngineTextLocalization.
[2018.10.02-17.14.26:957][  0]LogInit: Setting process to per monitor DPI aware
[2018.10.02-17.14.27:005][  0]LogSlate: New Slate User Created.  User Index 0, Is Virtual User: 0
[2018.10.02-17.14.27:005][  0]LogSlate: Slate User Registered.  User Index 0, Is Virtual User: 0
[2018.10.02-17.14.27:194][  0]LogHMD: Failed to initialize OpenVR with code 110
[2018.10.02-17.14.27:194][  0]LogD3D11RHI: D3D11 adapters:
[2018.10.02-17.14.27:251][  0]LogD3D11RHI:    0. 'NVIDIA GeForce GTX 1050 Ti' (Feature Level 11_0)
[2018.10.02-17.14.27:251][  0]LogD3D11RHI:       4018/0/8117 MB DedicatedVideo/DedicatedSystem/SharedSystem, Outputs:1, VendorId:0x10de
[2018.10.02-17.14.27:265][  0]LogD3D11RHI:    1. 'Intel(R) UHD Graphics 630' (Feature Level 11_0)
[2018.10.02-17.14.27:265][  0]LogD3D11RHI:       128/0/8117 MB DedicatedVideo/DedicatedSystem/SharedSystem, Outputs:0, VendorId:0x8086
[2018.10.02-17.14.27:267][  0]LogD3D11RHI:    2. 'Microsoft Basic Render Driver' (Feature Level 11_0)
[2018.10.02-17.14.27:267][  0]LogD3D11RHI:       0/0/8117 MB DedicatedVideo/DedicatedSystem/SharedSystem, Outputs:0, VendorId:0x1414
[2018.10.02-17.14.27:269][  0]LogD3D11RHI:    3. 'Microsoft Basic Render Driver' (Feature Level 11_0)
[2018.10.02-17.14.27:269][  0]LogD3D11RHI:       0/0/8117 MB DedicatedVideo/DedicatedSystem/SharedSystem, Outputs:0, VendorId:0x1414
[2018.10.02-17.14.27:269][  0]LogD3D11RHI: Chosen D3D11 Adapter: 0
[2018.10.02-17.14.27:292][  0]LogD3D11RHI: Creating new Direct3DDevice
[2018.10.02-17.14.27:293][  0]LogD3D11RHI:     GPU DeviceId: 0x1c8c (for the marketing name, search the web for "GPU Device Id")
[2018.10.02-17.14.27:293][  0]LogWindows: EnumDisplayDevices:
[2018.10.02-17.14.27:293][  0]LogWindows:    0. 'Intel(R) UHD Graphics 630' (P:1 D:1)
[2018.10.02-17.14.27:293][  0]LogWindows:    1. 'Intel(R) UHD Graphics 630' (P:0 D:0)
[2018.10.02-17.14.27:293][  0]LogWindows:    2. 'Intel(R) UHD Graphics 630' (P:0 D:0)
[2018.10.02-17.14.27:293][  0]LogWindows:    3. 'NVIDIA GeForce GTX 1050 Ti' (P:0 D:0)
[2018.10.02-17.14.27:293][  0]LogWindows:    4. 'NVIDIA GeForce GTX 1050 Ti' (P:0 D:0)
[2018.10.02-17.14.27:294][  0]LogWindows:    5. 'Asus ScreenPad Display' (P:0 D:0)
[2018.10.02-17.14.27:294][  0]LogWindows: DebugString: PrimaryIsNotTheChoosenAdapter PrimaryIsNotTheChoosenAdapter PrimaryIsNotTheChoosenAdapter GetVideoDriverDetailsInvalid PrimaryIsNotTheChoosenAdapter FoundDriverCount:2 
[2018.10.02-17.14.27:294][  0]LogD3D11RHI:     Adapter Name: NVIDIA GeForce GTX 1050 Ti
[2018.10.02-17.14.27:294][  0]LogD3D11RHI:   Driver Version: 398.36 (internal:24.21.13.9836, unified:398.36)
[2018.10.02-17.14.27:294][  0]LogD3D11RHI:      Driver Date: 6-24-2018
[2018.10.02-17.14.27:294][  0]LogRHI: Texture pool is 2812 MB (70% of 4018 MB)
[2018.10.02-17.14.27:330][  0]LogD3D11RHI: Async texture creation enabled
[2018.10.02-17.14.27:361][  0]LogD3D11RHI: GPU Timing Frequency: 1000.000000 (Debug: 2 2)
[2018.10.02-17.14.27:362][  0]LogShaderCompilers: Guid format shader working directory is -19 characters bigger than the processId version (../../../../../../Users/olive/Documents/Unreal Projects/GameCore/Intermediate/Shaders/WorkingDirectory/12648/).
[2018.10.02-17.14.27:362][  0]LogShaderCompilers: Cleaned the shader compiler working directory 'C:/Users/olive/AppData/Local/Temp/UnrealShaderWorkingDir/9906FCC240DE710F121B0499CBDEEF37/'.
[2018.10.02-17.14.27:579][  0]LogTemp: Display: Loaded TP AllDesktopTargetPlatform
[2018.10.02-17.14.27:590][  0]LogTemp: Display: Loaded TP MacClientTargetPlatform
[2018.10.02-17.14.27:600][  0]LogTemp: Display: Loaded TP MacNoEditorTargetPlatform
[2018.10.02-17.14.27:610][  0]LogTemp: Display: Loaded TP MacServerTargetPlatform
[2018.10.02-17.14.27:621][  0]LogTemp: Display: Loaded TP MacTargetPlatform
[2018.10.02-17.14.27:631][  0]LogTemp: Display: Loaded TP WindowsClientTargetPlatform
[2018.10.02-17.14.27:641][  0]LogTemp: Display: Loaded TP WindowsNoEditorTargetPlatform
[2018.10.02-17.14.27:651][  0]LogTemp: Display: Loaded TP WindowsServerTargetPlatform
[2018.10.02-17.14.27:656][  0]LogTemp: Display: Loaded TP WindowsTargetPlatform
[2018.10.02-17.14.27:715][  0]LogTemp: Display: Loaded TP AndroidTargetPlatform
[2018.10.02-17.14.27:715][  0]LogTemp: Display: Loaded TP AndroidTargetPlatform
[2018.10.02-17.14.27:715][  0]LogTemp: Display: Loaded TP AndroidTargetPlatform
[2018.10.02-17.14.27:715][  0]LogTemp: Display: Loaded TP AndroidTargetPlatform
[2018.10.02-17.14.27:715][  0]LogTemp: Display: Loaded TP AndroidTargetPlatform
[2018.10.02-17.14.27:715][  0]LogTemp: Display: Loaded TP AndroidTargetPlatform
[2018.10.02-17.14.27:715][  0]LogTemp: Display: Loaded TP AndroidTargetPlatform
[2018.10.02-17.14.27:715][  0]LogTemp: Display: Loaded TP AndroidTargetPlatform
[2018.10.02-17.14.27:715][  0]LogTemp: Display: Loaded TP AndroidTargetPlatform
[2018.10.02-17.14.27:715][  0]LogTemp: Display: Loaded TP AndroidTargetPlatform
[2018.10.02-17.14.27:715][  0]LogTemp: Display: Loaded TP AndroidTargetPlatform
[2018.10.02-17.14.27:715][  0]LogTemp: Display: Loaded TP AndroidTargetPlatform
[2018.10.02-17.14.27:715][  0]LogTemp: Display: Loaded TP AndroidTargetPlatform
[2018.10.02-17.14.27:715][  0]LogTemp: Display: Loaded TP AndroidTargetPlatform
[2018.10.02-17.14.27:715][  0]LogTemp: Display: Loaded TP AndroidTargetPlatform
[2018.10.02-17.14.27:715][  0]LogTemp: Display: Loaded TP AndroidTargetPlatform
[2018.10.02-17.14.27:715][  0]LogTemp: Display: Loaded TP AndroidTargetPlatform
[2018.10.02-17.14.27:715][  0]LogTemp: Display: Loaded TP AndroidTargetPlatform
[2018.10.02-17.14.27:716][  0]LogTemp: Display: Loaded TP HTML5TargetPlatform
[2018.10.02-17.14.27:773][  0]LogTemp: Display: Loaded TP IOSTargetPlatform
[2018.10.02-17.14.27:773][  0]LogTemp: Display: Loaded TP IOSTargetPlatform
[2018.10.02-17.14.27:793][  0]LogTemp: Display: Loaded TP TVOSTargetPlatform
[2018.10.02-17.14.27:793][  0]LogTemp: Display: Loaded TP TVOSTargetPlatform
[2018.10.02-17.14.27:803][  0]LogTemp: Display: Loaded TP LinuxClientTargetPlatform
[2018.10.02-17.14.27:813][  0]LogTemp: Display: Loaded TP LinuxNoEditorTargetPlatform
[2018.10.02-17.14.27:823][  0]LogTemp: Display: Loaded TP LinuxServerTargetPlatform
[2018.10.02-17.14.27:833][  0]LogTemp: Display: Loaded TP LinuxTargetPlatform
[2018.10.02-17.14.27:840][  0]LogTemp: Display: Loaded TP LuminTargetPlatform
[2018.10.02-17.14.27:840][  0]LogTargetPlatformManager: Display: Building Assets For Windows
[2018.10.02-17.14.27:887][  0]LogXGEController: Cannot use XGE Controller as Incredibuild is not installed on this machine.
[2018.10.02-17.14.27:887][  0]LogShaderCompilers: Cannot use XGE Shader Compiler as Incredibuild is not installed on this machine.
[2018.10.02-17.14.27:887][  0]LogShaderCompilers: Display: Using Local Shader Compiler.
[2018.10.02-17.14.28:447][  0]LogDerivedDataCache: Display: Max Cache Size: 512 MB
[2018.10.02-17.14.28:491][  0]LogDerivedDataCache: Loaded boot cache 0.04s 73MB C:/Users/olive/AppData/Local/UnrealEngine/4.20/DerivedDataCache/Boot.ddc.
[2018.10.02-17.14.28:491][  0]LogDerivedDataCache: Display: Loaded Boot cache: C:/Users/olive/AppData/Local/UnrealEngine/4.20/DerivedDataCache/Boot.ddc
[2018.10.02-17.14.28:491][  0]LogDerivedDataCache: FDerivedDataBackendGraph:  Pak pak cache file ../../../../../../Users/olive/Documents/Unreal Projects/GameCore/DerivedDataCache/DDC.ddp not found, will not use a pak cache.
[2018.10.02-17.14.28:491][  0]LogDerivedDataCache: Unable to find inner node Pak for hierarchical cache Hierarchy.
[2018.10.02-17.14.28:491][  0]LogDerivedDataCache: FDerivedDataBackendGraph:  CompressedPak pak cache file ../../../../../../Users/olive/Documents/Unreal Projects/GameCore/DerivedDataCache/Compressed.ddp not found, will not use a pak cache.
[2018.10.02-17.14.28:491][  0]LogDerivedDataCache: Unable to find inner node CompressedPak for hierarchical cache Hierarchy.
[2018.10.02-17.14.28:501][  0]LogDerivedDataCache: Display: Pak cache opened for reading ../../../Engine/DerivedDataCache/Compressed.ddp.
[2018.10.02-17.14.28:514][  0]LogDerivedDataCache: Using Local data cache path C:/Users/olive/AppData/Local/UnrealEngine/Common/DerivedDataCache: Writable
[2018.10.02-17.14.28:514][  0]LogDerivedDataCache: Shared data cache path not found in *engine.ini, will not use an Shared cache.
[2018.10.02-17.14.28:514][  0]LogDerivedDataCache: Unable to find inner node Shared for hierarchical cache Hierarchy.
[2018.10.02-17.14.28:528][  0]LogMaterial: Verifying Global Shaders for PCD3D_SM5
[2018.10.02-17.14.28:529][  0]LogSlate: Using FreeType 2.6.0
[2018.10.02-17.14.28:529][  0]LogSlate: SlateFontServices - WITH_FREETYPE: 1, WITH_HARFBUZZ: 1
[2018.10.02-17.14.28:589][  0]LogAssetRegistry: FAssetRegistry took 0.0246 seconds to start up
[2018.10.02-17.14.28:828][  0]LogInit: Selected Device Profile: [Windows]
[2018.10.02-17.14.28:932][  0]LogSimplygon: Simplygon DLL not present - disabling.
[2018.10.02-17.14.28:935][  0]LogMeshReduction: Using SimplygonSwarm for distributed automatic mesh merging
[2018.10.02-17.14.28:936][  0]LogMeshReduction: Using ProxyLODMeshReduction for automatic mesh merging
[2018.10.02-17.14.28:936][  0]LogMeshReduction: Using QuadricMeshReduction for automatic static mesh reduction
[2018.10.02-17.14.28:936][  0]LogMeshReduction: No automatic skeletal mesh reduction module available
[2018.10.02-17.14.28:952][  0]LogNetVersion: GameCore 1.0.0, NetCL: 4212847, EngineNetVer: 5, GameNetVer: 0 (Checksum: 648851774)
[2018.10.02-17.14.29:352][  0]LogPackageLocalizationCache: Processed 11 localized package path(s) for 1 prioritized culture(s) in 0.046954 seconds
[2018.10.02-17.14.29:357][  0]LogUObjectArray: 38425 objects as part of root set at end of initial load.
[2018.10.02-17.14.29:357][  0]LogUObjectAllocator: 6690864 out of 0 bytes used by permanent object pool.
[2018.10.02-17.14.29:357][  0]LogUObjectArray: CloseDisregardForGC: 0/0 objects in disregard for GC pool
[2018.10.02-17.14.30:026][  0]LogTcpMessaging: Initializing TcpMessaging bridge
[2018.10.02-17.14.30:039][  0]LogUdpMessaging: Initializing bridge on interface 0.0.0.0:0 to multicast group 230.0.0.1:6666.
[2018.10.02-17.14.30:357][  0]SourceControl: Source control is disabled
[2018.10.02-17.14.30:357][  0]SourceControl: Source control is disabled
[2018.10.02-17.14.30:358][  0]SourceControl: Source control is disabled
[2018.10.02-17.14.30:359][  0]SourceControl: Source control is disabled
[2018.10.02-17.14.30:507][  0]LogAndroidPermission: UAndroidPermissionCallbackProxy::GetInstance
[2018.10.02-17.14.30:542][  0]LogOcInput: OculusInput pre-init called
[2018.10.02-17.14.30:590][  0]LogEngine: Initializing Engine...
[2018.10.02-17.14.30:590][  0]LogHMD: Failed to initialize OpenVR with code 110
[2018.10.02-17.14.30:591][  0]LogStats: UGameplayTagsManager::ConstructGameplayTagTree: ImportINI prefixes -  0.000 s
[2018.10.02-17.14.30:591][  0]LogStats: UGameplayTagsManager::ConstructGameplayTagTree: Construct from data asset -  0.000 s
[2018.10.02-17.14.30:591][  0]LogStats: UGameplayTagsManager::ConstructGameplayTagTree: ImportINI -  0.000 s
[2018.10.02-17.14.30:591][  0]LogStats: UGameplayTagsManager::ConstructGameplayTagTree: GameplayTagTreeChangedEvent.Broadcast -  0.000 s
[2018.10.02-17.14.30:763][  0]LogInit: Initializing FReadOnlyCVARCache
[2018.10.02-17.14.30:774][  0]LogAIModule: Creating AISystem for world Untitled
[2018.10.02-17.14.30:780][  0]LogInit: XAudio2 using 'Speakers (Realtek(R) Audio)' : 2 channels at 48 kHz using 32 bits per sample (channel mask 0x3)
[2018.10.02-17.14.30:999][  0]LogInit: FAudioDevice initialized.
[2018.10.02-17.14.30:999][  0]LogNetVersion: Set ProjectVersion to 1.0.0.0. Version Checksum will be recalculated on next use.
[2018.10.02-17.14.31:060][  0]LogDerivedDataCache: Saved boot cache 0.06s 73MB C:/Users/olive/AppData/Local/UnrealEngine/4.20/DerivedDataCache/Boot.ddc.
[2018.10.02-17.14.31:070][  0]LogInit: Texture streaming: Enabled
[2018.10.02-17.14.31:084][  0]LogEngineSessionManager: EngineSessionManager initialized
[2018.10.02-17.14.31:094][  0]LogInit: Transaction tracking system initialized
[2018.10.02-17.14.31:114][  0]BlueprintLog: New page: Editor Load
[2018.10.02-17.14.31:203][  0]LocalizationService: Localization service is disabled
[2018.10.02-17.14.31:441][  0]LogCook: Display: Max memory allowance for cook 16384mb min free memory 0mb
[2018.10.02-17.14.31:441][  0]LogCook: Display: Mobile HDR setting 1
[2018.10.02-17.14.31:441][  0]LogGameplayTags: Display: UGameplayTagsManager::DoneAddingNativeTags. DelegateIsBound: 0
[2018.10.02-17.14.31:441][  0]LogStats: UGameplayTagsManager::ConstructGameplayTagTree: ImportINI prefixes -  0.000 s
[2018.10.02-17.14.31:441][  0]LogStats: UGameplayTagsManager::ConstructGameplayTagTree: Construct from data asset -  0.000 s
[2018.10.02-17.14.31:441][  0]LogStats: UGameplayTagsManager::ConstructGameplayTagTree: ImportINI -  0.000 s
[2018.10.02-17.14.31:441][  0]LogStats: UGameplayTagsManager::ConstructGameplayTagTree: GameplayTagTreeChangedEvent.Broadcast -  0.000 s
[2018.10.02-17.14.31:748][  0]LogFileCache: Scanning file cache for directory 'C:/Users/olive/Documents/Unreal Projects/GameCore/Content/' took 0.02s
[2018.10.02-17.14.31:772][  0]SourceControl: Source control is disabled
[2018.10.02-17.14.31:773][  0]Cmd: MAP LOAD FILE="../../../../../../Users/olive/Documents/Unreal Projects/GameCore/Content/ThirdPersonCPP/Maps/ThirdPersonExampleMap.umap" TEMPLATE=0 SHOWPROGRESS=1 FEATURELEVEL=3
[2018.10.02-17.14.31:774][  0]LightingResults: New page: Lighting Build
[2018.10.02-17.14.31:785][  0]MapCheck: New page: Map Check
[2018.10.02-17.14.31:786][  0]LightingResults: New page: Lighting Build
[2018.10.02-17.14.32:767][  0]LogAIModule: Creating AISystem for world ThirdPersonExampleMap
[2018.10.02-17.14.32:842][  0]LogEditorServer: Finished looking for orphan Actors (0.000 secs)
[2018.10.02-17.14.32:947][  0]Cmd: MAP CHECKDEP NOCLEARLOG
[2018.10.02-17.14.33:253][  0]MapCheck: Map check complete: 0 Error(s), 0 Warning(s), took 304,96ms to complete.
[2018.10.02-17.14.33:253][  0]LogFileHelpers: Loading map 'ThirdPersonExampleMap' took 1.480
[2018.10.02-17.14.33:656][  0]LogSlate: Updating window title bar state: overlay mode, drag disabled, window buttons hidden, title bar hidden
[2018.10.02-17.14.33:685][  0]LogSlate: Updating window title bar state: overlay mode, drag disabled, window buttons hidden, title bar hidden
[2018.10.02-17.14.33:713][  0]LogSlate: Updating window title bar state: overlay mode, drag disabled, window buttons hidden, title bar hidden
[2018.10.02-17.14.33:741][  0]LogSlate: Updating window title bar state: overlay mode, drag disabled, window buttons hidden, title bar hidden
[2018.10.02-17.14.33:781][  0]LogCollectionManager: Loaded 0 collections in 0.007580 seconds
[2018.10.02-17.14.33:858][  0]LogFileCache: Scanning file cache for directory 'C:/Users/olive/Documents/Unreal Projects/GameCore/Saved/Collections/' took 0.01s
[2018.10.02-17.14.33:858][  0]LogFileCache: Scanning file cache for directory 'C:/Users/olive/Documents/Unreal Projects/GameCore/Content/Developers/olive/Collections/' took 0.01s
[2018.10.02-17.14.33:858][  0]LogFileCache: Scanning file cache for directory 'C:/Users/olive/Documents/Unreal Projects/GameCore/Content/Collections/' took 0.01s
[2018.10.02-17.14.33:858][  0]LogCollectionManager: Rebuilt the GUID cache for 0 collections in 0.000001 seconds
[2018.10.02-17.14.33:894][  0]LogContentBrowser: Native class hierarchy populated in 0.0348 seconds. Added 2574 classes and 605 folders.
[2018.10.02-17.14.33:922][  0]LogContentBrowser: Native class hierarchy updated for 'WidgetCarousel' in 0.0012 seconds. Added 0 classes and 0 folders.
[2018.10.02-17.14.35:211][  0]LogContentBrowser: Native class hierarchy updated for 'AddContentDialog' in 0.0013 seconds. Added 0 classes and 0 folders.
[2018.10.02-17.14.35:264][  0]LogContentBrowser: Native class hierarchy updated for 'SceneOutliner' in 0.0013 seconds. Added 1 classes and 2 folders.
[2018.10.02-17.14.35:357][  0]LogSlate: Took 0.000712 seconds to synchronously load lazily loaded font '../../../Engine/Content/Slate/Fonts/Roboto-Regular.ttf' (155K)
[2018.10.02-17.14.35:364][  0]LogSlate: Took 0.000541 seconds to synchronously load lazily loaded font '../../../Engine/Content/Slate/Fonts/Roboto-Bold.ttf' (160K)
[2018.10.02-17.14.35:411][  0]LogSlate: Took 0.020482 seconds to synchronously load lazily loaded font '../../../Engine/Content/Editor/Slate/Fonts/FontAwesome.ttf' (139K)
[2018.10.02-17.14.35:879][  0]LogRenderer: Reallocating scene render targets to support 964x436 Format 10 NumSamples 1 (Frame:1).
[2018.10.02-17.14.36:364][  0]LogContentBrowser: Native class hierarchy updated for 'HierarchicalLODOutliner' in 0.0013 seconds. Added 0 classes and 0 folders.
[2018.10.02-17.14.36:364][  0]LogLoad: (Engine Initialization) Total time: 11.58 seconds
[2018.10.02-17.14.36:365][  0]LogLoad: (Engine Initialization) Total Blueprint compile time: 0.00 seconds
[2018.10.02-17.14.36:387][  0]LogWindowsTextInputMethodSystem: Display: IME system now deactivated.
[2018.10.02-17.14.36:422][  0]LogContentStreaming: Texture pool size now 1000 MB
[2018.10.02-17.14.36:497][  1]LogAssetRegistry: Asset discovery search completed in 7.9295 seconds
[2018.10.02-17.14.36:498][  1]LogCollectionManager: Rebuilt the object cache for 0 collections in 0.000000 seconds (found 0 objects)
[2018.10.02-17.14.36:498][  1]LogCollectionManager: Fixed up redirectors for 0 collections in 0.000035 seconds (updated 0 objects)
[2018.10.02-17.14.46:689][593]LogSlate: FSceneViewport::OnFocusLost() reason 0
[2018.10.02-17.14.58:848][299]LogSlate: Took 0.016388 seconds to synchronously load lazily loaded font '../../../Engine/Content/Slate/Fonts/Roboto-Light.ttf' (167K)
[2018.10.02-17.15.01:873][299]LogAIModule: Creating AISystem for world Overview
[2018.10.02-17.15.02:084][299]LogAssetEditorManager: Opening Asset editor for World /Game/GrassMountains/Maps/Overview/Overview.Overview
[2018.10.02-17.15.02:109][299]Cmd: MAP LOAD FILE="../../../../../../Users/olive/Documents/Unreal Projects/GameCore/Content/GrassMountains/Maps/Overview/Overview.umap" TEMPLATE=0 SHOWPROGRESS=1 FEATURELEVEL=3
[2018.10.02-17.15.02:109][299]LightingResults: New page: Lighting Build
[2018.10.02-17.15.02:109][299]LoadErrors: New page: Loading map: Overview.umap
[2018.10.02-17.15.02:110][299]MapCheck: New page: Map Check
[2018.10.02-17.15.02:110][299]LightingResults: New page: Lighting Build
[2018.10.02-17.15.12:409][299]LogEditorServer: Finished looking for orphan Actors (0.000 secs)
[2018.10.02-17.15.12:446][299]Cmd: MAP CHECKDEP NOCLEARLOG
[2018.10.02-17.15.12:517][299]MapCheck: Map check complete: 0 Error(s), 0 Warning(s), took 71,087ms to complete.
[2018.10.02-17.15.12:517][299]LogFileHelpers: Loading map 'Overview' took 10.409
[2018.10.02-17.15.45:317][ 12]LogRenderer: Reallocating scene render targets to support 964x488 Format 10 NumSamples 1 (Frame:1).
[2018.10.02-17.15.54:491][390]LogSkeletalMesh: Building Skeletal Mesh YoungDragon_HeadB...
[2018.10.02-17.15.54:544][390]LogSkeletalMesh: Built Skeletal Mesh [0.05s] /Game/SFB_YoungDragons/Meshes/YoungDragon_HeadB.YoungDragon_HeadB
[2018.10.02-17.15.54:550][390]LogAnimationCompression: Building Anim DDC data for AnimSequence /Game/SFB_YoungDragons/Animations/YoungDragon_Rig+Anim_Anim_Death.YoungDragon_Rig+Anim_Anim_Death
[2018.10.02-17.15.54:551][390]LogAnimationCompression: Recompressing (AnimSequence /Game/SFB_YoungDragons/Animations/YoungDragon_Rig+Anim_Anim_Death.YoungDragon_Rig+Anim_Anim_Death) using current/default (AnimCompress_BitwiseCompressOnly_0) bFirstRecompressUsingCurrentOrDefault(1) bTryAlternateCompressor(0) IsCompressedDataValid(0)
[2018.10.02-17.16.04:507][390]LogTexture: Display: Building textures: YoungDragons_HeadB_M_MetallicSmoothness (AutoDXT, 4096X4096)
[2018.10.02-17.16.04:507][390]LogTexture: Display: Building textures: YoungDragons_Black_HeadB_M_AlbedoTransparency (AutoDXT, 4096X4096)
[2018.10.02-17.16.04:507][390]LogTexture: Display: Building textures: YoungDragons_HeadB_M_Normal (BC5, 4096X4096)
[2018.10.02-17.16.04:508][390]LogMaterial: Display: Missing cached shader map for material YoungDragons_HeadB_Black, compiling. 
[2018.10.02-17.16.04:988][390]LogSkeletalMesh: Building Skeletal Mesh YoungDragon_TailB...
[2018.10.02-17.16.05:003][390]LogShaderCompilers: Display: Shaders left to compile 60
[2018.10.02-17.16.05:003][390]LogShaderCompilers: Display: Shaders left to compile 50
[2018.10.02-17.16.05:003][390]LogShaderCompilers: Display: Shaders left to compile 40
[2018.10.02-17.16.05:003][390]LogShaderCompilers: Display: Shaders left to compile 30
[2018.10.02-17.16.05:003][390]LogShaderCompilers: Display: Shaders left to compile 20
[2018.10.02-17.16.05:003][390]LogShaderCompilers: Display: Shaders left to compile 10
[2018.10.02-17.16.05:003][390]LogSkeletalMesh: Built Skeletal Mesh [0.01s] /Game/SFB_YoungDragons/Meshes/YoungDragon_TailB.YoungDragon_TailB
[2018.10.02-17.16.05:010][390]LogMaterial: Display: Missing cached shader map for material HeadB1, compiling. 
[2018.10.02-17.16.05:132][390]LogMaterial: Display: Missing cached shader map for material Body1, compiling. 
[2018.10.02-17.16.05:248][390]LogMaterial: Display: Missing cached shader map for material BackFeatures4, compiling. 
[2018.10.02-17.16.05:389][390]LogShaderCompilers: Display: Shaders left to compile 120
[2018.10.02-17.16.05:389][390]LogShaderCompilers: Display: Shaders left to compile 110
[2018.10.02-17.16.05:389][390]LogSkeletalMesh: Building Skeletal Mesh YoungDragon_Carapace...
[2018.10.02-17.16.05:419][390]LogSkeletalMesh: Built Skeletal Mesh [0.03s] /Game/SFB_YoungDragons/Meshes/YoungDragon_Carapace.YoungDragon_Carapace
[2018.10.02-17.16.16:002][390]LogShaderCompilers: Display: Shaders left to compile 160
[2018.10.02-17.16.16:002][390]LogShaderCompilers: Display: Shaders left to compile 150
[2018.10.02-17.16.16:002][390]LogShaderCompilers: Display: Shaders left to compile 140
[2018.10.02-17.16.16:002][390]LogShaderCompilers: Display: Shaders left to compile 130
[2018.10.02-17.16.16:002][390]LogShaderCompilers: Display: Shaders left to compile 120
[2018.10.02-17.16.16:002][390]LogShaderCompilers: Display: Shaders left to compile 110
[2018.10.02-17.16.16:003][390]LogShaderCompilers: Display: Shaders left to compile 100
[2018.10.02-17.16.16:003][390]LogShaderCompilers: Display: Shaders left to compile 90
[2018.10.02-17.16.16:003][390]LogShaderCompilers: Display: Shaders left to compile 80
[2018.10.02-17.16.16:003][390]LogShaderCompilers: Display: Shaders left to compile 70
[2018.10.02-17.16.16:456][391]LogShaderCompilers: Display: Shaders left to compile 60
[2018.10.02-17.16.16:633][399]LogShaderCompilers: Display: Shaders left to compile 50
[2018.10.02-17.16.17:336][426]LogShaderCompilers: Display: Shaders left to compile 40
[2018.10.02-17.16.17:649][435]LogShaderCompilers: Display: Shaders left to compile 30
[2018.10.02-17.16.20:558][523]LogShaderCompilers: Display: Shaders left to compile 20
[2018.10.02-17.16.20:593][524]LogShaderCompilers: Display: Shaders left to compile 10
[2018.10.02-17.16.20:721][526]LogSlate: FSceneViewport::OnFocusLost() reason 0
[2018.10.02-17.16.48:025][470]LogSlate: FSceneViewport::OnFocusLost() reason 0
[2018.10.02-17.16.48:499][479]LogSkeletalMesh: Building Skeletal Mesh YoungDragon_HeadC...
[2018.10.02-17.16.48:545][479]LogSkeletalMesh: Built Skeletal Mesh [0.05s] /Game/SFB_YoungDragons/Meshes/YoungDragon_HeadC.YoungDragon_HeadC
[2018.10.02-17.16.48:554][479]LogMaterial: Display: Missing cached shader map for material BackFeatures3, compiling. 
[2018.10.02-17.16.48:674][479]LogSkeletalMesh: Building Skeletal Mesh YoungDragon_Fins...
[2018.10.02-17.16.48:709][479]LogShaderCompilers: Display: Shaders left to compile 60
[2018.10.02-17.16.48:710][479]LogShaderCompilers: Display: Shaders left to compile 50
[2018.10.02-17.16.48:710][479]LogShaderCompilers: Display: Shaders left to compile 40
[2018.10.02-17.16.48:710][479]LogShaderCompilers: Display: Shaders left to compile 30
[2018.10.02-17.16.48:710][479]LogShaderCompilers: Display: Shaders left to compile 20
[2018.10.02-17.16.48:710][479]LogShaderCompilers: Display: Shaders left to compile 10
[2018.10.02-17.16.48:710][479]LogSkeletalMesh: Built Skeletal Mesh [0.04s] /Game/SFB_YoungDragons/Meshes/YoungDragon_Fins.YoungDragon_Fins
[2018.10.02-17.16.48:719][479]LogMaterial: Display: Missing cached shader map for material HeadC1, compiling. 
[2018.10.02-17.17.13:873][479]LogShaderCompilers: Display: Shaders left to compile 60
[2018.10.02-17.17.13:873][479]LogShaderCompilers: Display: Shaders left to compile 50
[2018.10.02-17.17.13:873][479]LogTexture: Display: Building textures: YoungDragons_HeadC_M_MetallicSmoothness (AutoDXT, 4096X4096)
[2018.10.02-17.17.13:873][479]LogTexture: Display: Building textures: YoungDragons_HeadA_M_AlbedoTransparency (AutoDXT, 4096X4096)
[2018.10.02-17.17.13:873][479]LogTexture: Display: Building textures: YoungDragons_HeadB_M_AlbedoTransparency (AutoDXT, 4096X4096)
[2018.10.02-17.17.13:873][479]LogTexture: Display: Building textures: YoungDragons_HeadC_M_Normal (BC5, 4096X4096)
[2018.10.02-17.17.13:873][479]LogShaderCompilers: Display: Shaders left to compile 40
[2018.10.02-17.17.13:873][479]LogTexture: Display: Building textures: YoungDragons_HeadC_M_AlbedoTransparency (AutoDXT, 4096X4096)
[2018.10.02-17.17.13:873][479]LogTexture: Display: Building textures: YoungDragons_BackFeatures_AlbedoTransparency (AutoDXT, 4096X4096)
[2018.10.02-17.17.13:873][479]LogShaderCompilers: Display: Shaders left to compile 30
[2018.10.02-17.17.13:873][479]LogShaderCompilers: Display: Shaders left to compile 20
[2018.10.02-17.17.13:873][479]LogShaderCompilers: Display: Shaders left to compile 10
[2018.10.02-17.17.13:873][479]LogMaterial: Display: Missing cached shader map for material YoungDragons_BackFeatures_Red, compiling. 
[2018.10.02-17.17.13:923][479]LogAnimationCompression: Building Anim DDC data for AnimSequence /Game/SFB_YoungDragons/Animations/YoungDragon_Rig+Anim_Anim_Attack02.YoungDragon_Rig+Anim_Anim_Attack02
[2018.10.02-17.17.13:923][479]LogAnimationCompression: Recompressing (AnimSequence /Game/SFB_YoungDragons/Animations/YoungDragon_Rig+Anim_Anim_Attack02.YoungDragon_Rig+Anim_Anim_Attack02) using current/default (AnimCompress_BitwiseCompressOnly_0) bFirstRecompressUsingCurrentOrDefault(1) bTryAlternateCompressor(0) IsCompressedDataValid(0)
[2018.10.02-17.17.13:926][479]LogShaderCompilers: Display: Shaders left to compile 60
[2018.10.02-17.17.13:927][479]LogShaderCompilers: Display: Shaders left to compile 50
[2018.10.02-17.17.13:927][479]LogShaderCompilers: Display: Shaders left to compile 40
[2018.10.02-17.17.13:927][479]LogShaderCompilers: Display: Shaders left to compile 30
[2018.10.02-17.17.13:927][479]LogShaderCompilers: Display: Shaders left to compile 20
[2018.10.02-17.17.13:927][479]LogShaderCompilers: Display: Shaders left to compile 10
[2018.10.02-17.17.13:927][479]LogMaterial: Display: Missing cached shader map for material YoungDragons_BodyTail_Red, compiling. 
[2018.10.02-17.17.13:954][479]LogMaterial: Display: Missing cached shader map for material YoungDragons_HeadA_Red, compiling. 
[2018.10.02-17.17.13:995][479]LogShaderCompilers: Display: Shaders left to compile 60
[2018.10.02-17.17.13:995][479]LogShaderCompilers: Display: Shaders left to compile 50
[2018.10.02-17.17.13:995][479]LogMaterial: Display: Missing cached shader map for material YoungDragons_HeadC_Red, compiling. 
[2018.10.02-17.17.14:038][479]LogMaterial: Display: Missing cached shader map for material YoungDragons_HeadB_Red, compiling. 
[2018.10.02-17.17.18:008][597]LogShaderCompilers: Display: Shaders left to compile 220
[2018.10.02-17.17.18:515][603]LogShaderCompilers: Display: Shaders left to compile 210
[2018.10.02-17.17.20:380][630]LogShaderCompilers: Display: Shaders left to compile 200
[2018.10.02-17.17.20:538][632]LogShaderCompilers: Display: Shaders left to compile 190
[2018.10.02-17.17.22:652][670]LogSlate: FSceneViewport::OnFocusLost() reason 0
[2018.10.02-17.17.24:514][721]LogShaderCompilers: Display: Shaders left to compile 180
[2018.10.02-17.17.25:390][745]LogShaderCompilers: Display: Shaders left to compile 170
[2018.10.02-17.17.25:624][751]LogShaderCompilers: Display: Shaders left to compile 160
[2018.10.02-17.17.25:781][755]LogShaderCompilers: Display: Shaders left to compile 150
[2018.10.02-17.17.29:807][862]LogShaderCompilers: Display: Shaders left to compile 140
[2018.10.02-17.17.31:922][913]LogShaderCompilers: Display: Shaders left to compile 130
[2018.10.02-17.17.34:302][976]LogShaderCompilers: Display: Shaders left to compile 120
[2018.10.02-17.17.34:558][983]LogShaderCompilers: Display: Shaders left to compile 110
[2018.10.02-17.17.36:007][ 22]LogShaderCompilers: Display: Shaders left to compile 100
[2018.10.02-17.17.37:608][ 51]LogShaderCompilers: Display: Shaders left to compile 90
[2018.10.02-17.17.41:162][126]LogShaderCompilers: Display: Shaders left to compile 80
[2018.10.02-17.17.41:857][144]LogShaderCompilers: Display: Shaders left to compile 70
[2018.10.02-17.17.41:935][146]LogShaderCompilers: Display: Shaders left to compile 60
[2018.10.02-17.17.44:082][199]LogShaderCompilers: Display: Shaders left to compile 50
[2018.10.02-17.17.47:345][287]LogShaderCompilers: Display: Shaders left to compile 40
[2018.10.02-17.17.47:905][302]LogShaderCompilers: Display: Shaders left to compile 30
[2018.10.02-17.17.50:613][359]LogSlate: FSceneViewport::OnFocusLost() reason 0
[2018.10.02-17.17.51:013][369]LogShaderCompilers: Display: Shaders left to compile 20
[2018.10.02-17.17.51:773][390]LogShaderCompilers: Display: Shaders left to compile 10
[2018.10.02-17.18.19:175][420]LogEditorViewport: Clicking on Actor (LMB): YoungDragons_BlackB_C (YoungDragons_BlackB)
[2018.10.02-17.18.29:339][865]LogEditorViewport: Clicking on Actor (LMB): YoungDragons_BlackA_C (YoungDragons_BlackA)
[2018.10.02-17.20.06:528][980]LogSlate: FSceneViewport::OnFocusLost() reason 0
[2018.10.02-17.21.20:921][966]Candidate modules for hot reload:
[2018.10.02-17.21.20:921][966]  GameCore
[2018.10.02-17.21.20:922][966]Launching UnrealBuildTool... [C:/Program Files/Epic Games/UE_4.20/Engine/Binaries/DotNET/UnrealBuildTool.exe  -ModuleWithSuffix=GameCore,2143 Win64 Development -TargetType=Editor -Project="../../../../../../Users/olive/Documents/Unreal Projects/GameCore/GameCore.uproject" -canskiplink "C:/Users/olive/Documents/Unreal Projects/GameCore/GameCore.uproject" ]
[2018.10.02-17.21.20:929][966]Warning: Starting HotReload took  0.0s.
[2018.10.02-17.21.35:316][571]CompilerResultsLog: New page: Compilation - 02/10/2018 21.21.35
[2018.10.02-17.21.35:316][571]CompilerResultsLog: Using 'git status' to determine working set for adaptive non-unity build.
[2018.10.02-17.21.35:317][571]CompilerResultsLog: Compiling game modules for hot reload
[2018.10.02-17.21.35:317][571]CompilerResultsLog: Target is up to date
[2018.10.02-17.21.35:317][571]CompilerResultsLog: Total build time: 13,19 seconds (NoActionsToExecute executor: 0,01 seconds)
[2018.10.02-17.21.35:317][571]LogMainFrame: MainFrame: Module compiling took 14.416 seconds
[2018.10.02-17.21.35:527][571]LogContentBrowser: Native class hierarchy populated in 0.0351 seconds. Added 2575 classes and 607 folders.
[2018.10.02-17.21.41:594][571]Display: HotReload took 20.7s.
[2018.10.02-17.21.44:901][803]LogEditorViewport: Clicking on Actor (context menu): Landscape (Landscape)
[2018.10.02-17.21.45:161][803]LogSlate: FSceneViewport::OnFocusLost() reason 2
[2018.10.02-17.22.37:154][411]LogEditorViewport: Clicking on Actor (context menu): Landscape (Landscape)
[2018.10.02-17.22.37:210][411]LogSlate: FSceneViewport::OnFocusLost() reason 2
[2018.10.02-17.23.26:330][288]LogEditorViewport: Clicking on Actor (LMB): Landscape (Landscape)
[2018.10.02-17.23.27:596][323]LogEditorViewport: Clicking on Actor (context menu): Landscape (Landscape)
[2018.10.02-17.23.27:719][323]LogSlate: FSceneViewport::OnFocusLost() reason 2
[2018.10.02-17.25.09:501][516]LogSavePackage: Moving '../../../../../../Users/olive/Documents/Unreal Projects/GameCore/Saved/Overview_Auto1BFF2E2D6426DC1092CDDB995961C5E12.tmp' to '../../../../../../Users/olive/Documents/Unreal Projects/GameCore/Saved/Autosaves/Game/GrassMountains/Maps/Overview/Overview_Auto1.umap'
[2018.10.02-17.25.09:545][516]LogFileHelpers: Editor autosave (incl. sublevels) for '/Game/GrassMountains/Maps/Overview/Overview' took 10.565
[2018.10.02-17.25.09:545][516]LogFileHelpers: Editor autosave (incl. sublevels) for all levels took 10.565
[2018.10.02-21.53.02:067][970]LogSlate: FSceneViewport::OnFocusLost() reason 0
[2018.10.02-21.53.05:707][977]LogSlate: Window 'Save Content' being destroyed
[2018.10.02-21.53.05:718][977]LogSlate: FSceneViewport::OnFocusLost() reason 2
[2018.10.02-21.53.12:006][977]LogSavePackage: Moving '../../../../../../Users/olive/Documents/Unreal Projects/GameCore/Saved/Overview91047B2C490BFC5DC31ED3909910A5AE.tmp' to '../../../../../../Users/olive/Documents/Unreal Projects/GameCore/Content/GrassMountains/Maps/Overview/Overview.umap'
[2018.10.02-21.53.12:068][977]LogFileHelpers: Saving map 'Overview' took 6.328
[2018.10.02-21.53.12:115][977]LogSlate: Window 'GameCore - Unreal Editor' being destroyed
[2018.10.02-21.53.12:116][977]LogWindowsTextInputMethodSystem: Display: IME system now deactivated.
[2018.10.02-21.53.12:498][978]Cmd: QUIT_EDITOR
[2018.10.02-21.53.12:528][978]LogExit: Preparing to exit.
[2018.10.02-21.53.13:314][978]LogExit: Editor shut down
[2018.10.02-21.53.13:314][978]LogExit: Transaction tracking system shut down
[2018.10.02-21.53.13:808][978]LogExit: Object subsystem successfully closed.
[2018.10.02-21.53.13:833][978]LogShaderCompilers: Display: Shaders left to compile 0
[2018.10.02-21.53.13:836][978]LogD3D11RHI: Shutdown
[2018.10.02-21.53.13:836][978]LogD3D11RHI: CleanupD3DDevice
[2018.10.02-21.53.13:839][978]LogD3D11RHI: ~FD3D11DynamicRHI
[2018.10.02-21.53.13:855][978]LogModuleManager: Shutting down and abandoning module HierarchicalLODOutliner (612)
[2018.10.02-21.53.13:855][978]LogModuleManager: Shutting down and abandoning module SceneOutliner (610)
[2018.10.02-21.53.13:855][978]LogModuleManager: Shutting down and abandoning module AddContentDialog (608)
[2018.10.02-21.53.13:855][978]LogModuleManager: Shutting down and abandoning module WidgetCarousel (607)
[2018.10.02-21.53.13:855][978]LogModuleManager: Shutting down and abandoning module EditorWidgets (604)
[2018.10.02-21.53.13:855][978]LogModuleManager: Shutting down and abandoning module CollectionManager (602)
[2018.10.02-21.53.13:856][978]LogModuleManager: Shutting down and abandoning module StatsViewer (600)
[2018.10.02-21.53.13:856][978]LogModuleManager: Shutting down and abandoning module FoliageEdit (598)
[2018.10.02-21.53.13:856][978]LogModuleManager: Shutting down and abandoning module LandscapeEditor (596)
[2018.10.02-21.53.13:856][978]LogModuleManager: Shutting down and abandoning module MeshPaintMode (594)
[2018.10.02-21.53.13:856][978]LogModuleManager: Shutting down and abandoning module SceneDepthPickerMode (592)
[2018.10.02-21.53.13:856][978]LogModuleManager: Shutting down and abandoning module ActorPickerMode (590)
[2018.10.02-21.53.13:856][978]LogModuleManager: Shutting down and abandoning module GeometryMode (588)
[2018.10.02-21.53.13:856][978]LogModuleManager: Shutting down and abandoning module TextureAlignMode (586)
[2018.10.02-21.53.13:856][978]LogModuleManager: Shutting down and abandoning module BspMode (584)
[2018.10.02-21.53.13:856][978]LogModuleManager: Shutting down and abandoning module PIEPreviewDeviceProfileSelector (582)
[2018.10.02-21.53.13:856][978]LogModuleManager: Shutting down and abandoning module SequenceRecorderSections (580)
[2018.10.02-21.53.13:856][978]LogModuleManager: Shutting down and abandoning module AutomationWorker (578)
[2018.10.02-21.53.13:856][978]LogModuleManager: Shutting down and abandoning module AudioCaptureEditor (576)
[2018.10.02-21.53.13:856][978]LogModuleManager: Shutting down and abandoning module SequenceRecorder (575)
[2018.10.02-21.53.13:856][978]LogModuleManager: Shutting down and abandoning module MatineeToLevelSequence (572)
[2018.10.02-21.53.13:856][978]LogModuleManager: Shutting down and abandoning module LevelSequenceEditor (570)
[2018.10.02-21.53.13:856][978]LogModuleManager: Shutting down and abandoning module PlacementMode (569)
[2018.10.02-21.53.13:856][978]LogModuleManager: Shutting down and abandoning module MaterialEditor (568)
[2018.10.02-21.53.13:856][978]LogModuleManager: Shutting down and abandoning module WmfMediaFactory (564)
[2018.10.02-21.53.13:856][978]LogModuleManager: Shutting down and abandoning module WmfMediaEditor (562)
[2018.10.02-21.53.13:856][978]LogModuleManager: Shutting down and abandoning module MediaPlayerEditor (560)
[2018.10.02-21.53.13:856][978]LogModuleManager: Shutting down and abandoning module OpenExrWrapper (558)
[2018.10.02-21.53.13:856][978]LogModuleManager: Shutting down and abandoning module ImgMediaFactory (556)
[2018.10.02-21.53.13:856][978]LogModuleManager: Shutting down and abandoning module ImgMediaEditor (554)
[2018.10.02-21.53.13:856][978]LogModuleManager: Shutting down and abandoning module AvfMediaFactory (552)
[2018.10.02-21.53.13:856][978]LogModuleManager: Shutting down and abandoning module AvfMediaEditor (550)
[2018.10.02-21.53.13:856][978]LogModuleManager: Shutting down and abandoning module AndroidMediaFactory (548)
[2018.10.02-21.53.13:856][978]LogModuleManager: Shutting down and abandoning module AndroidMediaEditor (546)
[2018.10.02-21.53.13:856][978]LogModuleManager: Shutting down and abandoning module MagicLeapCameraPreviewFactory (544)
[2018.10.02-21.53.13:856][978]LogModuleManager: Shutting down and abandoning module MagicLeapMediaFactory (542)
[2018.10.02-21.53.13:856][978]LogModuleManager: Shutting down and abandoning module MagicLeapMediaEditor (540)
[2018.10.02-21.53.13:856][978]LogModuleManager: Shutting down and abandoning module CharacterAI (538)
[2018.10.02-21.53.13:856][978]LogModuleManager: Shutting down and abandoning module SmartSnapping (536)
[2018.10.02-21.53.13:856][978]LogModuleManager: Shutting down and abandoning module SessionServices (534)
[2018.10.02-21.53.13:856][978]LogModuleManager: Shutting down and abandoning module ViewportSnapping (532)
[2018.10.02-21.53.13:856][978]LogModuleManager: Shutting down and abandoning module ViewportInteraction (530)
[2018.10.02-21.53.13:856][978]LogModuleManager: Shutting down and abandoning module ClothPainter (528)
[2018.10.02-21.53.13:856][978]LogModuleManager: Shutting down and abandoning module SkeletalMeshEditor (527)
[2018.10.02-21.53.13:856][978]LogModuleManager: Shutting down and abandoning module LogVisualizer (524)
[2018.10.02-21.53.13:856][978]LogModuleManager: Shutting down and abandoning module IntroTutorials (522)
[2018.10.02-21.53.13:856][978]LogModuleManager: Shutting down and abandoning module GameProjectGeneration (521)
[2018.10.02-21.53.13:856][978]LogModuleManager: Shutting down and abandoning module LuminPlatformEditor (518)
[2018.10.02-21.53.13:856][978]LogModuleManager: Shutting down and abandoning module IOSPlatformEditor (516)
[2018.10.02-21.53.13:857][978]LogModuleManager: Shutting down and abandoning module HTML5PlatformEditor (514)
[2018.10.02-21.53.13:857][978]LogModuleManager: Shutting down and abandoning module AndroidPlatformEditor (512)
[2018.10.02-21.53.13:857][978]LogModuleManager: Shutting down and abandoning module AndroidDeviceDetection (511)
[2018.10.02-21.53.15:165][978]LogModuleManager: Shutting down and abandoning module WindowsPlatformEditor (508)
[2018.10.02-21.53.15:165][978]LogModuleManager: Shutting down and abandoning module LuminRuntimeSettings (506)
[2018.10.02-21.53.15:165][978]LogModuleManager: Shutting down and abandoning module IOSRuntimeSettings (504)
[2018.10.02-21.53.15:165][978]LogModuleManager: Shutting down and abandoning module AndroidRuntimeSettings (502)
[2018.10.02-21.53.15:165][978]LogModuleManager: Shutting down and abandoning module InputBindingEditor (500)
[2018.10.02-21.53.15:165][978]LogModuleManager: Shutting down and abandoning module MergeActors (498)
[2018.10.02-21.53.15:165][978]LogModuleManager: Shutting down and abandoning module LocalizationDashboard (496)
[2018.10.02-21.53.15:165][978]LogModuleManager: Shutting down and abandoning module LocalizationService (495)
[2018.10.02-21.53.15:165][978]LogModuleManager: Shutting down and abandoning module HardwareTargeting (492)
[2018.10.02-21.53.15:165][978]LogModuleManager: Shutting down and abandoning module DeviceProfileEditor (490)
[2018.10.02-21.53.15:165][978]LogModuleManager: Shutting down and abandoning module UndoHistory (488)
[2018.10.02-21.53.15:165][978]LogModuleManager: Shutting down and abandoning module XmlParser (486)
[2018.10.02-21.53.15:165][978]LogModuleManager: Shutting down and abandoning module Blutility (484)
[2018.10.02-21.53.15:166][978]LogModuleManager: Shutting down and abandoning module ProjectSettingsViewer (482)
[2018.10.02-21.53.15:166][978]LogModuleManager: Shutting down and abandoning module ProjectTargetPlatformEditor (481)
[2018.10.02-21.53.15:166][978]LogModuleManager: Shutting down and abandoning module EditorSettingsViewer (478)
[2018.10.02-21.53.15:166][978]LogModuleManager: Shutting down and abandoning module SettingsEditor (476)
[2018.10.02-21.53.15:166][978]LogModuleManager: Shutting down and abandoning module ProjectLauncher (474)
[2018.10.02-21.53.15:166][978]LogModuleManager: Shutting down and abandoning module SessionFrontend (472)
[2018.10.02-21.53.15:166][978]LogModuleManager: Shutting down and abandoning module ProfilerClient (470)
[2018.10.02-21.53.15:166][978]LogModuleManager: Shutting down and abandoning module DeviceManager (468)
[2018.10.02-21.53.15:166][978]LogModuleManager: Shutting down and abandoning module TargetDeviceServices (467)
[2018.10.02-21.53.15:219][978]LogModuleManager: Shutting down and abandoning module AutomationController (464)
[2018.10.02-21.53.15:219][978]LogModuleManager: Shutting down and abandoning module AutomationWindow (462)
[2018.10.02-21.53.15:219][978]LogModuleManager: Shutting down and abandoning module Layers (460)
[2018.10.02-21.53.15:219][978]LogModuleManager: Shutting down and abandoning module ComponentVisualizers (458)
[2018.10.02-21.53.15:219][978]LogModuleManager: Shutting down and abandoning module DetailCustomizations (456)
[2018.10.02-21.53.15:219][978]LogModuleManager: Shutting down and abandoning module PackagesDialog (454)
[2018.10.02-21.53.15:220][978]LogModuleManager: Shutting down and abandoning module Persona (452)
[2018.10.02-21.53.15:220][978]LogModuleManager: Shutting down and abandoning module AdvancedPreviewScene (451)
[2018.10.02-21.53.15:220][978]LogModuleManager: Shutting down and abandoning module AnimGraph (449)
[2018.10.02-21.53.15:220][978]LogModuleManager: Shutting down and abandoning module Kismet (446)
[2018.10.02-21.53.15:220][978]LogModuleManager: Shutting down and abandoning module GraphEditor (444)
[2018.10.02-21.53.15:220][978]LogModuleManager: Shutting down and abandoning module ClassViewer (442)
[2018.10.02-21.53.15:220][978]LogModuleManager: Shutting down and abandoning module Toolbox (440)
[2018.10.02-21.53.15:220][978]LogModuleManager: Shutting down and abandoning module DesktopPlatform (439)
[2018.10.02-21.53.15:220][978]LogModuleManager: Shutting down and abandoning module ModuleUI (436)
[2018.10.02-21.53.15:220][978]LogModuleManager: Shutting down and abandoning module MovieSceneTools (434)
[2018.10.02-21.53.15:221][978]LogModuleManager: Shutting down and abandoning module OutputLog (432)
[2018.10.02-21.53.15:221][978]LogModuleManager: Shutting down and abandoning module GammaUI (430)
[2018.10.02-21.53.15:221][978]LogModuleManager: Shutting down and abandoning module Documentation (428)
[2018.10.02-21.53.15:221][978]LogModuleManager: Shutting down and abandoning module MovieSceneTracks (426)
[2018.10.02-21.53.15:221][978]LogModuleManager: Shutting down and abandoning module MovieScene (424)
[2018.10.02-21.53.15:221][978]LogModuleManager: Shutting down and abandoning module StreamingPauseRendering (422)
[2018.10.02-21.53.15:221][978]LogModuleManager: Shutting down and abandoning module LauncherPlatform (420)
[2018.10.02-21.53.15:221][978]LogModuleManager: Shutting down and abandoning module AnalyticsET (418)
[2018.10.02-21.53.15:221][978]LogModuleManager: Shutting down and abandoning module PortalServices (416)
[2018.10.02-21.53.15:221][978]LogModuleManager: Shutting down and abandoning module PortalRpc (414)
[2018.10.02-21.53.15:221][978]LogModuleManager: Shutting down and abandoning module MessagingRpc (412)
[2018.10.02-21.53.15:221][978]LogModuleManager: Shutting down and abandoning module AIModule (410)
[2018.10.02-21.53.15:221][978]LogModuleManager: Shutting down and abandoning module GameplayDebugger (409)
[2018.10.02-21.53.15:221][978]LogModuleManager: Shutting down and abandoning module AITestSuite (407)
[2018.10.02-21.53.15:221][978]LogModuleManager: Shutting down and abandoning module NavigationSystem (405)
[2018.10.02-21.53.15:221][978]LogModuleManager: Shutting down and abandoning module ProfilerService (402)
[2018.10.02-21.53.15:376][978]LogModuleManager: Shutting down and abandoning module TaskGraph (400)
[2018.10.02-21.53.15:376][978]LogModuleManager: Shutting down and abandoning module SteamVRController (398)
[2018.10.02-21.53.15:376][978]LogModuleManager: Shutting down and abandoning module ProceduralMeshComponentEditor (396)
[2018.10.02-21.53.15:376][978]LogModuleManager: Shutting down and abandoning module ProceduralMeshComponent (394)
[2018.10.02-21.53.15:376][978]LogModuleManager: Shutting down and abandoning module OculusInput (392)
[2018.10.02-21.53.15:376][978]LogModuleManager: Shutting down and abandoning module MobilePatchingUtils (390)
[2018.10.02-21.53.15:376][978]LogModuleManager: Shutting down and abandoning module EditableMesh (388)
[2018.10.02-21.53.15:376][978]LogModuleManager: Shutting down and abandoning module CustomMeshComponent (386)
[2018.10.02-21.53.15:376][978]LogModuleManager: Shutting down and abandoning module CableComponent (384)
[2018.10.02-21.53.15:376][978]LogModuleManager: Shutting down and abandoning module AudioCapture (382)
[2018.10.02-21.53.15:376][978]LogModuleManager: Shutting down and abandoning module ArchVisCharacter (380)
[2018.10.02-21.53.15:376][978]LogModuleManager: Shutting down and abandoning module AndroidPermission (378)
[2018.10.02-21.53.15:376][978]LogModuleManager: Shutting down and abandoning module NUTUnrealEngine4 (376)
[2018.10.02-21.53.15:376][978]LogModuleManager: Shutting down and abandoning module NetcodeUnitTest (374)
[2018.10.02-21.53.15:376][978]LogModuleManager: Shutting down and abandoning module MediaCompositingEditor (372)
[2018.10.02-21.53.15:376][978]LogModuleManager: Shutting down and abandoning module MediaCompositing (370)
[2018.10.02-21.53.15:376][978]LogModuleManager: Shutting down and abandoning module LinearTimecode (368)
[2018.10.02-21.53.15:376][978]LogModuleManager: Shutting down and abandoning module ImgMedia (366)
[2018.10.02-21.53.15:379][978]LogModuleManager: Shutting down and abandoning module HTML5Networking (364)
[2018.10.02-21.53.15:379][978]LogModuleManager: Shutting down and abandoning module GeometryCacheTracks (362)
[2018.10.02-21.53.15:379][978]LogModuleManager: Shutting down and abandoning module GeometryCacheSequencer (360)
[2018.10.02-21.53.15:379][978]LogModuleManager: Shutting down and abandoning module BackChannel (358)
[2018.10.02-21.53.15:379][978]LogModuleManager: Shutting down and abandoning module AppleVision (356)
[2018.10.02-21.53.15:379][978]LogModuleManager: Shutting down and abandoning module AppleImageUtils (354)
[2018.10.02-21.53.15:379][978]LogModuleManager: Shutting down and abandoning module AlembicImporter (352)
[2018.10.02-21.53.15:379][978]LogModuleManager: Shutting down and abandoning module AlembicLibrary (351)
[2018.10.02-21.53.15:379][978]LogModuleManager: Shutting down and abandoning module GeometryCache (350)
[2018.10.02-21.53.15:379][978]LogModuleManager: Shutting down and abandoning module GeometryCacheEd (349)
[2018.10.02-21.53.15:379][978]LogModuleManager: Shutting down and abandoning module DatasmithContentEditor (344)
[2018.10.02-21.53.15:379][978]LogModuleManager: Shutting down and abandoning module DatasmithContent (342)
[2018.10.02-21.53.15:379][978]LogModuleManager: Shutting down and abandoning module SpeedTreeImporter (340)
[2018.10.02-21.53.15:379][978]LogModuleManager: Shutting down and abandoning module PluginBrowser (338)
[2018.10.02-21.53.15:379][978]LogModuleManager: Shutting down and abandoning module MobileLauncherProfileWizard (336)
[2018.10.02-21.53.15:379][978]LogModuleManager: Shutting down and abandoning module PolygonModeling (334)
[2018.10.02-21.53.15:379][978]LogModuleManager: Shutting down and abandoning module MeshEditor (332)
[2018.10.02-21.53.15:379][978]LogModuleManager: Shutting down and abandoning module CryptoKeysOpenSSL (330)
[2018.10.02-21.53.15:379][978]LogModuleManager: Shutting down and abandoning module CryptoKeys (328)
[2018.10.02-21.53.15:379][978]LogModuleManager: Shutting down and abandoning module VisualStudioSourceCodeAccess (326)
[2018.10.02-21.53.15:379][978]LogModuleManager: Shutting down and abandoning module VisualStudioCodeSourceCodeAccess (324)
[2018.10.02-21.53.15:379][978]LogModuleManager: Shutting down and abandoning module UObjectPlugin (322)
[2018.10.02-21.53.15:379][978]LogModuleManager: Shutting down and abandoning module SubversionSourceControl (320)
[2018.10.02-21.53.15:379][978]LogModuleManager: Shutting down and abandoning module PerforceSourceControl (318)
[2018.10.02-21.53.15:379][978]LogModuleManager: Shutting down and abandoning module GitSourceControl (316)
[2018.10.02-21.53.15:379][978]LogModuleManager: Shutting down and abandoning module SourceControl (315)
[2018.10.02-21.53.15:380][978]LogModuleManager: Shutting down and abandoning module CLionSourceCodeAccess (312)
[2018.10.02-21.53.15:380][978]LogModuleManager: Shutting down and abandoning module LightPropagationVolumeEditor (310)
[2018.10.02-21.53.15:380][978]LogModuleManager: Shutting down and abandoning module PaperTiledImporter (308)
[2018.10.02-21.53.15:380][978]LogModuleManager: Shutting down and abandoning module PaperSpriteSheetImporter (306)
[2018.10.02-21.53.15:380][978]LogModuleManager: Shutting down and abandoning module Paper2DEditor (304)
[2018.10.02-21.53.15:380][978]LogModuleManager: Shutting down and abandoning module MeshPaint (303)
[2018.10.02-21.53.15:380][978]LogModuleManager: Shutting down and abandoning module GameCore (300)
[2018.10.02-21.53.15:380][978]LogModuleManager: Shutting down and abandoning module RuntimePhysXCooking (298)
[2018.10.02-21.53.15:380][978]LogModuleManager: Shutting down and abandoning module PhysXVehiclesEditor (296)
[2018.10.02-21.53.15:380][978]LogModuleManager: Shutting down and abandoning module PhysXVehicles (294)
[2018.10.02-21.53.15:380][978]LogModuleManager: Shutting down and abandoning module OculusEditor (292)
[2018.10.02-21.53.15:380][978]LogModuleManager: Shutting down and abandoning module LocationServicesBPLibrary (290)
[2018.10.02-21.53.15:380][978]LogModuleManager: Shutting down and abandoning module ImmediatePhysicsEditor (288)
[2018.10.02-21.53.15:380][978]LogModuleManager: Shutting down and abandoning module ImmediatePhysics (286)
[2018.10.02-21.53.15:380][978]LogModuleManager: Shutting down and abandoning module ActorSequence (284)
[2018.10.02-21.53.15:380][978]LogModuleManager: Shutting down and abandoning module UdpMessaging (282)
[2018.10.02-21.53.15:481][978]LogModuleManager: Shutting down and abandoning module TcpMessaging (280)
[2018.10.02-21.53.15:582][978]LogModuleManager: Shutting down and abandoning module MagicLeapAudio (278)
[2018.10.02-21.53.15:582][978]LogModuleManager: Shutting down and abandoning module GameplayTagsEditor (276)
[2018.10.02-21.53.15:582][978]LogModuleManager: Shutting down and abandoning module FacialAnimationEditor (274)
[2018.10.02-21.53.15:582][978]LogModuleManager: Shutting down and abandoning module FacialAnimation (272)
[2018.10.02-21.53.15:582][978]LogModuleManager: Shutting down and abandoning module DataValidation (270)
[2018.10.02-21.53.15:582][978]LogModuleManager: Shutting down and abandoning module AssetManagerEditor (268)
[2018.10.02-21.53.15:582][978]LogModuleManager: Shutting down and abandoning module LevelEditor (267)
[2018.10.02-21.53.15:582][978]LogModuleManager: Shutting down and abandoning module PixelInspectorModule (266)
[2018.10.02-21.53.15:582][978]LogModuleManager: Shutting down and abandoning module CommonMenuExtensions (264)
[2018.10.02-21.53.15:583][978]LogModuleManager: Shutting down and abandoning module MainFrame (262)
[2018.10.02-21.53.15:583][978]LogModuleManager: Shutting down and abandoning module HotReload (261)
[2018.10.02-21.53.15:583][978]LogModuleManager: Shutting down and abandoning module ContentBrowser (257)
[2018.10.02-21.53.15:586][978]LogModuleManager: Shutting down and abandoning module TreeMap (255)
[2018.10.02-21.53.15:586][978]LogModuleManager: Shutting down and abandoning module LightPropagationVolumeRuntime (252)
[2018.10.02-21.53.15:586][978]LogModuleManager: Shutting down and abandoning module AISupportModule (250)
[2018.10.02-21.53.15:587][978]LogModuleManager: Shutting down and abandoning module Paper2D (248)
[2018.10.02-21.53.15:587][978]LogModuleManager: Shutting down and abandoning module WindowsMoviePlayer (246)
[2018.10.02-21.53.15:587][978]LogModuleManager: Shutting down and abandoning module WmfMedia (244)
[2018.10.02-21.53.15:589][978]LogModuleManager: Shutting down and abandoning module Media (243)
[2018.10.02-21.53.15:595][978]LogModuleManager: Shutting down and abandoning module PacketHandler (240)
[2018.10.02-21.53.15:595][978]LogModuleManager: Shutting down and abandoning module ClothingSystemEditor (238)
[2018.10.02-21.53.15:595][978]LogModuleManager: Shutting down and abandoning module ClothingSystemRuntime (236)
[2018.10.02-21.53.15:595][978]LogModuleManager: Shutting down and abandoning module MediaAssets (234)
[2018.10.02-21.53.15:595][978]LogModuleManager: Shutting down and abandoning module Overlay (232)
[2018.10.02-21.53.15:595][978]LogModuleManager: Shutting down and abandoning module OverlayEditor (231)
[2018.10.02-21.53.15:595][978]LogModuleManager: Shutting down and abandoning module VREditor (228)
[2018.10.02-21.53.15:595][978]LogModuleManager: Shutting down and abandoning module StringTableEditor (226)
[2018.10.02-21.53.15:595][978]LogModuleManager: Shutting down and abandoning module GameplayTasksEditor (224)
[2018.10.02-21.53.15:595][978]LogModuleManager: Shutting down and abandoning module BehaviorTreeEditor (222)
[2018.10.02-21.53.15:595][978]LogModuleManager: Shutting down and abandoning module FunctionalTesting (220)
[2018.10.02-21.53.15:595][978]LogModuleManager: Shutting down and abandoning module CollisionAnalyzer (218)
[2018.10.02-21.53.15:595][978]LogModuleManager: Shutting down and abandoning module WorkspaceMenuStructure (217)
[2018.10.02-21.53.15:595][978]LogModuleManager: Shutting down and abandoning module UMG (214)
[2018.10.02-21.53.15:595][978]LogModuleManager: Shutting down and abandoning module UMGEditor (213)
[2018.10.02-21.53.15:596][978]LogModuleManager: Shutting down and abandoning module Sequencer (212)
[2018.10.02-21.53.15:596][978]LogModuleManager: Shutting down and abandoning module MessageLog (209)
[2018.10.02-21.53.15:596][978]LogModuleManager: Shutting down and abandoning module SlateReflector (204)
[2018.10.02-21.53.15:596][978]LogModuleManager: Shutting down and abandoning module Slate (202)
[2018.10.02-21.53.15:596][978]LogModuleManager: Shutting down and abandoning module EditorStyle (200)
[2018.10.02-21.53.15:597][978]LogModuleManager: Shutting down and abandoning module MRMesh (198)
[2018.10.02-21.53.15:597][978]LogModuleManager: Shutting down and abandoning module SourceCodeAccess (196)
[2018.10.02-21.53.15:597][978]LogModuleManager: Shutting down and abandoning module HeadMountedDisplay (194)
[2018.10.02-21.53.15:597][978]LogModuleManager: Shutting down and abandoning module XAudio2 (192)
[2018.10.02-21.53.15:597][978]LogModuleManager: Shutting down and abandoning module Networking (190)
[2018.10.02-21.53.15:597][978]LogModuleManager: Shutting down and abandoning module Core (188)
[2018.10.02-21.53.15:597][978]LogModuleManager: Shutting down and abandoning module LevelSequence (186)
[2018.10.02-21.53.15:597][978]LogModuleManager: Shutting down and abandoning module KismetCompiler (184)
[2018.10.02-21.53.15:597][978]LogModuleManager: Shutting down and abandoning module MeshUtilities (182)
[2018.10.02-21.53.15:597][978]LogModuleManager: Shutting down and abandoning module MeshMergeUtilities (181)
[2018.10.02-21.53.15:597][978]LogModuleManager: Shutting down and abandoning module MeshReductionInterface (180)
[2018.10.02-21.53.15:597][978]LogModuleManager: Shutting down and abandoning module SimplygonSwarm (179)
[2018.10.02-21.53.15:597][978]LogModuleManager: Shutting down and abandoning module ProxyLODMeshReduction (177)
[2018.10.02-21.53.15:597][978]LogModuleManager: Shutting down and abandoning module SimplygonMeshReduction (175)
[2018.10.02-21.53.15:597][978]LogModuleManager: Shutting down and abandoning module QuadricMeshReduction (173)
[2018.10.02-21.53.15:597][978]LogModuleManager: Shutting down and abandoning module MaterialBaking (169)
[2018.10.02-21.53.15:597][978]LogModuleManager: Shutting down and abandoning module DirectoryWatcher (165)
[2018.10.02-21.53.15:597][978]LogModuleManager: Shutting down and abandoning module DerivedDataCache (162)
[2018.10.02-21.53.15:682][978]LogDerivedDataCache: Shutdown
[2018.10.02-21.53.15:682][978]LogModuleManager: Shutting down and abandoning module XGEController (160)
[2018.10.02-21.53.15:682][978]LogModuleManager: Shutting down and abandoning module TargetPlatform (158)
[2018.10.02-21.53.15:682][978]LogModuleManager: Shutting down and abandoning module VulkanShaderFormat (157)
[2018.10.02-21.53.15:682][978]LogModuleManager: Shutting down and abandoning module ShaderFormatVectorVM (155)
[2018.10.02-21.53.15:682][978]LogModuleManager: Shutting down and abandoning module ShaderFormatOpenGL (153)
[2018.10.02-21.53.15:682][978]LogModuleManager: Shutting down and abandoning module ShaderFormatD3D (151)
[2018.10.02-21.53.15:682][978]LogModuleManager: Shutting down and abandoning module MetalShaderFormat (149)
[2018.10.02-21.53.15:682][978]LogModuleManager: Shutting down and abandoning module TextureFormatUncompressed (147)
[2018.10.02-21.53.15:682][978]LogModuleManager: Shutting down and abandoning module TextureFormatPVR (145)
[2018.10.02-21.53.15:682][978]LogModuleManager: Shutting down and abandoning module TextureFormatDXT (143)
[2018.10.02-21.53.15:682][978]LogModuleManager: Shutting down and abandoning module TextureFormatIntelISPCTexComp (141)
[2018.10.02-21.53.15:683][978]LogModuleManager: Shutting down and abandoning module TextureFormatASTC (139)
[2018.10.02-21.53.15:683][978]LogModuleManager: Shutting down and abandoning module ImageWrapper (138)
[2018.10.02-21.53.15:683][978]LogModuleManager: Shutting down and abandoning module TextureFormatAndroid (135)
[2018.10.02-21.53.15:683][978]LogModuleManager: Shutting down and abandoning module AudioFormatOpus (133)
[2018.10.02-21.53.15:683][978]LogModuleManager: Shutting down and abandoning module AudioFormatOgg (131)
[2018.10.02-21.53.15:683][978]LogModuleManager: Shutting down and abandoning module AudioFormatADPCM (129)
[2018.10.02-21.53.15:683][978]LogModuleManager: Shutting down and abandoning module LuminTargetPlatform (127)
[2018.10.02-21.53.15:683][978]LogModuleManager: Shutting down and abandoning module LinuxTargetPlatform (125)
[2018.10.02-21.53.15:683][978]LogModuleManager: Shutting down and abandoning module LinuxServerTargetPlatform (123)
[2018.10.02-21.53.15:683][978]LogModuleManager: Shutting down and abandoning module LinuxNoEditorTargetPlatform (121)
[2018.10.02-21.53.15:683][978]LogModuleManager: Shutting down and abandoning module LinuxClientTargetPlatform (119)
[2018.10.02-21.53.15:683][978]LogModuleManager: Shutting down and abandoning module TVOSTargetPlatform (117)
[2018.10.02-21.53.15:684][978]LogModuleManager: Shutting down and abandoning module Messaging (115)
[2018.10.02-21.53.15:684][978]LogModuleManager: Shutting down and abandoning module IOSTargetPlatform (113)
[2018.10.02-21.53.15:689][978]LogModuleManager: Shutting down and abandoning module HTML5TargetPlatform (111)
[2018.10.02-21.53.15:690][978]LogModuleManager: Shutting down and abandoning module AndroidTargetPlatform (109)
[2018.10.02-21.53.15:693][978]LogModuleManager: Shutting down and abandoning module WindowsTargetPlatform (107)
[2018.10.02-21.53.15:694][978]LogModuleManager: Shutting down and abandoning module WindowsServerTargetPlatform (105)
[2018.10.02-21.53.15:694][978]LogModuleManager: Shutting down and abandoning module WindowsNoEditorTargetPlatform (103)
[2018.10.02-21.53.15:694][978]LogModuleManager: Shutting down and abandoning module WindowsClientTargetPlatform (101)
[2018.10.02-21.53.15:694][978]LogModuleManager: Shutting down and abandoning module MacTargetPlatform (99)
[2018.10.02-21.53.15:694][978]LogModuleManager: Shutting down and abandoning module MacServerTargetPlatform (97)
[2018.10.02-21.53.15:694][978]LogModuleManager: Shutting down and abandoning module MacNoEditorTargetPlatform (95)
[2018.10.02-21.53.15:694][978]LogModuleManager: Shutting down and abandoning module MacClientTargetPlatform (93)
[2018.10.02-21.53.15:694][978]LogModuleManager: Shutting down and abandoning module AllDesktopTargetPlatform (91)
[2018.10.02-21.53.15:694][978]LogModuleManager: Shutting down and abandoning module InputCore (88)
[2018.10.02-21.53.15:694][978]LogModuleManager: Shutting down and abandoning module Settings (86)
[2018.10.02-21.53.15:694][978]LogModuleManager: Shutting down and abandoning module PhysXCooking (84)
[2018.10.02-21.53.15:694][978]LogModuleManager: Shutting down and abandoning module SteamVR (82)
[2018.10.02-21.53.15:694][978]LogModuleManager: Shutting down and abandoning module OculusHMD (80)
[2018.10.02-21.53.15:694][978]LogModuleManager: Shutting down and abandoning module ExampleDeviceProfileSelector (78)
[2018.10.02-21.53.15:694][978]LogModuleManager: Shutting down and abandoning module LauncherChunkInstaller (76)
[2018.10.02-21.53.15:694][978]LogModuleManager: Shutting down and abandoning module OnlineBlueprintSupport (74)
[2018.10.02-21.53.15:694][978]LogModuleManager: Shutting down and abandoning module OnlineSubsystem (70)
[2018.10.02-21.53.15:694][978]LogModuleManager: Shutting down and abandoning module XMPP (65)
[2018.10.02-21.53.15:694][978]LogModuleManager: Shutting down and abandoning module WebSockets (64)
[2018.10.02-21.53.15:713][978]LogModuleManager: Shutting down and abandoning module HTTP (61)
[2018.10.02-21.53.15:713][978]LogHttp: Display: Http module shutting down, but needs to wait on 1 outstanding Http requests:
[2018.10.02-21.53.15:713][978]LogHttp: Display: 	verb=[POST] url=[https://datarouter.ol.epicgames.com/datarouter/api/v1/public/data?SessionID=%7BB5E4D803-42F7-8C12-0FE3-06B744243CC2%7D&AppID=UEEditor.Rocket.Release&AppVersion=4.20.3-4369336%2B%2B%2BUE4%2BRelease-4.20&UserID=1143b7254c0a6c32f1d52ca8acb2c66e%7C496e5844dc274b01bc60e60a6eea6a3c%7C2acc1a8e-d643-49e3-85c8-9a2725f52b6c&AppEnvironment=datacollector-binary&UploadType=eteventstream] status=Processing
[2018.10.02-21.53.15:719][978]LogModuleManager: Shutting down and abandoning module SSL (60)
[2018.10.02-21.53.15:720][978]LogModuleManager: Shutting down and abandoning module MagicLeapEmulator (56)
[2018.10.02-21.53.15:720][978]LogModuleManager: Shutting down and abandoning module MagicLeapPrivileges (54)
[2018.10.02-21.53.15:720][978]LogModuleManager: Shutting down and abandoning module MagicLeapIdentity (52)
[2018.10.02-21.53.15:720][978]LogModuleManager: Shutting down and abandoning module MagicLeapHelperVulkan (50)
[2018.10.02-21.53.15:720][978]LogModuleManager: Shutting down and abandoning module MagicLeapHelperOpenGL (48)
[2018.10.02-21.53.15:720][978]LogModuleManager: Shutting down and abandoning module MagicLeapSecureStorage (46)
[2018.10.02-21.53.15:720][978]LogModuleManager: Shutting down and abandoning module MagicLeapGestures (44)
[2018.10.02-21.53.15:720][978]LogModuleManager: Shutting down and abandoning module MagicLeapEyeTracker (42)
[2018.10.02-21.53.15:720][978]LogModuleManager: Shutting down and abandoning module MagicLeapController (40)
[2018.10.02-21.53.15:720][978]LogSlate: Slate User Destroyed.  User Index 0, Is Virtual User: 0
[2018.10.02-21.53.15:720][978]LogModuleManager: Shutting down and abandoning module MagicLeap (38)
[2018.10.02-21.53.15:720][978]LogModuleManager: Shutting down and abandoning module AnimationModifiers (36)
[2018.10.02-21.53.15:720][978]LogModuleManager: Shutting down and abandoning module PropertyEditor (35)
[2018.10.02-21.53.15:720][978]LogModuleManager: Shutting down and abandoning module AudioEditor (32)
[2018.10.02-21.53.15:720][978]LogModuleManager: Shutting down and abandoning module TextureCompressor (30)
[2018.10.02-21.53.15:720][978]LogModuleManager: Shutting down and abandoning module ShaderCore (28)
[2018.10.02-21.53.15:720][978]LogModuleManager: Shutting down and abandoning module Landscape (26)
[2018.10.02-21.53.15:720][978]LogModuleManager: Shutting down and abandoning module SlateRHIRenderer (24)
[2018.10.02-21.53.15:720][978]LogModuleManager: Shutting down and abandoning module OpenGLDrv (22)
[2018.10.02-21.53.15:720][978]LogModuleManager: Shutting down and abandoning module D3D11RHI (20)
[2018.10.02-21.53.15:720][978]LogModuleManager: Shutting down and abandoning module AnimGraphRuntime (18)
[2018.10.02-21.53.15:720][978]LogModuleManager: Shutting down and abandoning module Renderer (16)
[2018.10.02-21.53.15:720][978]LogModuleManager: Shutting down and abandoning module Engine (14)
[2018.10.02-21.53.15:720][978]LogModuleManager: Shutting down and abandoning module CoreUObject (12)
[2018.10.02-21.53.15:720][978]LogModuleManager: Shutting down and abandoning module NetworkFile (10)
[2018.10.02-21.53.15:720][978]LogModuleManager: Shutting down and abandoning module CookedIterativeFile (8)
[2018.10.02-21.53.15:720][978]LogModuleManager: Shutting down and abandoning module StreamingFile (6)
[2018.10.02-21.53.15:720][978]LogModuleManager: Shutting down and abandoning module SandboxFile (4)
[2018.10.02-21.53.15:720][978]LogModuleManager: Shutting down and abandoning module PakFile (2)
[2018.10.02-21.53.15:728][978]LogExit: Exiting.
[2018.10.02-21.53.15:735][978]Log file closed, 10/02/18 23:53:15
