Log file open, 10/31/18 17:41:14
LogWindows: Failed to load 'aqProf.dll' (GetLastError=126)
LogWindows: File 'aqProf.dll' does not exist
LogWindows: Failed to load 'VSPerf140.dll' (GetLastError=126)
LogWindows: File 'VSPerf140.dll' does not exist
LogWindows: Failed to load 'VtuneApi.dll' (GetLastError=126)
LogWindows: File 'VtuneApi.dll' does not exist
LogWindows: Failed to load 'VtuneApi32e.dll' (GetLastError=126)
LogWindows: File 'VtuneApi32e.dll' does not exist
LogInit: Display: Running engine for game: GameCore
LogPlatformFile: Not using cached read wrapper
LogTaskGraph: Started task graph with 5 named threads and 35 total threads with 3 sets of task threads.
LogStats: Stats thread started at 0.776807
LogD3D11RHI: Loaded GFSDK_Aftermath_Lib.x64.dll
LogICUInternationalization: Display: ICU TimeZone Detection - Raw Offset: +1:00, Platform Override: ''
LogPluginManager: Mounting plugin Paper2D
LogPluginManager: Mounting plugin AISupport
LogPluginManager: Mounting plugin LightPropagationVolume
LogPluginManager: Mounting plugin CLionSourceCodeAccess
LogPluginManager: Mounting plugin CodeLiteSourceCodeAccess
LogPluginManager: Mounting plugin GitSourceControl
LogPluginManager: Mounting plugin KDevelopSourceCodeAccess
LogPluginManager: Mounting plugin NullSourceCodeAccess
LogPluginManager: Mounting plugin PerforceSourceControl
LogPluginManager: Mounting plugin SubversionSourceControl
LogPluginManager: Mounting plugin UObjectPlugin
LogPluginManager: Mounting plugin VisualStudioCodeSourceCodeAccess
LogPluginManager: Mounting plugin VisualStudioSourceCodeAccess
LogPluginManager: Mounting plugin XCodeSourceCodeAccess
LogPluginManager: Mounting plugin AssetManagerEditor
LogPluginManager: Mounting plugin CryptoKeys
LogPluginManager: Mounting plugin DataValidation
LogPluginManager: Mounting plugin FacialAnimation
LogPluginManager: Mounting plugin GameplayTagsEditor
LogPluginManager: Mounting plugin MacGraphicsSwitching
LogPluginManager: Mounting plugin MeshEditor
LogPluginManager: Mounting plugin MobileLauncherProfileWizard
LogPluginManager: Mounting plugin PluginBrowser
LogPluginManager: Mounting plugin SpeedTreeImporter
LogPluginManager: Mounting plugin DatasmithContent
LogPluginManager: Mounting plugin AlembicImporter
LogPluginManager: Mounting plugin AppleImageUtils
LogPluginManager: Mounting plugin AppleVision
LogPluginManager: Mounting plugin BackChannel
LogPluginManager: Mounting plugin CharacterAI
LogPluginManager: Mounting plugin GeometryCache
LogPluginManager: Mounting plugin HTML5Networking
LogPluginManager: Mounting plugin ProxyLODPlugin
LogPluginManager: Mounting plugin MagicLeap
LogPluginManager: Mounting plugin MagicLeapEmulator
LogPluginManager: Mounting plugin MagicLeapMedia
LogPluginManager: Mounting plugin AndroidMedia
LogPluginManager: Mounting plugin AvfMedia
LogPluginManager: Mounting plugin ImgMedia
LogPluginManager: Mounting plugin LinearTimecode
LogPluginManager: Mounting plugin MediaCompositing
LogPluginManager: Mounting plugin MediaPlayerEditor
LogPluginManager: Mounting plugin WmfMedia
LogPluginManager: Mounting plugin TcpMessaging
LogPluginManager: Mounting plugin UdpMessaging
LogPluginManager: Mounting plugin ActorSequence
LogPluginManager: Mounting plugin LevelSequenceEditor
LogPluginManager: Mounting plugin MatineeToLevelSequence
LogPluginManager: Mounting plugin NetcodeUnitTest
LogPluginManager: Mounting plugin NUTUnrealEngine4
LogPluginManager: Mounting plugin OnlineSubsystemGooglePlay
LogPluginManager: Mounting plugin OnlineSubsystemIOS
LogPluginManager: Mounting plugin OnlineSubsystem
LogPluginManager: Mounting plugin OnlineSubsystemNull
LogPluginManager: Mounting plugin OnlineSubsystemUtils
LogPluginManager: Mounting plugin LauncherChunkInstaller
LogPluginManager: Mounting plugin AndroidDeviceProfileSelector
LogPluginManager: Mounting plugin AndroidMoviePlayer
LogPluginManager: Mounting plugin AndroidPermission
LogPluginManager: Mounting plugin AppleMoviePlayer
LogPluginManager: Mounting plugin ArchVisCharacter
LogPluginManager: Mounting plugin AudioCapture
LogPluginManager: Mounting plugin CableComponent
LogPluginManager: Mounting plugin CustomMeshComponent
LogPluginManager: Mounting plugin EditableMesh
LogPluginManager: Mounting plugin ExampleDeviceProfileSelector
LogPluginManager: Mounting plugin GoogleCloudMessaging
LogPluginManager: Mounting plugin ImmediatePhysics
LogPluginManager: Mounting plugin IOSDeviceProfileSelector
LogPluginManager: Mounting plugin LinuxDeviceProfileSelector
LogPluginManager: Mounting plugin LocationServicesBPLibrary
LogPluginManager: Mounting plugin MobilePatchingUtils
LogPluginManager: Mounting plugin OculusVR
LogPluginManager: Plugin shader directory ../../../Engine/Plugins/Runtime/Oculus/OculusVR/Shaders found
LogPluginManager: Mapping shader source directory ../../../Engine/Plugins/Runtime/Oculus/OculusVR/Shaders to virtual directory /Plugin/OculusVR
LogPluginManager: Mounting plugin PhysXVehicles
LogPluginManager: Mounting plugin ProceduralMeshComponent
LogPluginManager: Mounting plugin RuntimePhysXCooking
LogPluginManager: Mounting plugin SteamVR
LogPluginManager: Mounting plugin WindowsMoviePlayer
LogStreaming: Display: Took  0.100s to configure plugins.
LogInit: Using libcurl 7.55.1-DEV
LogInit:  - built for x86_64-pc-win32
LogInit:  - supports SSL with OpenSSL/1.0.2h
LogInit:  - supports HTTP deflate (compression) using libz 1.2.8
LogInit:  - other features:
LogInit:      CURL_VERSION_SSL
LogInit:      CURL_VERSION_LIBZ
LogInit:      CURL_VERSION_IPV6
LogInit:      CURL_VERSION_ASYNCHDNS
LogInit:      CURL_VERSION_LARGEFILE
LogInit:      CURL_VERSION_IDN
LogInit:  CurlRequestOptions (configurable via config and command line):
LogInit:  - bVerifyPeer = false  - Libcurl will NOT verify peer certificate
LogInit:  - bUseHttpProxy = false  - Libcurl will NOT use HTTP proxy
LogInit:  - bDontReuseConnections = false  - Libcurl will reuse connections
LogInit:  - CertBundlePath = nullptr  - Libcurl will use whatever was configured at build time.
LogInit:  - MaxHostConnections = 16  - Libcurl will limit the number of connections to a host
LogInit:  - LocalHostAddr = Default
LogInit:  - BufferSize = 65536
LogInit: WinSock: version 1.1 (2.2), MaxSocks=32767, MaxUdp=65467
LogInit: Build: ++UE4+Release-4.20-CL-4369336
LogInit: Engine Version: 4.20.3-4369336+++UE4+Release-4.20
LogInit: Compatible Engine Version: 4.20.0-4212847+++UE4+Release-4.20
LogInit: Net CL: 4212847
LogInit: OS: Windows 10 (), CPU: Intel(R) Core(TM) i9-8950HK CPU @ 2.90GHz, GPU: Intel(R) UHD Graphics 630
LogInit: Compiled (64-bit): Sep 17 2018 12:26:19
LogInit: Compiled with Visual C++: 19.13.26129.00
LogInit: Build Configuration: Development
LogInit: Branch Name: ++UE4+Release-4.20
LogInit: Command Line:  
LogInit: Base Directory: C:/Program Files/Epic Games/UE_4.20/Engine/Binaries/Win64/
LogInit: Installed Engine Build: 1
LogDevObjectVersion: Number of dev versions registered: 20
LogDevObjectVersion:   Dev-Blueprints (B0D832E4-1F89-4F0D-ACCF-7EB736FD4AA2): 10
LogDevObjectVersion:   Dev-Build (E1C64328-A22C-4D53-A36C-8E866417BD8C): 0
LogDevObjectVersion:   Dev-Core (375EC13C-06E4-48FB-B500-84F0262A717E): 2
LogDevObjectVersion:   Dev-Editor (E4B068ED-F494-42E9-A231-DA0B2E46BB41): 24
LogDevObjectVersion:   Dev-Framework (CFFC743F-43B0-4480-9391-14DF171D2073): 34
LogDevObjectVersion:   Dev-Mobile (B02B49B5-BB20-44E9-A304-32B752E40360): 2
LogDevObjectVersion:   Dev-Networking (A4E4105C-59A1-49B5-A7C5-40C4547EDFEE): 0
LogDevObjectVersion:   Dev-Online (39C831C9-5AE6-47DC-9A44-9C173E1C8E7C): 0
LogDevObjectVersion:   Dev-Physics (78F01B33-EBEA-4F98-B9B4-84EACCB95AA2): 0
LogDevObjectVersion:   Dev-Platform (6631380F-2D4D-43E0-8009-CF276956A95A): 0
LogDevObjectVersion:   Dev-Rendering (12F88B9F-8875-4AFC-A67C-D90C383ABD29): 26
LogDevObjectVersion:   Dev-Sequencer (7B5AE74C-D270-4C10-A958-57980B212A5A): 9
LogDevObjectVersion:   Dev-VR (D7296918-1DD6-4BDD-9DE2-64A83CC13884): 2
LogDevObjectVersion:   Dev-LoadTimes (C2A15278-BFE7-4AFE-6C17-90FF531DF755): 1
LogDevObjectVersion:   Private-Geometry (6EACA3D4-40EC-4CC1-B786-8BED09428FC5): 3
LogDevObjectVersion:   Dev-AnimPhys (29E575DD-E0A3-4627-9D10-D276232CDCEA): 17
LogDevObjectVersion:   Dev-ReflectionCapture (6B266CEC-1EC7-4B8F-A30B-E4D90942FC07): 1
LogDevObjectVersion:   Dev-Automation (0DF73D61-A23F-47EA-B727-89E90C41499A): 1
LogDevObjectVersion:   FortniteMain (601D1886-AC64-4F84-AA16-D3DE0DEAC7D6): 12
LogDevObjectVersion:   Dev-Enterprise (9DFFBCD6-494F-0158-E221-12823C92A888): 1
LogStreaming: Display: Took  0.001s to delete old logs.
LogInit: Presizing for max 8388607 objects, including 0 objects not considered by GC, pre-allocating 0 bytes for permanent pool.
LogInit: Object subsystem initialized
[2018.10.31-16.41.15:167][  0]LogInit: Selected Device Profile: [Windows]
[2018.10.31-16.41.15:167][  0]LogInit: Applying CVar settings loaded from the selected device profile: [Windows]
[2018.10.31-16.41.15:185][  0]LogHAL: Display: Platform has ~ 16 GB [17023823872 / 17179869184 / 16], which maps to Larger [LargestMinGB=32, LargerMinGB=12, DefaultMinGB=8, SmallerMinGB=6, SmallestMinGB=0)
[2018.10.31-16.41.15:186][  0]LogInit: Setting Device Profile CVar: [[r.Vulkan.UseRealUBs:1]]
[2018.10.31-16.41.15:186][  0]LogInit: Going up to parent DeviceProfile []
[2018.10.31-16.41.15:190][  0]LogInit: Computer: LAPTOP-24L0JPUM
[2018.10.31-16.41.15:190][  0]LogInit: User: olive
[2018.10.31-16.41.15:190][  0]LogInit: CPU Page size=4096, Cores=6
[2018.10.31-16.41.15:190][  0]LogInit: High frequency timer resolution =2.835935 MHz
[2018.10.31-16.41.15:190][  0]LogMemory: Memory total: Physical=15.9GB (16GB approx)
[2018.10.31-16.41.15:190][  0]LogMemory: Platform Memory Stats for Windows
[2018.10.31-16.41.15:190][  0]LogMemory: Process Physical Memory: 101.37 MB used, 101.37 MB peak
[2018.10.31-16.41.15:190][  0]LogMemory: Process Virtual Memory: 85.88 MB used, 85.88 MB peak
[2018.10.31-16.41.15:190][  0]LogMemory: Physical Memory: 4008.84 MB used,  12226.34 MB free, 16235.18 MB total
[2018.10.31-16.41.15:190][  0]LogMemory: Virtual Memory: 4657.29 MB used,  12226.34 MB free, 134217728.00 MB total
[2018.10.31-16.41.15:371][  0]LogInit: Using OS detected language (da-DK).
[2018.10.31-16.41.15:371][  0]LogInit: Using OS detected locale (da-DK).
[2018.10.31-16.41.15:372][  0]LogTextLocalizationManager: No localization for 'da-DK' exists, so 'en' will be used for the language.
[2018.10.31-16.41.15:730][  0]LogStreaming: Display: Took  0.359s to InitEngineTextLocalization.
[2018.10.31-16.41.15:730][  0]LogInit: Setting process to per monitor DPI aware
[2018.10.31-16.41.15:804][  0]LogSlate: New Slate User Created.  User Index 0, Is Virtual User: 0
[2018.10.31-16.41.15:804][  0]LogSlate: Slate User Registered.  User Index 0, Is Virtual User: 0
[2018.10.31-16.41.17:361][  0]LogHMD: Failed to initialize OpenVR with code 110
[2018.10.31-16.41.17:361][  0]LogD3D11RHI: D3D11 adapters:
[2018.10.31-16.41.17:843][  0]LogD3D11RHI:    0. 'NVIDIA GeForce GTX 1050 Ti' (Feature Level 11_0)
[2018.10.31-16.41.17:844][  0]LogD3D11RHI:       4018/0/8117 MB DedicatedVideo/DedicatedSystem/SharedSystem, Outputs:1, VendorId:0x10de
[2018.10.31-16.41.17:860][  0]LogD3D11RHI:    1. 'Intel(R) UHD Graphics 630' (Feature Level 11_0)
[2018.10.31-16.41.17:860][  0]LogD3D11RHI:       128/0/8117 MB DedicatedVideo/DedicatedSystem/SharedSystem, Outputs:0, VendorId:0x8086
[2018.10.31-16.41.17:862][  0]LogD3D11RHI:    2. 'Microsoft Basic Render Driver' (Feature Level 11_0)
[2018.10.31-16.41.17:862][  0]LogD3D11RHI:       0/0/8117 MB DedicatedVideo/DedicatedSystem/SharedSystem, Outputs:0, VendorId:0x1414
[2018.10.31-16.41.17:863][  0]LogD3D11RHI:    3. 'Microsoft Basic Render Driver' (Feature Level 11_0)
[2018.10.31-16.41.17:863][  0]LogD3D11RHI:       0/0/8117 MB DedicatedVideo/DedicatedSystem/SharedSystem, Outputs:0, VendorId:0x1414
[2018.10.31-16.41.17:863][  0]LogD3D11RHI: Chosen D3D11 Adapter: 0
[2018.10.31-16.41.17:884][  0]LogD3D11RHI: Creating new Direct3DDevice
[2018.10.31-16.41.17:884][  0]LogD3D11RHI:     GPU DeviceId: 0x1c8c (for the marketing name, search the web for "GPU Device Id")
[2018.10.31-16.41.17:884][  0]LogWindows: EnumDisplayDevices:
[2018.10.31-16.41.17:884][  0]LogWindows:    0. 'Intel(R) UHD Graphics 630' (P:1 D:1)
[2018.10.31-16.41.17:884][  0]LogWindows:    1. 'Intel(R) UHD Graphics 630' (P:0 D:0)
[2018.10.31-16.41.17:884][  0]LogWindows:    2. 'Intel(R) UHD Graphics 630' (P:0 D:0)
[2018.10.31-16.41.17:885][  0]LogWindows:    3. 'NVIDIA GeForce GTX 1050 Ti' (P:0 D:0)
[2018.10.31-16.41.17:885][  0]LogWindows:    4. 'NVIDIA GeForce GTX 1050 Ti' (P:0 D:0)
[2018.10.31-16.41.17:885][  0]LogWindows:    5. 'Asus ScreenPad Display' (P:0 D:0)
[2018.10.31-16.41.17:885][  0]LogWindows: DebugString: PrimaryIsNotTheChoosenAdapter PrimaryIsNotTheChoosenAdapter PrimaryIsNotTheChoosenAdapter GetVideoDriverDetailsInvalid PrimaryIsNotTheChoosenAdapter FoundDriverCount:2 
[2018.10.31-16.41.17:885][  0]LogD3D11RHI:     Adapter Name: NVIDIA GeForce GTX 1050 Ti
[2018.10.31-16.41.17:885][  0]LogD3D11RHI:   Driver Version: 398.36 (internal:24.21.13.9836, unified:398.36)
[2018.10.31-16.41.17:885][  0]LogD3D11RHI:      Driver Date: 6-24-2018
[2018.10.31-16.41.17:885][  0]LogRHI: Texture pool is 2812 MB (70% of 4018 MB)
[2018.10.31-16.41.17:920][  0]LogD3D11RHI: Async texture creation enabled
[2018.10.31-16.41.17:982][  0]LogD3D11RHI: GPU Timing Frequency: 1000.000000 (Debug: 2 2)
[2018.10.31-16.41.17:987][  0]LogShaderCompilers: Guid format shader working directory is -19 characters bigger than the processId version (../../../../../../Users/olive/Documents/Unreal Projects/GameCore/Intermediate/Shaders/WorkingDirectory/11400/).
[2018.10.31-16.41.17:987][  0]LogShaderCompilers: Cleaned the shader compiler working directory 'C:/Users/olive/AppData/Local/Temp/UnrealShaderWorkingDir/60CB36C54A549D5B1AD683B1AEE794B9/'.
[2018.10.31-16.41.18:275][  0]LogTemp: Display: Loaded TP AllDesktopTargetPlatform
[2018.10.31-16.41.18:288][  0]LogTemp: Display: Loaded TP MacClientTargetPlatform
[2018.10.31-16.41.18:298][  0]LogTemp: Display: Loaded TP MacNoEditorTargetPlatform
[2018.10.31-16.41.18:309][  0]LogTemp: Display: Loaded TP MacServerTargetPlatform
[2018.10.31-16.41.18:324][  0]LogTemp: Display: Loaded TP MacTargetPlatform
[2018.10.31-16.41.18:337][  0]LogTemp: Display: Loaded TP WindowsClientTargetPlatform
[2018.10.31-16.41.18:349][  0]LogTemp: Display: Loaded TP WindowsNoEditorTargetPlatform
[2018.10.31-16.41.18:362][  0]LogTemp: Display: Loaded TP WindowsServerTargetPlatform
[2018.10.31-16.41.18:369][  0]LogTemp: Display: Loaded TP WindowsTargetPlatform
[2018.10.31-16.41.18:433][  0]LogTemp: Display: Loaded TP AndroidTargetPlatform
[2018.10.31-16.41.18:434][  0]LogTemp: Display: Loaded TP AndroidTargetPlatform
[2018.10.31-16.41.18:434][  0]LogTemp: Display: Loaded TP AndroidTargetPlatform
[2018.10.31-16.41.18:434][  0]LogTemp: Display: Loaded TP AndroidTargetPlatform
[2018.10.31-16.41.18:434][  0]LogTemp: Display: Loaded TP AndroidTargetPlatform
[2018.10.31-16.41.18:434][  0]LogTemp: Display: Loaded TP AndroidTargetPlatform
[2018.10.31-16.41.18:434][  0]LogTemp: Display: Loaded TP AndroidTargetPlatform
[2018.10.31-16.41.18:434][  0]LogTemp: Display: Loaded TP AndroidTargetPlatform
[2018.10.31-16.41.18:434][  0]LogTemp: Display: Loaded TP AndroidTargetPlatform
[2018.10.31-16.41.18:434][  0]LogTemp: Display: Loaded TP AndroidTargetPlatform
[2018.10.31-16.41.18:434][  0]LogTemp: Display: Loaded TP AndroidTargetPlatform
[2018.10.31-16.41.18:434][  0]LogTemp: Display: Loaded TP AndroidTargetPlatform
[2018.10.31-16.41.18:434][  0]LogTemp: Display: Loaded TP AndroidTargetPlatform
[2018.10.31-16.41.18:434][  0]LogTemp: Display: Loaded TP AndroidTargetPlatform
[2018.10.31-16.41.18:434][  0]LogTemp: Display: Loaded TP AndroidTargetPlatform
[2018.10.31-16.41.18:434][  0]LogTemp: Display: Loaded TP AndroidTargetPlatform
[2018.10.31-16.41.18:434][  0]LogTemp: Display: Loaded TP AndroidTargetPlatform
[2018.10.31-16.41.18:434][  0]LogTemp: Display: Loaded TP AndroidTargetPlatform
[2018.10.31-16.41.18:436][  0]LogTemp: Display: Loaded TP HTML5TargetPlatform
[2018.10.31-16.41.18:510][  0]LogTemp: Display: Loaded TP IOSTargetPlatform
[2018.10.31-16.41.18:510][  0]LogTemp: Display: Loaded TP IOSTargetPlatform
[2018.10.31-16.41.18:529][  0]LogTemp: Display: Loaded TP TVOSTargetPlatform
[2018.10.31-16.41.18:529][  0]LogTemp: Display: Loaded TP TVOSTargetPlatform
[2018.10.31-16.41.18:540][  0]LogTemp: Display: Loaded TP LinuxClientTargetPlatform
[2018.10.31-16.41.18:551][  0]LogTemp: Display: Loaded TP LinuxNoEditorTargetPlatform
[2018.10.31-16.41.18:562][  0]LogTemp: Display: Loaded TP LinuxServerTargetPlatform
[2018.10.31-16.41.18:579][  0]LogTemp: Display: Loaded TP LinuxTargetPlatform
[2018.10.31-16.41.18:587][  0]LogTemp: Display: Loaded TP LuminTargetPlatform
[2018.10.31-16.41.18:587][  0]LogTargetPlatformManager: Display: Building Assets For Windows
[2018.10.31-16.41.18:689][  0]LogXGEController: Cleaning working directory: C:/Users/olive/AppData/Local/Temp/UnrealXGEWorkingDir/
[2018.10.31-16.41.18:689][  0]LogXGEController: Cannot use XGE Controller as Incredibuild is not installed on this machine.
[2018.10.31-16.41.18:689][  0]LogShaderCompilers: Cannot use XGE Shader Compiler as Incredibuild is not installed on this machine.
[2018.10.31-16.41.18:689][  0]LogShaderCompilers: Display: Using Local Shader Compiler.
[2018.10.31-16.41.20:032][  0]LogDerivedDataCache: Display: Max Cache Size: 512 MB
[2018.10.31-16.41.20:275][  0]LogDerivedDataCache: Loaded boot cache 0.24s 73MB C:/Users/olive/AppData/Local/UnrealEngine/4.20/DerivedDataCache/Boot.ddc.
[2018.10.31-16.41.20:275][  0]LogDerivedDataCache: Display: Loaded Boot cache: C:/Users/olive/AppData/Local/UnrealEngine/4.20/DerivedDataCache/Boot.ddc
[2018.10.31-16.41.20:276][  0]LogDerivedDataCache: FDerivedDataBackendGraph:  Pak pak cache file ../../../../../../Users/olive/Documents/Unreal Projects/GameCore/DerivedDataCache/DDC.ddp not found, will not use a pak cache.
[2018.10.31-16.41.20:276][  0]LogDerivedDataCache: Unable to find inner node Pak for hierarchical cache Hierarchy.
[2018.10.31-16.41.20:276][  0]LogDerivedDataCache: FDerivedDataBackendGraph:  CompressedPak pak cache file ../../../../../../Users/olive/Documents/Unreal Projects/GameCore/DerivedDataCache/Compressed.ddp not found, will not use a pak cache.
[2018.10.31-16.41.20:276][  0]LogDerivedDataCache: Unable to find inner node CompressedPak for hierarchical cache Hierarchy.
[2018.10.31-16.41.20:295][  0]LogDerivedDataCache: Display: Pak cache opened for reading ../../../Engine/DerivedDataCache/Compressed.ddp.
[2018.10.31-16.41.20:307][  0]LogDerivedDataCache: Using Local data cache path C:/Users/olive/AppData/Local/UnrealEngine/Common/DerivedDataCache: Writable
[2018.10.31-16.41.20:307][  0]LogDerivedDataCache: Shared data cache path not found in *engine.ini, will not use an Shared cache.
[2018.10.31-16.41.20:307][  0]LogDerivedDataCache: Unable to find inner node Shared for hierarchical cache Hierarchy.
[2018.10.31-16.41.20:322][  0]LogMaterial: Verifying Global Shaders for PCD3D_SM5
[2018.10.31-16.41.20:332][  0]LogSlate: Using FreeType 2.6.0
[2018.10.31-16.41.20:349][  0]LogSlate: SlateFontServices - WITH_FREETYPE: 1, WITH_HARFBUZZ: 1
[2018.10.31-16.41.20:584][  0]LogAssetRegistry: FAssetRegistry took 0.0275 seconds to start up
[2018.10.31-16.41.20:876][  0]LogInit: Selected Device Profile: [Windows]
[2018.10.31-16.41.21:132][  0]LogSimplygon: Simplygon DLL not present - disabling.
[2018.10.31-16.41.21:163][  0]LogMeshReduction: Using SimplygonSwarm for distributed automatic mesh merging
[2018.10.31-16.41.21:163][  0]LogMeshReduction: Using ProxyLODMeshReduction for automatic mesh merging
[2018.10.31-16.41.21:164][  0]LogMeshReduction: Using QuadricMeshReduction for automatic static mesh reduction
[2018.10.31-16.41.21:164][  0]LogMeshReduction: No automatic skeletal mesh reduction module available
[2018.10.31-16.41.21:311][  0]LogNetVersion: GameCore 1.0.0, NetCL: 4212847, EngineNetVer: 5, GameNetVer: 0 (Checksum: 648851774)
[2018.10.31-16.41.22:432][  0]LogPackageLocalizationCache: Processed 11 localized package path(s) for 1 prioritized culture(s) in 0.042685 seconds
[2018.10.31-16.41.22:438][  0]LogUObjectArray: 38425 objects as part of root set at end of initial load.
[2018.10.31-16.41.22:438][  0]LogUObjectAllocator: 6690872 out of 0 bytes used by permanent object pool.
[2018.10.31-16.41.22:438][  0]LogUObjectArray: CloseDisregardForGC: 0/0 objects in disregard for GC pool
[2018.10.31-16.41.25:437][  0]LogTcpMessaging: Initializing TcpMessaging bridge
[2018.10.31-16.41.25:453][  0]LogUdpMessaging: Initializing bridge on interface 0.0.0.0:0 to multicast group 230.0.0.1:6666.
[2018.10.31-16.41.26:082][  0]SourceControl: Source control is disabled
[2018.10.31-16.41.26:082][  0]SourceControl: Source control is disabled
[2018.10.31-16.41.26:091][  0]SourceControl: Source control is disabled
[2018.10.31-16.41.26:097][  0]SourceControl: Source control is disabled
[2018.10.31-16.41.26:488][  0]LogAndroidPermission: UAndroidPermissionCallbackProxy::GetInstance
[2018.10.31-16.41.26:565][  0]LogOcInput: OculusInput pre-init called
[2018.10.31-16.41.26:657][  0]LogEngine: Initializing Engine...
[2018.10.31-16.41.26:659][  0]LogHMD: Failed to initialize OpenVR with code 110
[2018.10.31-16.41.26:661][  0]LogStats: UGameplayTagsManager::ConstructGameplayTagTree: ImportINI prefixes -  0.000 s
[2018.10.31-16.41.26:661][  0]LogStats: UGameplayTagsManager::ConstructGameplayTagTree: Construct from data asset -  0.000 s
[2018.10.31-16.41.26:662][  0]LogStats: UGameplayTagsManager::ConstructGameplayTagTree: ImportINI -  0.000 s
[2018.10.31-16.41.26:662][  0]LogStats: UGameplayTagsManager::ConstructGameplayTagTree: GameplayTagTreeChangedEvent.Broadcast -  0.000 s
[2018.10.31-16.41.26:975][  0]LogInit: Initializing FReadOnlyCVARCache
[2018.10.31-16.41.27:013][  0]LogAIModule: Creating AISystem for world Untitled
[2018.10.31-16.41.27:030][  0]LogInit: XAudio2 using 'Speakers (Realtek(R) Audio)' : 2 channels at 48 kHz using 32 bits per sample (channel mask 0x3)
[2018.10.31-16.41.27:265][  0]LogInit: FAudioDevice initialized.
[2018.10.31-16.41.27:265][  0]LogNetVersion: Set ProjectVersion to 1.0.0.0. Version Checksum will be recalculated on next use.
[2018.10.31-16.41.27:324][  0]LogDerivedDataCache: Saved boot cache 0.06s 73MB C:/Users/olive/AppData/Local/UnrealEngine/4.20/DerivedDataCache/Boot.ddc.
[2018.10.31-16.41.27:334][  0]LogInit: Texture streaming: Enabled
[2018.10.31-16.41.27:358][  0]LogEngineSessionManager: EngineSessionManager initialized
[2018.10.31-16.41.27:426][  0]LogInit: Transaction tracking system initialized
[2018.10.31-16.41.27:493][  0]BlueprintLog: New page: Editor Load
[2018.10.31-16.41.27:694][  0]LocalizationService: Localization service is disabled
[2018.10.31-16.41.28:179][  0]LogCook: Display: Max memory allowance for cook 16384mb min free memory 0mb
[2018.10.31-16.41.28:179][  0]LogCook: Display: Mobile HDR setting 1
[2018.10.31-16.41.28:180][  0]LogGameplayTags: Display: UGameplayTagsManager::DoneAddingNativeTags. DelegateIsBound: 0
[2018.10.31-16.41.28:180][  0]LogStats: UGameplayTagsManager::ConstructGameplayTagTree: ImportINI prefixes -  0.000 s
[2018.10.31-16.41.28:180][  0]LogStats: UGameplayTagsManager::ConstructGameplayTagTree: Construct from data asset -  0.000 s
[2018.10.31-16.41.28:180][  0]LogStats: UGameplayTagsManager::ConstructGameplayTagTree: ImportINI -  0.000 s
[2018.10.31-16.41.28:180][  0]LogStats: UGameplayTagsManager::ConstructGameplayTagTree: GameplayTagTreeChangedEvent.Broadcast -  0.000 s
[2018.10.31-16.41.28:454][  0]LogFileCache: Scanning file cache for directory 'C:/Users/olive/Documents/Unreal Projects/GameCore/Content/' took 0.02s
[2018.10.31-16.41.28:454][  0]SourceControl: Source control is disabled
[2018.10.31-16.41.28:455][  0]Cmd: MAP LOAD FILE="../../../../../../Users/olive/Documents/Unreal Projects/GameCore/Content/ThirdPersonCPP/Maps/ThirdPersonExampleMap.umap" TEMPLATE=0 SHOWPROGRESS=1 FEATURELEVEL=3
[2018.10.31-16.41.28:456][  0]LightingResults: New page: Lighting Build
[2018.10.31-16.41.28:463][  0]MapCheck: New page: Map Check
[2018.10.31-16.41.28:463][  0]LightingResults: New page: Lighting Build
[2018.10.31-16.41.28:747][  0]LogAIModule: Creating AISystem for world ThirdPersonExampleMap
[2018.10.31-16.41.28:773][  0]LogEditorServer: Finished looking for orphan Actors (0.000 secs)
[2018.10.31-16.41.28:798][  0]Cmd: MAP CHECKDEP NOCLEARLOG
[2018.10.31-16.41.28:854][  0]MapCheck: Map check complete: 0 Error(s), 0 Warning(s), took 55,951ms to complete.
[2018.10.31-16.41.28:854][  0]LogFileHelpers: Loading map 'ThirdPersonExampleMap' took 0.399
[2018.10.31-16.41.28:973][  0]LogSlate: Updating window title bar state: overlay mode, drag disabled, window buttons hidden, title bar hidden
[2018.10.31-16.41.28:979][  0]LogSlate: Updating window title bar state: overlay mode, drag disabled, window buttons hidden, title bar hidden
[2018.10.31-16.41.28:985][  0]LogSlate: Updating window title bar state: overlay mode, drag disabled, window buttons hidden, title bar hidden
[2018.10.31-16.41.28:990][  0]LogSlate: Updating window title bar state: overlay mode, drag disabled, window buttons hidden, title bar hidden
[2018.10.31-16.41.29:005][  0]LogCollectionManager: Loaded 0 collections in 0.002033 seconds
[2018.10.31-16.41.29:053][  0]LogFileCache: Scanning file cache for directory 'C:/Users/olive/Documents/Unreal Projects/GameCore/Saved/Collections/' took 0.01s
[2018.10.31-16.41.29:053][  0]LogFileCache: Scanning file cache for directory 'C:/Users/olive/Documents/Unreal Projects/GameCore/Content/Developers/olive/Collections/' took 0.01s
[2018.10.31-16.41.29:053][  0]LogFileCache: Scanning file cache for directory 'C:/Users/olive/Documents/Unreal Projects/GameCore/Content/Collections/' took 0.01s
[2018.10.31-16.41.29:053][  0]LogCollectionManager: Rebuilt the GUID cache for 0 collections in 0.000000 seconds
[2018.10.31-16.41.29:064][  0]LogContentBrowser: Native class hierarchy populated in 0.0094 seconds. Added 2574 classes and 605 folders.
[2018.10.31-16.41.29:075][  0]LogContentBrowser: Native class hierarchy updated for 'WidgetCarousel' in 0.0002 seconds. Added 0 classes and 0 folders.
[2018.10.31-16.41.29:376][  0]LogContentBrowser: Native class hierarchy updated for 'AddContentDialog' in 0.0002 seconds. Added 0 classes and 0 folders.
[2018.10.31-16.41.29:385][  0]LogContentBrowser: Native class hierarchy updated for 'SceneOutliner' in 0.0002 seconds. Added 1 classes and 2 folders.
[2018.10.31-16.41.29:431][  0]LogSlate: Took 0.006648 seconds to synchronously load lazily loaded font '../../../Engine/Content/Slate/Fonts/Roboto-Regular.ttf' (155K)
[2018.10.31-16.41.29:437][  0]LogSlate: Took 0.004295 seconds to synchronously load lazily loaded font '../../../Engine/Content/Slate/Fonts/Roboto-Bold.ttf' (160K)
[2018.10.31-16.41.29:448][  0]LogSlate: Took 0.003972 seconds to synchronously load lazily loaded font '../../../Engine/Content/Editor/Slate/Fonts/FontAwesome.ttf' (139K)
[2018.10.31-16.41.29:559][  0]LogRenderer: Reallocating scene render targets to support 964x436 Format 10 NumSamples 1 (Frame:1).
[2018.10.31-16.41.29:760][  0]LogContentBrowser: Native class hierarchy updated for 'HierarchicalLODOutliner' in 0.0003 seconds. Added 0 classes and 0 folders.
[2018.10.31-16.41.29:760][  0]LogLoad: (Engine Initialization) Total time: 17.88 seconds
[2018.10.31-16.41.29:760][  0]LogLoad: (Engine Initialization) Total Blueprint compile time: 0.00 seconds
[2018.10.31-16.41.29:806][  0]LogContentStreaming: Texture pool size now 1000 MB
[2018.10.31-16.41.29:850][  1]LogAssetRegistry: Asset discovery search completed in 9.2891 seconds
[2018.10.31-16.41.29:852][  1]LogCollectionManager: Rebuilt the object cache for 0 collections in 0.000000 seconds (found 0 objects)
[2018.10.31-16.41.29:852][  1]LogCollectionManager: Fixed up redirectors for 0 collections in 0.000039 seconds (updated 0 objects)
[2018.10.31-18.13.11:760][530]LogSlate: FSceneViewport::OnFocusLost() reason 0
[2018.10.31-18.13.11:930][536]LogSlate: Took 0.005743 seconds to synchronously load lazily loaded font '../../../Engine/Content/Slate/Fonts/Roboto-Light.ttf' (167K)
[2018.10.31-18.13.11:940][536]LogAssetEditorManager: Opening Asset editor for Blueprint /Game/ThirdPersonCPP/Blueprints/ThirdPersonCharacter.ThirdPersonCharacter
[2018.10.31-18.13.12:525][536]LogContentBrowser: Native class hierarchy updated for 'BlueprintGraph' in 0.0006 seconds. Added 116 classes and 0 folders.
[2018.10.31-18.13.13:180][536]LogSlate: Took 0.003668 seconds to synchronously load lazily loaded font '../../../Engine/Content/Slate/Fonts/Roboto-BoldCondensed.ttf' (158K)
[2018.10.31-18.13.30:579][346]LogSlate: Took 0.016813 seconds to synchronously load lazily loaded font '../../../Engine/Content/Slate/Fonts/Roboto-Italic.ttf' (157K)
[2018.10.31-18.13.31:308][380]LogRenderer: Reallocating scene render targets to support 964x688 Format 10 NumSamples 1 (Frame:1).
[2018.10.31-18.13.47:577][173]LogSlate: FSceneViewport::OnFocusLost() reason 0
[2018.10.31-18.13.56:654][652]LogSlate: Window 'ThirdPersonCharacter' being destroyed
[2018.10.31-18.13.56:661][652]LogSlate: Window 'ThirdPersonCharacter' being destroyed
[2018.10.31-18.13.58:657][815]LogTemp: Repeating last play command: Selected Viewport
[2018.10.31-18.13.58:682][815]LogBlueprintUserMessages: Early PlayInEditor Detection: Level '/Game/ThirdPersonCPP/Maps/ThirdPersonExampleMap.ThirdPersonExampleMap:PersistentLevel' has LevelScriptBlueprint '/Game/ThirdPersonCPP/Maps/ThirdPersonExampleMap.ThirdPersonExampleMap:PersistentLevel.ThirdPersonExampleMap' with GeneratedClass '/Game/ThirdPersonCPP/Maps/ThirdPersonExampleMap.ThirdPersonExampleMap_C' with ClassGeneratedBy '/Game/ThirdPersonCPP/Maps/ThirdPersonExampleMap.ThirdPersonExampleMap:PersistentLevel.ThirdPersonExampleMap'
[2018.10.31-18.13.58:683][815]LogPlayLevel: PlayLevel: No blueprints needed recompiling
[2018.10.31-18.13.58:697][815]PIE: New page: PIE session: ThirdPersonExampleMap (31/10/2018 20.13.58)
[2018.10.31-18.13.58:698][815]LogPlayLevel: Creating play world package: /Game/ThirdPersonCPP/Maps/UEDPIE_0_ThirdPersonExampleMap
[2018.10.31-18.13.58:716][815]LogPlayLevel: PIE: StaticDuplicateObject took: (0.018438s)
[2018.10.31-18.13.58:717][815]LogAIModule: Creating AISystem for world ThirdPersonExampleMap
[2018.10.31-18.13.58:717][815]LogPlayLevel: PIE: World Init took: (0.001103s)
[2018.10.31-18.13.58:717][815]LogPlayLevel: PIE: Created PIE world by copying editor world from /Game/ThirdPersonCPP/Maps/ThirdPersonExampleMap.ThirdPersonExampleMap to /Game/ThirdPersonCPP/Maps/UEDPIE_0_ThirdPersonExampleMap.ThirdPersonExampleMap (0.019717s)
[2018.10.31-18.13.58:746][815]LogInit: XAudio2 using 'Speakers (Realtek(R) Audio)' : 2 channels at 48 kHz using 32 bits per sample (channel mask 0x3)
[2018.10.31-18.13.58:756][815]LogInit: FAudioDevice initialized.
[2018.10.31-18.13.58:795][815]LogLoad: Game class is 'GameCoreGameMode'
[2018.10.31-18.13.58:798][815]LogWorld: Bringing World /Game/ThirdPersonCPP/Maps/UEDPIE_0_ThirdPersonExampleMap.ThirdPersonExampleMap up for play (max tick rate 0) at 2018.10.31-19.13.58
[2018.10.31-18.13.58:798][815]LogWorld: Bringing up level for play took: 0.001168
[2018.10.31-18.13.58:820][815]LogContentBrowser: Native class hierarchy updated for 'MovieSceneCapture' in 0.0003 seconds. Added 10 classes and 0 folders.
[2018.10.31-18.13.58:821][815]PIE: Play in editor start time for /Game/ThirdPersonCPP/Maps/UEDPIE_0_ThirdPersonExampleMap 0,243
[2018.10.31-18.13.58:821][815]LogBlueprintUserMessages: Late PlayInEditor Detection: Level '/Game/ThirdPersonCPP/Maps/ThirdPersonExampleMap.ThirdPersonExampleMap:PersistentLevel' has LevelScriptBlueprint '/Game/ThirdPersonCPP/Maps/ThirdPersonExampleMap.ThirdPersonExampleMap:PersistentLevel.ThirdPersonExampleMap' with GeneratedClass '/Game/ThirdPersonCPP/Maps/ThirdPersonExampleMap.ThirdPersonExampleMap_C' with ClassGeneratedBy '/Game/ThirdPersonCPP/Maps/ThirdPersonExampleMap.ThirdPersonExampleMap:PersistentLevel.ThirdPersonExampleMap'
[2018.10.31-18.14.08:706][704]LogBlueprintUserMessages: Early EndPlayMap Detection: Level '/Game/ThirdPersonCPP/Maps/ThirdPersonExampleMap.ThirdPersonExampleMap:PersistentLevel' has LevelScriptBlueprint '/Game/ThirdPersonCPP/Maps/ThirdPersonExampleMap.ThirdPersonExampleMap:PersistentLevel.ThirdPersonExampleMap' with GeneratedClass '/Game/ThirdPersonCPP/Maps/ThirdPersonExampleMap.ThirdPersonExampleMap_C' with ClassGeneratedBy '/Game/ThirdPersonCPP/Maps/ThirdPersonExampleMap.ThirdPersonExampleMap:PersistentLevel.ThirdPersonExampleMap'
[2018.10.31-18.14.08:708][704]LogSlate: Updating window title bar state: overlay mode, drag disabled, window buttons hidden, title bar hidden
[2018.10.31-18.14.08:753][704]LogPlayLevel: Display: Shutting down PIE online subsystems
[2018.10.31-18.14.08:753][704]LogBlueprintUserMessages: Late EndPlayMap Detection: Level '/Game/ThirdPersonCPP/Maps/ThirdPersonExampleMap.ThirdPersonExampleMap:PersistentLevel' has LevelScriptBlueprint '/Game/ThirdPersonCPP/Maps/ThirdPersonExampleMap.ThirdPersonExampleMap:PersistentLevel.ThirdPersonExampleMap' with GeneratedClass '/Game/ThirdPersonCPP/Maps/ThirdPersonExampleMap.ThirdPersonExampleMap_C' with ClassGeneratedBy '/Game/ThirdPersonCPP/Maps/ThirdPersonExampleMap.ThirdPersonExampleMap:PersistentLevel.ThirdPersonExampleMap'
[2018.10.31-18.14.08:779][704]LogSlate: Updating window title bar state: overlay mode, drag disabled, window buttons hidden, title bar hidden
[2018.10.31-18.14.08:807][705]LogPlayLevel: Display: Destroying online subsystem :Context_3
[2018.10.31-18.14.10:039][808]LogSlate: FSceneViewport::OnFocusLost() reason 0
[2018.10.31-18.14.10:218][819]LogAssetEditorManager: Opening Asset editor for WidgetBlueprint /Game/ThirdPersonCPP/Blueprints/MMORPGHUD.MMORPGHUD
[2018.10.31-18.14.49:666][686]LogSlate: Window 'Color Picker' being destroyed
[2018.10.31-18.15.18:275][998]BlueprintLog: New page: Compile MMORPGHUD
[2018.10.31-18.15.19:691][ 58]LogSlate: Window 'MMORPGHUD*' being destroyed
[2018.10.31-18.15.19:699][ 58]LogSlate: Window 'MMORPGHUD*' being destroyed
[2018.10.31-18.15.20:870][152]LogTemp: Repeating last play command: Selected Viewport
[2018.10.31-18.15.20:894][152]LogBlueprintUserMessages: Early PlayInEditor Detection: Level '/Game/ThirdPersonCPP/Maps/ThirdPersonExampleMap.ThirdPersonExampleMap:PersistentLevel' has LevelScriptBlueprint '/Game/ThirdPersonCPP/Maps/ThirdPersonExampleMap.ThirdPersonExampleMap:PersistentLevel.ThirdPersonExampleMap' with GeneratedClass '/Game/ThirdPersonCPP/Maps/ThirdPersonExampleMap.ThirdPersonExampleMap_C' with ClassGeneratedBy '/Game/ThirdPersonCPP/Maps/ThirdPersonExampleMap.ThirdPersonExampleMap:PersistentLevel.ThirdPersonExampleMap'
[2018.10.31-18.15.20:894][152]LogPlayLevel: PlayLevel: No blueprints needed recompiling
[2018.10.31-18.15.20:895][152]PIE: New page: PIE session: ThirdPersonExampleMap (31/10/2018 20.15.20)
[2018.10.31-18.15.20:895][152]LogPlayLevel: Creating play world package: /Game/ThirdPersonCPP/Maps/UEDPIE_0_ThirdPersonExampleMap
[2018.10.31-18.15.20:910][152]LogPlayLevel: PIE: StaticDuplicateObject took: (0.014687s)
[2018.10.31-18.15.20:911][152]LogAIModule: Creating AISystem for world ThirdPersonExampleMap
[2018.10.31-18.15.20:912][152]LogPlayLevel: PIE: World Init took: (0.002028s)
[2018.10.31-18.15.20:912][152]LogPlayLevel: PIE: Created PIE world by copying editor world from /Game/ThirdPersonCPP/Maps/ThirdPersonExampleMap.ThirdPersonExampleMap to /Game/ThirdPersonCPP/Maps/UEDPIE_0_ThirdPersonExampleMap.ThirdPersonExampleMap (0.017097s)
[2018.10.31-18.15.20:938][152]LogInit: XAudio2 using 'Speakers (Realtek(R) Audio)' : 2 channels at 48 kHz using 32 bits per sample (channel mask 0x3)
[2018.10.31-18.15.20:948][152]LogInit: FAudioDevice initialized.
[2018.10.31-18.15.20:985][152]LogLoad: Game class is 'GameCoreGameMode'
[2018.10.31-18.15.20:992][152]LogWorld: Bringing World /Game/ThirdPersonCPP/Maps/UEDPIE_0_ThirdPersonExampleMap.ThirdPersonExampleMap up for play (max tick rate 0) at 2018.10.31-19.15.20
[2018.10.31-18.15.20:993][152]LogWorld: Bringing up level for play took: 0.004707
[2018.10.31-18.15.21:007][152]PIE: Play in editor start time for /Game/ThirdPersonCPP/Maps/UEDPIE_0_ThirdPersonExampleMap 0,429
[2018.10.31-18.15.21:007][152]LogBlueprintUserMessages: Late PlayInEditor Detection: Level '/Game/ThirdPersonCPP/Maps/ThirdPersonExampleMap.ThirdPersonExampleMap:PersistentLevel' has LevelScriptBlueprint '/Game/ThirdPersonCPP/Maps/ThirdPersonExampleMap.ThirdPersonExampleMap:PersistentLevel.ThirdPersonExampleMap' with GeneratedClass '/Game/ThirdPersonCPP/Maps/ThirdPersonExampleMap.ThirdPersonExampleMap_C' with ClassGeneratedBy '/Game/ThirdPersonCPP/Maps/ThirdPersonExampleMap.ThirdPersonExampleMap:PersistentLevel.ThirdPersonExampleMap'
[2018.10.31-18.15.26:937][684]LogBlueprintUserMessages: Early EndPlayMap Detection: Level '/Game/ThirdPersonCPP/Maps/ThirdPersonExampleMap.ThirdPersonExampleMap:PersistentLevel' has LevelScriptBlueprint '/Game/ThirdPersonCPP/Maps/ThirdPersonExampleMap.ThirdPersonExampleMap:PersistentLevel.ThirdPersonExampleMap' with GeneratedClass '/Game/ThirdPersonCPP/Maps/ThirdPersonExampleMap.ThirdPersonExampleMap_C' with ClassGeneratedBy '/Game/ThirdPersonCPP/Maps/ThirdPersonExampleMap.ThirdPersonExampleMap:PersistentLevel.ThirdPersonExampleMap'
[2018.10.31-18.15.26:937][684]LogSlate: Updating window title bar state: overlay mode, drag disabled, window buttons hidden, title bar hidden
[2018.10.31-18.15.26:990][684]LogPlayLevel: Display: Shutting down PIE online subsystems
[2018.10.31-18.15.26:990][684]LogBlueprintUserMessages: Late EndPlayMap Detection: Level '/Game/ThirdPersonCPP/Maps/ThirdPersonExampleMap.ThirdPersonExampleMap:PersistentLevel' has LevelScriptBlueprint '/Game/ThirdPersonCPP/Maps/ThirdPersonExampleMap.ThirdPersonExampleMap:PersistentLevel.ThirdPersonExampleMap' with GeneratedClass '/Game/ThirdPersonCPP/Maps/ThirdPersonExampleMap.ThirdPersonExampleMap_C' with ClassGeneratedBy '/Game/ThirdPersonCPP/Maps/ThirdPersonExampleMap.ThirdPersonExampleMap:PersistentLevel.ThirdPersonExampleMap'
[2018.10.31-18.15.27:017][684]LogSlate: Updating window title bar state: overlay mode, drag disabled, window buttons hidden, title bar hidden
[2018.10.31-18.15.27:038][685]LogPlayLevel: Display: Destroying online subsystem :Context_6
[2018.10.31-18.15.52:376][852]LogFileHelpers: Editor autosave (incl. sublevels) for '/Game/ThirdPersonCPP/Maps/ThirdPersonExampleMap' took 0.024
[2018.10.31-18.15.52:379][852]OBJ SavePackage: Generating thumbnails for [0] asset(s) in package [/Game/ThirdPersonCPP/Blueprints/MMORPGHUD] ([1] browsable assets)...
[2018.10.31-18.15.52:379][852]OBJ SavePackage: Finished generating thumbnails for package [/Game/ThirdPersonCPP/Blueprints/MMORPGHUD]
[2018.10.31-18.15.52:406][852]LogSavePackage: Moving '../../../../../../Users/olive/Documents/Unreal Projects/GameCore/Saved/MMORPGHUD_Auto174E7DDE5416D2859409EC3924659EE45.tmp' to '../../../../../../Users/olive/Documents/Unreal Projects/GameCore/Saved/Autosaves/Game/ThirdPersonCPP/Blueprints/MMORPGHUD_Auto1.uasset'
[2018.10.31-18.15.52:408][852]LogFileHelpers: Auto-saving content packages took 0.032
[2018.10.31-18.15.56:370][896]LogSlate: FSceneViewport::OnFocusLost() reason 0
[2018.10.31-18.15.56:544][901]LogAssetEditorManager: Opening Asset editor for Blueprint /Game/ThirdPersonCPP/Blueprints/ThirdPersonCharacter.ThirdPersonCharacter
[2018.10.31-18.16.41:197][774]BlueprintLog: New page: Compile ThirdPersonCharacter
[2018.10.31-18.16.42:928][861]LogSlate: Window 'ThirdPersonCharacter*' being destroyed
[2018.10.31-18.16.42:943][861]LogSlate: Window 'ThirdPersonCharacter*' being destroyed
[2018.10.31-18.16.44:707][ 11]LogTemp: Repeating last play command: Selected Viewport
[2018.10.31-18.16.44:729][ 11]LogBlueprintUserMessages: Early PlayInEditor Detection: Level '/Game/ThirdPersonCPP/Maps/ThirdPersonExampleMap.ThirdPersonExampleMap:PersistentLevel' has LevelScriptBlueprint '/Game/ThirdPersonCPP/Maps/ThirdPersonExampleMap.ThirdPersonExampleMap:PersistentLevel.ThirdPersonExampleMap' with GeneratedClass '/Game/ThirdPersonCPP/Maps/ThirdPersonExampleMap.ThirdPersonExampleMap_C' with ClassGeneratedBy '/Game/ThirdPersonCPP/Maps/ThirdPersonExampleMap.ThirdPersonExampleMap:PersistentLevel.ThirdPersonExampleMap'
[2018.10.31-18.16.44:730][ 11]LogPlayLevel: PlayLevel: No blueprints needed recompiling
[2018.10.31-18.16.44:730][ 11]PIE: New page: PIE session: ThirdPersonExampleMap (31/10/2018 20.16.44)
[2018.10.31-18.16.44:730][ 11]LogPlayLevel: Creating play world package: /Game/ThirdPersonCPP/Maps/UEDPIE_0_ThirdPersonExampleMap
[2018.10.31-18.16.44:748][ 11]LogPlayLevel: PIE: StaticDuplicateObject took: (0.018257s)
[2018.10.31-18.16.44:750][ 11]LogAIModule: Creating AISystem for world ThirdPersonExampleMap
[2018.10.31-18.16.44:751][ 11]LogPlayLevel: PIE: World Init took: (0.002321s)
[2018.10.31-18.16.44:751][ 11]LogPlayLevel: PIE: Created PIE world by copying editor world from /Game/ThirdPersonCPP/Maps/ThirdPersonExampleMap.ThirdPersonExampleMap to /Game/ThirdPersonCPP/Maps/UEDPIE_0_ThirdPersonExampleMap.ThirdPersonExampleMap (0.020933s)
[2018.10.31-18.16.44:776][ 11]LogInit: XAudio2 using 'Speakers (Realtek(R) Audio)' : 2 channels at 48 kHz using 32 bits per sample (channel mask 0x3)
[2018.10.31-18.16.44:787][ 11]LogInit: FAudioDevice initialized.
[2018.10.31-18.16.44:821][ 11]LogLoad: Game class is 'GameCoreGameMode'
[2018.10.31-18.16.44:827][ 11]LogWorld: Bringing World /Game/ThirdPersonCPP/Maps/UEDPIE_0_ThirdPersonExampleMap.ThirdPersonExampleMap up for play (max tick rate 0) at 2018.10.31-19.16.44
[2018.10.31-18.16.44:828][ 11]LogWorld: Bringing up level for play took: 0.004272
[2018.10.31-18.16.44:844][ 11]PIE: Play in editor start time for /Game/ThirdPersonCPP/Maps/UEDPIE_0_ThirdPersonExampleMap 0,267
[2018.10.31-18.16.44:845][ 11]LogBlueprintUserMessages: Late PlayInEditor Detection: Level '/Game/ThirdPersonCPP/Maps/ThirdPersonExampleMap.ThirdPersonExampleMap:PersistentLevel' has LevelScriptBlueprint '/Game/ThirdPersonCPP/Maps/ThirdPersonExampleMap.ThirdPersonExampleMap:PersistentLevel.ThirdPersonExampleMap' with GeneratedClass '/Game/ThirdPersonCPP/Maps/ThirdPersonExampleMap.ThirdPersonExampleMap_C' with ClassGeneratedBy '/Game/ThirdPersonCPP/Maps/ThirdPersonExampleMap.ThirdPersonExampleMap:PersistentLevel.ThirdPersonExampleMap'
[2018.10.31-18.16.58:578][245]LogBlueprintUserMessages: Early EndPlayMap Detection: Level '/Game/ThirdPersonCPP/Maps/ThirdPersonExampleMap.ThirdPersonExampleMap:PersistentLevel' has LevelScriptBlueprint '/Game/ThirdPersonCPP/Maps/ThirdPersonExampleMap.ThirdPersonExampleMap:PersistentLevel.ThirdPersonExampleMap' with GeneratedClass '/Game/ThirdPersonCPP/Maps/ThirdPersonExampleMap.ThirdPersonExampleMap_C' with ClassGeneratedBy '/Game/ThirdPersonCPP/Maps/ThirdPersonExampleMap.ThirdPersonExampleMap:PersistentLevel.ThirdPersonExampleMap'
[2018.10.31-18.16.58:578][245]LogSlate: Updating window title bar state: overlay mode, drag disabled, window buttons hidden, title bar hidden
[2018.10.31-18.16.58:633][245]LogPlayLevel: Display: Shutting down PIE online subsystems
[2018.10.31-18.16.58:633][245]LogBlueprintUserMessages: Late EndPlayMap Detection: Level '/Game/ThirdPersonCPP/Maps/ThirdPersonExampleMap.ThirdPersonExampleMap:PersistentLevel' has LevelScriptBlueprint '/Game/ThirdPersonCPP/Maps/ThirdPersonExampleMap.ThirdPersonExampleMap:PersistentLevel.ThirdPersonExampleMap' with GeneratedClass '/Game/ThirdPersonCPP/Maps/ThirdPersonExampleMap.ThirdPersonExampleMap_C' with ClassGeneratedBy '/Game/ThirdPersonCPP/Maps/ThirdPersonExampleMap.ThirdPersonExampleMap:PersistentLevel.ThirdPersonExampleMap'
[2018.10.31-18.16.58:665][245]LogSlate: Updating window title bar state: overlay mode, drag disabled, window buttons hidden, title bar hidden
[2018.10.31-18.16.58:682][247]LogPlayLevel: Display: Destroying online subsystem :Context_8
[2018.10.31-18.17.45:113][768]LogSlate: FSceneViewport::OnFocusLost() reason 0
[2018.10.31-18.17.45:324][775]LogAssetEditorManager: Opening Asset editor for Blueprint /Game/ThirdPersonCPP/Blueprints/ThirdPersonCharacter.ThirdPersonCharacter
[2018.10.31-18.21.58:430][758]LogSlate: Took 0.004091 seconds to synchronously load lazily loaded font '../../../Engine/Content/Slate/Fonts/Roboto-BoldCondensedItalic.ttf' (160K)
[2018.10.31-18.23.51:038][679]BlueprintLog: New page: Compile ThirdPersonCharacter
[2018.10.31-18.24.00:066][135]BlueprintLog: New page: Compile ThirdPersonCharacter
[2018.10.31-18.26.38:415][649]BlueprintLog: New page: Compile ThirdPersonCharacter
[2018.10.31-18.26.43:268][681]LogSavePackage: Moving '../../../../../../Users/olive/Documents/Unreal Projects/GameCore/Saved/ThirdPersonExampleMap_Auto2F1AF597F41B16C174CB745AB5DAB62D5.tmp' to '../../../../../../Users/olive/Documents/Unreal Projects/GameCore/Saved/Autosaves/Game/ThirdPersonCPP/Maps/ThirdPersonExampleMap_Auto2.umap'
[2018.10.31-18.26.43:274][681]LogFileHelpers: Editor autosave (incl. sublevels) for '/Game/ThirdPersonCPP/Maps/ThirdPersonExampleMap' took 0.182
[2018.10.31-18.26.43:274][681]LogFileHelpers: Editor autosave (incl. sublevels) for all levels took 0.182
[2018.10.31-18.26.43:284][681]OBJ SavePackage: Generating thumbnails for [1] asset(s) in package [/Game/ThirdPersonCPP/Blueprints/ThirdPersonCharacter] ([1] browsable assets)...
[2018.10.31-18.26.43:299][681]OBJ SavePackage:     Rendered thumbnail for [Blueprint /Game/ThirdPersonCPP/Blueprints/ThirdPersonCharacter.ThirdPersonCharacter]
[2018.10.31-18.26.43:299][681]OBJ SavePackage: Finished generating thumbnails for package [/Game/ThirdPersonCPP/Blueprints/ThirdPersonCharacter]
[2018.10.31-18.26.43:333][681]LogSavePackage: Moving '../../../../../../Users/olive/Documents/Unreal Projects/GameCore/Saved/ThirdPersonCharacter_Auto276A6208C49744DD78B59B288C93C61F8.tmp' to '../../../../../../Users/olive/Documents/Unreal Projects/GameCore/Saved/Autosaves/Game/ThirdPersonCPP/Blueprints/ThirdPersonCharacter_Auto2.uasset'
[2018.10.31-18.26.43:334][681]OBJ SavePackage: Generating thumbnails for [0] asset(s) in package [/Game/ThirdPersonCPP/Blueprints/MMORPGHUD] ([1] browsable assets)...
[2018.10.31-18.26.43:334][681]OBJ SavePackage: Finished generating thumbnails for package [/Game/ThirdPersonCPP/Blueprints/MMORPGHUD]
[2018.10.31-18.26.43:356][681]LogSavePackage: Moving '../../../../../../Users/olive/Documents/Unreal Projects/GameCore/Saved/MMORPGHUD_Auto2A20A70D74F6FEC687AC5AC9C57BEE632.tmp' to '../../../../../../Users/olive/Documents/Unreal Projects/GameCore/Saved/Autosaves/Game/ThirdPersonCPP/Blueprints/MMORPGHUD_Auto2.uasset'
[2018.10.31-18.26.43:358][681]LogFileHelpers: Auto-saving content packages took 0.074
[2018.10.31-18.28.41:600][564]BlueprintLog: New page: Compile ThirdPersonCharacter
[2018.10.31-18.29.04:122][ 64]BlueprintLog: New page: Compile ThirdPersonCharacter
[2018.10.31-18.30.32:816][ 46]LogEditorTransaction: Undo Add New Function
[2018.10.31-18.31.06:614][701]Cmd: TRANSACTION UNDO
[2018.10.31-18.31.06:614][701]LogEditorTransaction: Undo Add Node
[2018.10.31-18.33.48:953][431]BlueprintLog: New page: Compile ThirdPersonCharacter
[2018.10.31-18.34.45:669][814]BlueprintLog: New page: Compile ThirdPersonCharacter
[2018.10.31-18.36.43:615][541]LogSavePackage: Moving '../../../../../../Users/olive/Documents/Unreal Projects/GameCore/Saved/ThirdPersonExampleMap_Auto3FCF3CCBF44FF164EE64C7D8F016A9B2D.tmp' to '../../../../../../Users/olive/Documents/Unreal Projects/GameCore/Saved/Autosaves/Game/ThirdPersonCPP/Maps/ThirdPersonExampleMap_Auto3.umap'
[2018.10.31-18.36.43:617][541]LogFileHelpers: Editor autosave (incl. sublevels) for '/Game/ThirdPersonCPP/Maps/ThirdPersonExampleMap' took 0.152
[2018.10.31-18.36.43:618][541]LogFileHelpers: Editor autosave (incl. sublevels) for all levels took 0.152
[2018.10.31-18.36.43:620][541]OBJ SavePackage: Generating thumbnails for [1] asset(s) in package [/Game/ThirdPersonCPP/Blueprints/ThirdPersonCharacter] ([1] browsable assets)...
[2018.10.31-18.36.43:635][541]OBJ SavePackage:     Rendered thumbnail for [Blueprint /Game/ThirdPersonCPP/Blueprints/ThirdPersonCharacter.ThirdPersonCharacter]
[2018.10.31-18.36.43:635][541]OBJ SavePackage: Finished generating thumbnails for package [/Game/ThirdPersonCPP/Blueprints/ThirdPersonCharacter]
[2018.10.31-18.36.43:673][541]LogSavePackage: Moving '../../../../../../Users/olive/Documents/Unreal Projects/GameCore/Saved/ThirdPersonCharacter_Auto3A0FFCDC74032FE96EFAD15A9C9AA8B94.tmp' to '../../../../../../Users/olive/Documents/Unreal Projects/GameCore/Saved/Autosaves/Game/ThirdPersonCPP/Blueprints/ThirdPersonCharacter_Auto3.uasset'
[2018.10.31-18.36.43:674][541]OBJ SavePackage: Generating thumbnails for [0] asset(s) in package [/Game/ThirdPersonCPP/Blueprints/MMORPGHUD] ([1] browsable assets)...
[2018.10.31-18.36.43:674][541]OBJ SavePackage: Finished generating thumbnails for package [/Game/ThirdPersonCPP/Blueprints/MMORPGHUD]
[2018.10.31-18.36.43:693][541]LogSavePackage: Moving '../../../../../../Users/olive/Documents/Unreal Projects/GameCore/Saved/MMORPGHUD_Auto36D5DCB2D4CD443949CBFC6842802B2B3.tmp' to '../../../../../../Users/olive/Documents/Unreal Projects/GameCore/Saved/Autosaves/Game/ThirdPersonCPP/Blueprints/MMORPGHUD_Auto3.uasset'
[2018.10.31-18.36.43:694][541]LogFileHelpers: Auto-saving content packages took 0.075
[2018.10.31-18.49.48:061][338]LogSlate: Window 'ThirdPersonCharacter*' being destroyed
[2018.10.31-18.49.48:098][338]LogSlate: Window 'ThirdPersonCharacter*' being destroyed
[2018.10.31-18.49.51:383][511]LogTemp: Repeating last play command: Selected Viewport
[2018.10.31-18.49.51:397][511]LogBlueprintUserMessages: Early PlayInEditor Detection: Level '/Game/ThirdPersonCPP/Maps/ThirdPersonExampleMap.ThirdPersonExampleMap:PersistentLevel' has LevelScriptBlueprint '/Game/ThirdPersonCPP/Maps/ThirdPersonExampleMap.ThirdPersonExampleMap:PersistentLevel.ThirdPersonExampleMap' with GeneratedClass '/Game/ThirdPersonCPP/Maps/ThirdPersonExampleMap.ThirdPersonExampleMap_C' with ClassGeneratedBy '/Game/ThirdPersonCPP/Maps/ThirdPersonExampleMap.ThirdPersonExampleMap:PersistentLevel.ThirdPersonExampleMap'
[2018.10.31-18.49.51:397][511]LogPlayLevel: PlayLevel: No blueprints needed recompiling
[2018.10.31-18.49.51:397][511]PIE: New page: PIE session: ThirdPersonExampleMap (31/10/2018 20.49.51)
[2018.10.31-18.49.51:397][511]LogPlayLevel: Creating play world package: /Game/ThirdPersonCPP/Maps/UEDPIE_0_ThirdPersonExampleMap
[2018.10.31-18.49.51:408][511]LogPlayLevel: PIE: StaticDuplicateObject took: (0.011349s)
[2018.10.31-18.49.51:409][511]LogAIModule: Creating AISystem for world ThirdPersonExampleMap
[2018.10.31-18.49.51:409][511]LogPlayLevel: PIE: World Init took: (0.001418s)
[2018.10.31-18.49.51:409][511]LogPlayLevel: PIE: Created PIE world by copying editor world from /Game/ThirdPersonCPP/Maps/ThirdPersonExampleMap.ThirdPersonExampleMap to /Game/ThirdPersonCPP/Maps/UEDPIE_0_ThirdPersonExampleMap.ThirdPersonExampleMap (0.012994s)
[2018.10.31-18.49.51:431][511]LogInit: XAudio2 using 'Speakers (Realtek(R) Audio)' : 2 channels at 48 kHz using 32 bits per sample (channel mask 0x3)
[2018.10.31-18.49.51:441][511]LogInit: FAudioDevice initialized.
[2018.10.31-18.49.51:471][511]LogLoad: Game class is 'GameCoreGameMode'
[2018.10.31-18.49.51:473][511]LogWorld: Bringing World /Game/ThirdPersonCPP/Maps/UEDPIE_0_ThirdPersonExampleMap.ThirdPersonExampleMap up for play (max tick rate 60) at 2018.10.31-19.49.51
[2018.10.31-18.49.51:473][511]LogWorld: Bringing up level for play took: 0.001226
[2018.10.31-18.49.51:485][511]PIE: Play in editor start time for /Game/ThirdPersonCPP/Maps/UEDPIE_0_ThirdPersonExampleMap 0,908
[2018.10.31-18.49.51:485][511]LogBlueprintUserMessages: Late PlayInEditor Detection: Level '/Game/ThirdPersonCPP/Maps/ThirdPersonExampleMap.ThirdPersonExampleMap:PersistentLevel' has LevelScriptBlueprint '/Game/ThirdPersonCPP/Maps/ThirdPersonExampleMap.ThirdPersonExampleMap:PersistentLevel.ThirdPersonExampleMap' with GeneratedClass '/Game/ThirdPersonCPP/Maps/ThirdPersonExampleMap.ThirdPersonExampleMap_C' with ClassGeneratedBy '/Game/ThirdPersonCPP/Maps/ThirdPersonExampleMap.ThirdPersonExampleMap:PersistentLevel.ThirdPersonExampleMap'
[2018.10.31-18.49.59:314][980]LogBlueprintUserMessages: Early EndPlayMap Detection: Level '/Game/ThirdPersonCPP/Maps/ThirdPersonExampleMap.ThirdPersonExampleMap:PersistentLevel' has LevelScriptBlueprint '/Game/ThirdPersonCPP/Maps/ThirdPersonExampleMap.ThirdPersonExampleMap:PersistentLevel.ThirdPersonExampleMap' with GeneratedClass '/Game/ThirdPersonCPP/Maps/ThirdPersonExampleMap.ThirdPersonExampleMap_C' with ClassGeneratedBy '/Game/ThirdPersonCPP/Maps/ThirdPersonExampleMap.ThirdPersonExampleMap:PersistentLevel.ThirdPersonExampleMap'
[2018.10.31-18.49.59:314][980]LogSlate: Updating window title bar state: overlay mode, drag disabled, window buttons hidden, title bar hidden
[2018.10.31-18.49.59:352][980]LogPlayLevel: Display: Shutting down PIE online subsystems
[2018.10.31-18.49.59:352][980]LogBlueprintUserMessages: Late EndPlayMap Detection: Level '/Game/ThirdPersonCPP/Maps/ThirdPersonExampleMap.ThirdPersonExampleMap:PersistentLevel' has LevelScriptBlueprint '/Game/ThirdPersonCPP/Maps/ThirdPersonExampleMap.ThirdPersonExampleMap:PersistentLevel.ThirdPersonExampleMap' with GeneratedClass '/Game/ThirdPersonCPP/Maps/ThirdPersonExampleMap.ThirdPersonExampleMap_C' with ClassGeneratedBy '/Game/ThirdPersonCPP/Maps/ThirdPersonExampleMap.ThirdPersonExampleMap:PersistentLevel.ThirdPersonExampleMap'
[2018.10.31-18.49.59:378][980]LogSlate: Updating window title bar state: overlay mode, drag disabled, window buttons hidden, title bar hidden
[2018.10.31-18.49.59:419][982]LogPlayLevel: Display: Destroying online subsystem :Context_10
[2018.10.31-18.50.00:342][ 30]LogSlate: FSceneViewport::OnFocusLost() reason 0
[2018.10.31-18.50.00:711][ 45]Candidate modules for hot reload:
[2018.10.31-18.50.00:711][ 45]  GameCore
[2018.10.31-18.50.00:712][ 45]Launching UnrealBuildTool... [C:/Program Files/Epic Games/UE_4.20/Engine/Binaries/DotNET/UnrealBuildTool.exe  -ModuleWithSuffix=GameCore,7023 Win64 Development -TargetType=Editor -Project="../../../../../../Users/olive/Documents/Unreal Projects/GameCore/GameCore.uproject" -canskiplink "C:/Users/olive/Documents/Unreal Projects/GameCore/GameCore.uproject" ]
[2018.10.31-18.50.00:716][ 45]Warning: Starting HotReload took  0.0s.
[2018.10.31-18.50.03:965][232]CompilerResultsLog: New page: Compilation - 31/10/2018 20.50.03
[2018.10.31-18.50.03:965][232]CompilerResultsLog: Using 'git status' to determine working set for adaptive non-unity build.
[2018.10.31-18.50.03:965][232]CompilerResultsLog: Compiling game modules for hot reload
[2018.10.31-18.50.03:965][232]CompilerResultsLog: Target is up to date
[2018.10.31-18.50.03:965][232]CompilerResultsLog: Total build time: 2,98 seconds (NoActionsToExecute executor: 0,00 seconds)
[2018.10.31-18.50.03:966][232]LogMainFrame: MainFrame: Module compiling took 3.275 seconds
[2018.10.31-18.50.04:187][232]LogContentBrowser: Native class hierarchy populated in 0.0069 seconds. Added 2575 classes and 607 folders.
[2018.10.31-18.50.04:188][232]Display: HotReload took  3.5s.
[2018.10.31-18.50.17:469][403]LogSlate: Window 'Save Content' being destroyed
[2018.10.31-18.50.20:960][590]LogSavePackage: Moving '../../../../../../Users/olive/Documents/Unreal Projects/GameCore/Saved/ThirdPersonExampleMap21358B7C4AC3A61A09F37E86C763368B.tmp' to '../../../../../../Users/olive/Documents/Unreal Projects/GameCore/Content/ThirdPersonCPP/Maps/ThirdPersonExampleMap.umap'
[2018.10.31-18.50.21:120][590]LogSavePackage: Moving '../../../../../../Users/olive/Documents/Unreal Projects/GameCore/Saved/ThirdPersonExampleMap_BuiltDataC45CBE54496E007762699AB9ABCBA8C2.tmp' to '../../../../../../Users/olive/Documents/Unreal Projects/GameCore/Content/ThirdPersonCPP/Maps/ThirdPersonExampleMap_BuiltData.uasset'
[2018.10.31-18.50.30:757][953]LogSlate: Window 'Save Content' being destroyed
[2018.10.31-18.50.37:682][191]LogAssetEditorManager: Opening Asset editor for Blueprint /Game/ThirdPersonCPP/Blueprints/ThirdPersonCharacter.ThirdPersonCharacter
[2018.10.31-18.50.40:622][313]LogSavePackage: Moving '../../../../../../Users/olive/Documents/Unreal Projects/GameCore/Saved/ThirdPersonCharacterB6A3359B4A3592D36327CB8F73841D95.tmp' to '../../../../../../Users/olive/Documents/Unreal Projects/GameCore/Content/ThirdPersonCPP/Blueprints/ThirdPersonCharacter.uasset'
[2018.10.31-18.50.43:305][450]LogSlate: Window 'ThirdPersonCharacter' being destroyed
[2018.10.31-18.50.43:315][450]LogSlate: Window 'ThirdPersonCharacter' being destroyed
[2018.10.31-18.50.47:779][564]LogSlate: Window 'Save Content' being destroyed
[2018.10.31-18.50.47:828][564]LogSavePackage: Moving '../../../../../../Users/olive/Documents/Unreal Projects/GameCore/Saved/MMORPGHUDFE9A196A4298A6D9D86F1AA59D54603F.tmp' to '../../../../../../Users/olive/Documents/Unreal Projects/GameCore/Content/ThirdPersonCPP/Blueprints/MMORPGHUD.uasset'
[2018.10.31-18.50.47:889][564]LogSlate: Window 'GameCore - Unreal Editor' being destroyed
[2018.10.31-18.50.47:890][564]LogWindowsTextInputMethodSystem: Display: IME system now deactivated.
[2018.10.31-18.50.48:129][565]Cmd: QUIT_EDITOR
[2018.10.31-18.50.48:720][565]LogExit: Preparing to exit.
[2018.10.31-18.50.49:134][565]LogExit: Editor shut down
[2018.10.31-18.50.49:134][565]LogExit: Transaction tracking system shut down
[2018.10.31-18.50.49:861][565]LogExit: Object subsystem successfully closed.
[2018.10.31-18.50.49:885][565]LogShaderCompilers: Display: Shaders left to compile 0
[2018.10.31-18.50.49:887][565]LogD3D11RHI: Shutdown
[2018.10.31-18.50.49:887][565]LogD3D11RHI: CleanupD3DDevice
[2018.10.31-18.50.49:889][565]LogD3D11RHI: ~FD3D11DynamicRHI
[2018.10.31-18.50.49:913][565]LogModuleManager: Shutting down and abandoning module SequencerWidgets (620)
[2018.10.31-18.50.49:913][565]LogModuleManager: Shutting down and abandoning module MovieSceneCapture (618)
[2018.10.31-18.50.49:914][565]LogModuleManager: Shutting down and abandoning module Voice (616)
[2018.10.31-18.50.49:914][565]LogModuleManager: Shutting down and abandoning module BlueprintGraph (614)
[2018.10.31-18.50.49:914][565]LogModuleManager: Shutting down and abandoning module HierarchicalLODOutliner (612)
[2018.10.31-18.50.49:914][565]LogModuleManager: Shutting down and abandoning module SceneOutliner (610)
[2018.10.31-18.50.49:914][565]LogModuleManager: Shutting down and abandoning module AddContentDialog (608)
[2018.10.31-18.50.49:914][565]LogModuleManager: Shutting down and abandoning module WidgetCarousel (607)
[2018.10.31-18.50.49:914][565]LogModuleManager: Shutting down and abandoning module EditorWidgets (604)
[2018.10.31-18.50.49:914][565]LogModuleManager: Shutting down and abandoning module CollectionManager (602)
[2018.10.31-18.50.49:914][565]LogModuleManager: Shutting down and abandoning module StatsViewer (600)
[2018.10.31-18.50.49:914][565]LogModuleManager: Shutting down and abandoning module FoliageEdit (598)
[2018.10.31-18.50.49:914][565]LogModuleManager: Shutting down and abandoning module LandscapeEditor (596)
[2018.10.31-18.50.49:915][565]LogModuleManager: Shutting down and abandoning module MeshPaintMode (594)
[2018.10.31-18.50.49:916][565]LogModuleManager: Shutting down and abandoning module SceneDepthPickerMode (592)
[2018.10.31-18.50.49:916][565]LogModuleManager: Shutting down and abandoning module ActorPickerMode (590)
[2018.10.31-18.50.49:916][565]LogModuleManager: Shutting down and abandoning module GeometryMode (588)
[2018.10.31-18.50.49:916][565]LogModuleManager: Shutting down and abandoning module TextureAlignMode (586)
[2018.10.31-18.50.49:916][565]LogModuleManager: Shutting down and abandoning module BspMode (584)
[2018.10.31-18.50.49:916][565]LogModuleManager: Shutting down and abandoning module PIEPreviewDeviceProfileSelector (582)
[2018.10.31-18.50.49:916][565]LogModuleManager: Shutting down and abandoning module SequenceRecorderSections (580)
[2018.10.31-18.50.49:916][565]LogModuleManager: Shutting down and abandoning module AutomationWorker (578)
[2018.10.31-18.50.49:916][565]LogModuleManager: Shutting down and abandoning module AudioCaptureEditor (576)
[2018.10.31-18.50.49:916][565]LogModuleManager: Shutting down and abandoning module SequenceRecorder (575)
[2018.10.31-18.50.49:916][565]LogModuleManager: Shutting down and abandoning module MatineeToLevelSequence (572)
[2018.10.31-18.50.49:916][565]LogModuleManager: Shutting down and abandoning module LevelSequenceEditor (570)
[2018.10.31-18.50.49:916][565]LogModuleManager: Shutting down and abandoning module PlacementMode (569)
[2018.10.31-18.50.49:916][565]LogModuleManager: Shutting down and abandoning module MaterialEditor (568)
[2018.10.31-18.50.49:918][565]LogModuleManager: Shutting down and abandoning module WmfMediaFactory (564)
[2018.10.31-18.50.49:918][565]LogModuleManager: Shutting down and abandoning module WmfMediaEditor (562)
[2018.10.31-18.50.49:918][565]LogModuleManager: Shutting down and abandoning module MediaPlayerEditor (560)
[2018.10.31-18.50.49:918][565]LogModuleManager: Shutting down and abandoning module OpenExrWrapper (558)
[2018.10.31-18.50.49:918][565]LogModuleManager: Shutting down and abandoning module ImgMediaFactory (556)
[2018.10.31-18.50.49:918][565]LogModuleManager: Shutting down and abandoning module ImgMediaEditor (554)
[2018.10.31-18.50.49:918][565]LogModuleManager: Shutting down and abandoning module AvfMediaFactory (552)
[2018.10.31-18.50.49:918][565]LogModuleManager: Shutting down and abandoning module AvfMediaEditor (550)
[2018.10.31-18.50.49:918][565]LogModuleManager: Shutting down and abandoning module AndroidMediaFactory (548)
[2018.10.31-18.50.49:918][565]LogModuleManager: Shutting down and abandoning module AndroidMediaEditor (546)
[2018.10.31-18.50.49:918][565]LogModuleManager: Shutting down and abandoning module MagicLeapCameraPreviewFactory (544)
[2018.10.31-18.50.49:918][565]LogModuleManager: Shutting down and abandoning module MagicLeapMediaFactory (542)
[2018.10.31-18.50.49:918][565]LogModuleManager: Shutting down and abandoning module MagicLeapMediaEditor (540)
[2018.10.31-18.50.49:918][565]LogModuleManager: Shutting down and abandoning module CharacterAI (538)
[2018.10.31-18.50.49:918][565]LogModuleManager: Shutting down and abandoning module SmartSnapping (536)
[2018.10.31-18.50.49:918][565]LogModuleManager: Shutting down and abandoning module SessionServices (534)
[2018.10.31-18.50.49:918][565]LogModuleManager: Shutting down and abandoning module ViewportSnapping (532)
[2018.10.31-18.50.49:918][565]LogModuleManager: Shutting down and abandoning module ViewportInteraction (530)
[2018.10.31-18.50.49:918][565]LogModuleManager: Shutting down and abandoning module ClothPainter (528)
[2018.10.31-18.50.49:919][565]LogModuleManager: Shutting down and abandoning module SkeletalMeshEditor (527)
[2018.10.31-18.50.49:920][565]LogModuleManager: Shutting down and abandoning module LogVisualizer (524)
[2018.10.31-18.50.49:920][565]LogModuleManager: Shutting down and abandoning module IntroTutorials (522)
[2018.10.31-18.50.49:920][565]LogModuleManager: Shutting down and abandoning module GameProjectGeneration (521)
[2018.10.31-18.50.49:920][565]LogModuleManager: Shutting down and abandoning module LuminPlatformEditor (518)
[2018.10.31-18.50.49:920][565]LogModuleManager: Shutting down and abandoning module IOSPlatformEditor (516)
[2018.10.31-18.50.49:920][565]LogModuleManager: Shutting down and abandoning module HTML5PlatformEditor (514)
[2018.10.31-18.50.49:920][565]LogModuleManager: Shutting down and abandoning module AndroidPlatformEditor (512)
[2018.10.31-18.50.49:920][565]LogModuleManager: Shutting down and abandoning module AndroidDeviceDetection (511)
[2018.10.31-18.50.50:371][565]LogModuleManager: Shutting down and abandoning module WindowsPlatformEditor (508)
[2018.10.31-18.50.50:371][565]LogModuleManager: Shutting down and abandoning module LuminRuntimeSettings (506)
[2018.10.31-18.50.50:371][565]LogModuleManager: Shutting down and abandoning module IOSRuntimeSettings (504)
[2018.10.31-18.50.50:371][565]LogModuleManager: Shutting down and abandoning module AndroidRuntimeSettings (502)
[2018.10.31-18.50.50:371][565]LogModuleManager: Shutting down and abandoning module InputBindingEditor (500)
[2018.10.31-18.50.50:372][565]LogModuleManager: Shutting down and abandoning module MergeActors (498)
[2018.10.31-18.50.50:372][565]LogModuleManager: Shutting down and abandoning module LocalizationDashboard (496)
[2018.10.31-18.50.50:372][565]LogModuleManager: Shutting down and abandoning module LocalizationService (495)
[2018.10.31-18.50.50:372][565]LogModuleManager: Shutting down and abandoning module HardwareTargeting (492)
[2018.10.31-18.50.50:372][565]LogModuleManager: Shutting down and abandoning module DeviceProfileEditor (490)
[2018.10.31-18.50.50:372][565]LogModuleManager: Shutting down and abandoning module UndoHistory (488)
[2018.10.31-18.50.50:372][565]LogModuleManager: Shutting down and abandoning module XmlParser (486)
[2018.10.31-18.50.50:372][565]LogModuleManager: Shutting down and abandoning module Blutility (484)
[2018.10.31-18.50.50:372][565]LogModuleManager: Shutting down and abandoning module ProjectSettingsViewer (482)
[2018.10.31-18.50.50:372][565]LogModuleManager: Shutting down and abandoning module ProjectTargetPlatformEditor (481)
[2018.10.31-18.50.50:372][565]LogModuleManager: Shutting down and abandoning module EditorSettingsViewer (478)
[2018.10.31-18.50.50:372][565]LogModuleManager: Shutting down and abandoning module SettingsEditor (476)
[2018.10.31-18.50.50:372][565]LogModuleManager: Shutting down and abandoning module ProjectLauncher (474)
[2018.10.31-18.50.50:373][565]LogModuleManager: Shutting down and abandoning module SessionFrontend (472)
[2018.10.31-18.50.50:373][565]LogModuleManager: Shutting down and abandoning module ProfilerClient (470)
[2018.10.31-18.50.50:373][565]LogModuleManager: Shutting down and abandoning module DeviceManager (468)
[2018.10.31-18.50.50:373][565]LogModuleManager: Shutting down and abandoning module TargetDeviceServices (467)
[2018.10.31-18.50.50:428][565]LogModuleManager: Shutting down and abandoning module AutomationController (464)
[2018.10.31-18.50.50:428][565]LogModuleManager: Shutting down and abandoning module AutomationWindow (462)
[2018.10.31-18.50.50:429][565]LogModuleManager: Shutting down and abandoning module Layers (460)
[2018.10.31-18.50.50:431][565]LogModuleManager: Shutting down and abandoning module ComponentVisualizers (458)
[2018.10.31-18.50.50:431][565]LogModuleManager: Shutting down and abandoning module DetailCustomizations (456)
[2018.10.31-18.50.50:431][565]LogModuleManager: Shutting down and abandoning module PackagesDialog (454)
[2018.10.31-18.50.50:431][565]LogModuleManager: Shutting down and abandoning module Persona (452)
[2018.10.31-18.50.50:432][565]LogModuleManager: Shutting down and abandoning module AdvancedPreviewScene (451)
[2018.10.31-18.50.50:432][565]LogModuleManager: Shutting down and abandoning module AnimGraph (449)
[2018.10.31-18.50.50:432][565]LogModuleManager: Shutting down and abandoning module Kismet (446)
[2018.10.31-18.50.50:439][565]LogModuleManager: Shutting down and abandoning module GraphEditor (444)
[2018.10.31-18.50.50:439][565]LogModuleManager: Shutting down and abandoning module ClassViewer (442)
[2018.10.31-18.50.50:440][565]LogModuleManager: Shutting down and abandoning module Toolbox (440)
[2018.10.31-18.50.50:440][565]LogModuleManager: Shutting down and abandoning module DesktopPlatform (439)
[2018.10.31-18.50.50:441][565]LogModuleManager: Shutting down and abandoning module ModuleUI (436)
[2018.10.31-18.50.50:441][565]LogModuleManager: Shutting down and abandoning module MovieSceneTools (434)
[2018.10.31-18.50.50:441][565]LogModuleManager: Shutting down and abandoning module OutputLog (432)
[2018.10.31-18.50.50:441][565]LogModuleManager: Shutting down and abandoning module GammaUI (430)
[2018.10.31-18.50.50:442][565]LogModuleManager: Shutting down and abandoning module Documentation (428)
[2018.10.31-18.50.50:442][565]LogModuleManager: Shutting down and abandoning module MovieSceneTracks (426)
[2018.10.31-18.50.50:442][565]LogModuleManager: Shutting down and abandoning module MovieScene (424)
[2018.10.31-18.50.50:442][565]LogModuleManager: Shutting down and abandoning module StreamingPauseRendering (422)
[2018.10.31-18.50.50:442][565]LogModuleManager: Shutting down and abandoning module LauncherPlatform (420)
[2018.10.31-18.50.50:442][565]LogModuleManager: Shutting down and abandoning module AnalyticsET (418)
[2018.10.31-18.50.50:442][565]LogModuleManager: Shutting down and abandoning module PortalServices (416)
[2018.10.31-18.50.50:442][565]LogModuleManager: Shutting down and abandoning module PortalRpc (414)
[2018.10.31-18.50.50:442][565]LogModuleManager: Shutting down and abandoning module MessagingRpc (412)
[2018.10.31-18.50.50:442][565]LogModuleManager: Shutting down and abandoning module AIModule (410)
[2018.10.31-18.50.50:442][565]LogModuleManager: Shutting down and abandoning module GameplayDebugger (409)
[2018.10.31-18.50.50:442][565]LogModuleManager: Shutting down and abandoning module AITestSuite (407)
[2018.10.31-18.50.50:442][565]LogModuleManager: Shutting down and abandoning module NavigationSystem (405)
[2018.10.31-18.50.50:442][565]LogModuleManager: Shutting down and abandoning module ProfilerService (402)
[2018.10.31-18.50.50:636][565]LogModuleManager: Shutting down and abandoning module TaskGraph (400)
[2018.10.31-18.50.50:636][565]LogModuleManager: Shutting down and abandoning module SteamVRController (398)
[2018.10.31-18.50.50:636][565]LogModuleManager: Shutting down and abandoning module ProceduralMeshComponentEditor (396)
[2018.10.31-18.50.50:636][565]LogModuleManager: Shutting down and abandoning module ProceduralMeshComponent (394)
[2018.10.31-18.50.50:637][565]LogModuleManager: Shutting down and abandoning module OculusInput (392)
[2018.10.31-18.50.50:637][565]LogModuleManager: Shutting down and abandoning module MobilePatchingUtils (390)
[2018.10.31-18.50.50:637][565]LogModuleManager: Shutting down and abandoning module EditableMesh (388)
[2018.10.31-18.50.50:637][565]LogModuleManager: Shutting down and abandoning module CustomMeshComponent (386)
[2018.10.31-18.50.50:637][565]LogModuleManager: Shutting down and abandoning module CableComponent (384)
[2018.10.31-18.50.50:637][565]LogModuleManager: Shutting down and abandoning module AudioCapture (382)
[2018.10.31-18.50.50:637][565]LogModuleManager: Shutting down and abandoning module ArchVisCharacter (380)
[2018.10.31-18.50.50:637][565]LogModuleManager: Shutting down and abandoning module AndroidPermission (378)
[2018.10.31-18.50.50:637][565]LogModuleManager: Shutting down and abandoning module NUTUnrealEngine4 (376)
[2018.10.31-18.50.50:637][565]LogModuleManager: Shutting down and abandoning module NetcodeUnitTest (374)
[2018.10.31-18.50.50:638][565]LogModuleManager: Shutting down and abandoning module MediaCompositingEditor (372)
[2018.10.31-18.50.50:639][565]LogModuleManager: Shutting down and abandoning module MediaCompositing (370)
[2018.10.31-18.50.50:639][565]LogModuleManager: Shutting down and abandoning module LinearTimecode (368)
[2018.10.31-18.50.50:639][565]LogModuleManager: Shutting down and abandoning module ImgMedia (366)
[2018.10.31-18.50.50:649][565]LogModuleManager: Shutting down and abandoning module HTML5Networking (364)
[2018.10.31-18.50.50:649][565]LogModuleManager: Shutting down and abandoning module GeometryCacheTracks (362)
[2018.10.31-18.50.50:650][565]LogModuleManager: Shutting down and abandoning module GeometryCacheSequencer (360)
[2018.10.31-18.50.50:650][565]LogModuleManager: Shutting down and abandoning module BackChannel (358)
[2018.10.31-18.50.50:650][565]LogModuleManager: Shutting down and abandoning module AppleVision (356)
[2018.10.31-18.50.50:650][565]LogModuleManager: Shutting down and abandoning module AppleImageUtils (354)
[2018.10.31-18.50.50:650][565]LogModuleManager: Shutting down and abandoning module AlembicImporter (352)
[2018.10.31-18.50.50:650][565]LogModuleManager: Shutting down and abandoning module AlembicLibrary (351)
[2018.10.31-18.50.50:650][565]LogModuleManager: Shutting down and abandoning module GeometryCache (350)
[2018.10.31-18.50.50:650][565]LogModuleManager: Shutting down and abandoning module GeometryCacheEd (349)
[2018.10.31-18.50.50:650][565]LogModuleManager: Shutting down and abandoning module DatasmithContentEditor (344)
[2018.10.31-18.50.50:650][565]LogModuleManager: Shutting down and abandoning module DatasmithContent (342)
[2018.10.31-18.50.50:651][565]LogModuleManager: Shutting down and abandoning module SpeedTreeImporter (340)
[2018.10.31-18.50.50:651][565]LogModuleManager: Shutting down and abandoning module PluginBrowser (338)
[2018.10.31-18.50.50:652][565]LogModuleManager: Shutting down and abandoning module MobileLauncherProfileWizard (336)
[2018.10.31-18.50.50:652][565]LogModuleManager: Shutting down and abandoning module PolygonModeling (334)
[2018.10.31-18.50.50:652][565]LogModuleManager: Shutting down and abandoning module MeshEditor (332)
[2018.10.31-18.50.50:653][565]LogModuleManager: Shutting down and abandoning module CryptoKeysOpenSSL (330)
[2018.10.31-18.50.50:653][565]LogModuleManager: Shutting down and abandoning module CryptoKeys (328)
[2018.10.31-18.50.50:653][565]LogModuleManager: Shutting down and abandoning module VisualStudioSourceCodeAccess (326)
[2018.10.31-18.50.50:653][565]LogModuleManager: Shutting down and abandoning module VisualStudioCodeSourceCodeAccess (324)
[2018.10.31-18.50.50:653][565]LogModuleManager: Shutting down and abandoning module UObjectPlugin (322)
[2018.10.31-18.50.50:653][565]LogModuleManager: Shutting down and abandoning module SubversionSourceControl (320)
[2018.10.31-18.50.50:653][565]LogModuleManager: Shutting down and abandoning module PerforceSourceControl (318)
[2018.10.31-18.50.50:654][565]LogModuleManager: Shutting down and abandoning module GitSourceControl (316)
[2018.10.31-18.50.50:654][565]LogModuleManager: Shutting down and abandoning module SourceControl (315)
[2018.10.31-18.50.50:654][565]LogModuleManager: Shutting down and abandoning module CLionSourceCodeAccess (312)
[2018.10.31-18.50.50:654][565]LogModuleManager: Shutting down and abandoning module LightPropagationVolumeEditor (310)
[2018.10.31-18.50.50:654][565]LogModuleManager: Shutting down and abandoning module PaperTiledImporter (308)
[2018.10.31-18.50.50:654][565]LogModuleManager: Shutting down and abandoning module PaperSpriteSheetImporter (306)
[2018.10.31-18.50.50:654][565]LogModuleManager: Shutting down and abandoning module Paper2DEditor (304)
[2018.10.31-18.50.50:655][565]LogModuleManager: Shutting down and abandoning module MeshPaint (303)
[2018.10.31-18.50.50:655][565]LogModuleManager: Shutting down and abandoning module GameCore (300)
[2018.10.31-18.50.50:655][565]LogModuleManager: Shutting down and abandoning module RuntimePhysXCooking (298)
[2018.10.31-18.50.50:656][565]LogModuleManager: Shutting down and abandoning module PhysXVehiclesEditor (296)
[2018.10.31-18.50.50:656][565]LogModuleManager: Shutting down and abandoning module PhysXVehicles (294)
[2018.10.31-18.50.50:656][565]LogModuleManager: Shutting down and abandoning module OculusEditor (292)
[2018.10.31-18.50.50:656][565]LogModuleManager: Shutting down and abandoning module LocationServicesBPLibrary (290)
[2018.10.31-18.50.50:656][565]LogModuleManager: Shutting down and abandoning module ImmediatePhysicsEditor (288)
[2018.10.31-18.50.50:656][565]LogModuleManager: Shutting down and abandoning module ImmediatePhysics (286)
[2018.10.31-18.50.50:656][565]LogModuleManager: Shutting down and abandoning module ActorSequence (284)
[2018.10.31-18.50.50:656][565]LogModuleManager: Shutting down and abandoning module UdpMessaging (282)
[2018.10.31-18.50.50:757][565]LogModuleManager: Shutting down and abandoning module TcpMessaging (280)
[2018.10.31-18.50.50:858][565]LogModuleManager: Shutting down and abandoning module MagicLeapAudio (278)
[2018.10.31-18.50.50:858][565]LogModuleManager: Shutting down and abandoning module GameplayTagsEditor (276)
[2018.10.31-18.50.50:860][565]LogModuleManager: Shutting down and abandoning module FacialAnimationEditor (274)
[2018.10.31-18.50.50:860][565]LogModuleManager: Shutting down and abandoning module FacialAnimation (272)
[2018.10.31-18.50.50:860][565]LogModuleManager: Shutting down and abandoning module DataValidation (270)
[2018.10.31-18.50.50:860][565]LogModuleManager: Shutting down and abandoning module AssetManagerEditor (268)
[2018.10.31-18.50.50:861][565]LogModuleManager: Shutting down and abandoning module LevelEditor (267)
[2018.10.31-18.50.50:863][565]LogModuleManager: Shutting down and abandoning module PixelInspectorModule (266)
[2018.10.31-18.50.50:863][565]LogModuleManager: Shutting down and abandoning module CommonMenuExtensions (264)
[2018.10.31-18.50.50:864][565]LogModuleManager: Shutting down and abandoning module MainFrame (262)
[2018.10.31-18.50.50:864][565]LogModuleManager: Shutting down and abandoning module HotReload (261)
[2018.10.31-18.50.50:865][565]LogModuleManager: Shutting down and abandoning module ContentBrowser (257)
[2018.10.31-18.50.50:868][565]LogModuleManager: Shutting down and abandoning module TreeMap (255)
[2018.10.31-18.50.50:868][565]LogModuleManager: Shutting down and abandoning module LightPropagationVolumeRuntime (252)
[2018.10.31-18.50.50:868][565]LogModuleManager: Shutting down and abandoning module AISupportModule (250)
[2018.10.31-18.50.50:868][565]LogModuleManager: Shutting down and abandoning module Paper2D (248)
[2018.10.31-18.50.50:868][565]LogModuleManager: Shutting down and abandoning module WindowsMoviePlayer (246)
[2018.10.31-18.50.50:868][565]LogModuleManager: Shutting down and abandoning module WmfMedia (244)
[2018.10.31-18.50.50:872][565]LogModuleManager: Shutting down and abandoning module Media (243)
[2018.10.31-18.50.50:879][565]LogModuleManager: Shutting down and abandoning module PacketHandler (240)
[2018.10.31-18.50.50:879][565]LogModuleManager: Shutting down and abandoning module ClothingSystemEditor (238)
[2018.10.31-18.50.50:880][565]LogModuleManager: Shutting down and abandoning module ClothingSystemRuntime (236)
[2018.10.31-18.50.50:880][565]LogModuleManager: Shutting down and abandoning module MediaAssets (234)
[2018.10.31-18.50.50:880][565]LogModuleManager: Shutting down and abandoning module Overlay (232)
[2018.10.31-18.50.50:880][565]LogModuleManager: Shutting down and abandoning module OverlayEditor (231)
[2018.10.31-18.50.50:880][565]LogModuleManager: Shutting down and abandoning module VREditor (228)
[2018.10.31-18.50.50:881][565]LogModuleManager: Shutting down and abandoning module StringTableEditor (226)
[2018.10.31-18.50.50:882][565]LogModuleManager: Shutting down and abandoning module GameplayTasksEditor (224)
[2018.10.31-18.50.50:882][565]LogModuleManager: Shutting down and abandoning module BehaviorTreeEditor (222)
[2018.10.31-18.50.50:882][565]LogModuleManager: Shutting down and abandoning module FunctionalTesting (220)
[2018.10.31-18.50.50:882][565]LogModuleManager: Shutting down and abandoning module CollisionAnalyzer (218)
[2018.10.31-18.50.50:883][565]LogModuleManager: Shutting down and abandoning module WorkspaceMenuStructure (217)
[2018.10.31-18.50.50:883][565]LogModuleManager: Shutting down and abandoning module UMG (214)
[2018.10.31-18.50.50:883][565]LogModuleManager: Shutting down and abandoning module UMGEditor (213)
[2018.10.31-18.50.50:883][565]LogModuleManager: Shutting down and abandoning module Sequencer (212)
[2018.10.31-18.50.50:883][565]LogModuleManager: Shutting down and abandoning module MessageLog (209)
[2018.10.31-18.50.50:883][565]LogModuleManager: Shutting down and abandoning module SlateReflector (204)
[2018.10.31-18.50.50:885][565]LogModuleManager: Shutting down and abandoning module Slate (202)
[2018.10.31-18.50.50:885][565]LogModuleManager: Shutting down and abandoning module EditorStyle (200)
[2018.10.31-18.50.50:890][565]LogModuleManager: Shutting down and abandoning module MRMesh (198)
[2018.10.31-18.50.50:890][565]LogModuleManager: Shutting down and abandoning module SourceCodeAccess (196)
[2018.10.31-18.50.50:890][565]LogModuleManager: Shutting down and abandoning module HeadMountedDisplay (194)
[2018.10.31-18.50.50:890][565]LogModuleManager: Shutting down and abandoning module XAudio2 (192)
[2018.10.31-18.50.50:890][565]LogModuleManager: Shutting down and abandoning module Networking (190)
[2018.10.31-18.50.50:890][565]LogModuleManager: Shutting down and abandoning module Core (188)
[2018.10.31-18.50.50:890][565]LogModuleManager: Shutting down and abandoning module LevelSequence (186)
[2018.10.31-18.50.50:891][565]LogModuleManager: Shutting down and abandoning module KismetCompiler (184)
[2018.10.31-18.50.50:891][565]LogModuleManager: Shutting down and abandoning module MeshUtilities (182)
[2018.10.31-18.50.50:891][565]LogModuleManager: Shutting down and abandoning module MeshMergeUtilities (181)
[2018.10.31-18.50.50:891][565]LogModuleManager: Shutting down and abandoning module MeshReductionInterface (180)
[2018.10.31-18.50.50:891][565]LogModuleManager: Shutting down and abandoning module SimplygonSwarm (179)
[2018.10.31-18.50.50:892][565]LogModuleManager: Shutting down and abandoning module ProxyLODMeshReduction (177)
[2018.10.31-18.50.50:893][565]LogModuleManager: Shutting down and abandoning module SimplygonMeshReduction (175)
[2018.10.31-18.50.50:893][565]LogModuleManager: Shutting down and abandoning module QuadricMeshReduction (173)
[2018.10.31-18.50.50:893][565]LogModuleManager: Shutting down and abandoning module MaterialBaking (169)
[2018.10.31-18.50.50:894][565]LogModuleManager: Shutting down and abandoning module DirectoryWatcher (165)
[2018.10.31-18.50.50:894][565]LogModuleManager: Shutting down and abandoning module DerivedDataCache (162)
[2018.10.31-18.50.50:962][565]LogDerivedDataCache: Shutdown
[2018.10.31-18.50.50:963][565]LogModuleManager: Shutting down and abandoning module XGEController (160)
[2018.10.31-18.50.50:963][565]LogXGEController: Cleaning working directory: C:/Users/olive/AppData/Local/Temp/UnrealXGEWorkingDir/
[2018.10.31-18.50.50:963][565]LogModuleManager: Shutting down and abandoning module TargetPlatform (158)
[2018.10.31-18.50.50:963][565]LogModuleManager: Shutting down and abandoning module VulkanShaderFormat (157)
[2018.10.31-18.50.50:963][565]LogModuleManager: Shutting down and abandoning module ShaderFormatVectorVM (155)
[2018.10.31-18.50.50:963][565]LogModuleManager: Shutting down and abandoning module ShaderFormatOpenGL (153)
[2018.10.31-18.50.50:965][565]LogModuleManager: Shutting down and abandoning module ShaderFormatD3D (151)
[2018.10.31-18.50.50:965][565]LogModuleManager: Shutting down and abandoning module MetalShaderFormat (149)
[2018.10.31-18.50.50:965][565]LogModuleManager: Shutting down and abandoning module TextureFormatUncompressed (147)
[2018.10.31-18.50.50:966][565]LogModuleManager: Shutting down and abandoning module TextureFormatPVR (145)
[2018.10.31-18.50.50:966][565]LogModuleManager: Shutting down and abandoning module TextureFormatDXT (143)
[2018.10.31-18.50.50:966][565]LogModuleManager: Shutting down and abandoning module TextureFormatIntelISPCTexComp (141)
[2018.10.31-18.50.50:966][565]LogModuleManager: Shutting down and abandoning module TextureFormatASTC (139)
[2018.10.31-18.50.50:966][565]LogModuleManager: Shutting down and abandoning module ImageWrapper (138)
[2018.10.31-18.50.50:966][565]LogModuleManager: Shutting down and abandoning module TextureFormatAndroid (135)
[2018.10.31-18.50.50:966][565]LogModuleManager: Shutting down and abandoning module AudioFormatOpus (133)
[2018.10.31-18.50.50:966][565]LogModuleManager: Shutting down and abandoning module AudioFormatOgg (131)
[2018.10.31-18.50.50:966][565]LogModuleManager: Shutting down and abandoning module AudioFormatADPCM (129)
[2018.10.31-18.50.50:966][565]LogModuleManager: Shutting down and abandoning module LuminTargetPlatform (127)
[2018.10.31-18.50.50:967][565]LogModuleManager: Shutting down and abandoning module LinuxTargetPlatform (125)
[2018.10.31-18.50.50:967][565]LogModuleManager: Shutting down and abandoning module LinuxServerTargetPlatform (123)
[2018.10.31-18.50.50:967][565]LogModuleManager: Shutting down and abandoning module LinuxNoEditorTargetPlatform (121)
[2018.10.31-18.50.50:967][565]LogModuleManager: Shutting down and abandoning module LinuxClientTargetPlatform (119)
[2018.10.31-18.50.50:967][565]LogModuleManager: Shutting down and abandoning module TVOSTargetPlatform (117)
[2018.10.31-18.50.50:969][565]LogModuleManager: Shutting down and abandoning module Messaging (115)
[2018.10.31-18.50.50:969][565]LogModuleManager: Shutting down and abandoning module IOSTargetPlatform (113)
[2018.10.31-18.50.50:971][565]LogModuleManager: Shutting down and abandoning module HTML5TargetPlatform (111)
[2018.10.31-18.50.50:971][565]LogModuleManager: Shutting down and abandoning module AndroidTargetPlatform (109)
[2018.10.31-18.50.50:992][565]LogModuleManager: Shutting down and abandoning module WindowsTargetPlatform (107)
[2018.10.31-18.50.50:992][565]LogModuleManager: Shutting down and abandoning module WindowsServerTargetPlatform (105)
[2018.10.31-18.50.50:992][565]LogModuleManager: Shutting down and abandoning module WindowsNoEditorTargetPlatform (103)
[2018.10.31-18.50.50:993][565]LogModuleManager: Shutting down and abandoning module WindowsClientTargetPlatform (101)
[2018.10.31-18.50.50:993][565]LogModuleManager: Shutting down and abandoning module MacTargetPlatform (99)
[2018.10.31-18.50.50:993][565]LogModuleManager: Shutting down and abandoning module MacServerTargetPlatform (97)
[2018.10.31-18.50.50:993][565]LogModuleManager: Shutting down and abandoning module MacNoEditorTargetPlatform (95)
[2018.10.31-18.50.50:993][565]LogModuleManager: Shutting down and abandoning module MacClientTargetPlatform (93)
[2018.10.31-18.50.50:993][565]LogModuleManager: Shutting down and abandoning module AllDesktopTargetPlatform (91)
[2018.10.31-18.50.50:993][565]LogModuleManager: Shutting down and abandoning module InputCore (88)
[2018.10.31-18.50.50:993][565]LogModuleManager: Shutting down and abandoning module Settings (86)
[2018.10.31-18.50.50:993][565]LogModuleManager: Shutting down and abandoning module PhysXCooking (84)
[2018.10.31-18.50.50:993][565]LogModuleManager: Shutting down and abandoning module SteamVR (82)
[2018.10.31-18.50.50:993][565]LogModuleManager: Shutting down and abandoning module OculusHMD (80)
[2018.10.31-18.50.50:993][565]LogModuleManager: Shutting down and abandoning module ExampleDeviceProfileSelector (78)
[2018.10.31-18.50.50:993][565]LogModuleManager: Shutting down and abandoning module LauncherChunkInstaller (76)
[2018.10.31-18.50.50:993][565]LogModuleManager: Shutting down and abandoning module OnlineBlueprintSupport (74)
[2018.10.31-18.50.50:993][565]LogModuleManager: Shutting down and abandoning module OnlineSubsystem (70)
[2018.10.31-18.50.50:994][565]LogModuleManager: Shutting down and abandoning module XMPP (65)
[2018.10.31-18.50.50:995][565]LogModuleManager: Shutting down and abandoning module WebSockets (64)
[2018.10.31-18.50.51:028][565]LogModuleManager: Shutting down and abandoning module HTTP (61)
[2018.10.31-18.50.51:028][565]LogHttp: Display: Http module shutting down, but needs to wait on 1 outstanding Http requests:
[2018.10.31-18.50.51:028][565]LogHttp: Display: 	verb=[POST] url=[https://datarouter.ol.epicgames.com/datarouter/api/v1/public/data?SessionID=%7B0C738ED0-41E1-F21F-8357-8E8FAE8F9E62%7D&AppID=UEEditor.Rocket.Release&AppVersion=4.20.3-4369336%2B%2B%2BUE4%2BRelease-4.20&UserID=1143b7254c0a6c32f1d52ca8acb2c66e%7C496e5844dc274b01bc60e60a6eea6a3c%7C2acc1a8e-d643-49e3-85c8-9a2725f52b6c&AppEnvironment=datacollector-binary&UploadType=eteventstream] status=Processing
[2018.10.31-18.50.51:031][565]LogModuleManager: Shutting down and abandoning module SSL (60)
[2018.10.31-18.50.51:032][565]LogModuleManager: Shutting down and abandoning module MagicLeapEmulator (56)
[2018.10.31-18.50.51:032][565]LogModuleManager: Shutting down and abandoning module MagicLeapPrivileges (54)
[2018.10.31-18.50.51:032][565]LogModuleManager: Shutting down and abandoning module MagicLeapIdentity (52)
[2018.10.31-18.50.51:032][565]LogModuleManager: Shutting down and abandoning module MagicLeapHelperVulkan (50)
[2018.10.31-18.50.51:032][565]LogModuleManager: Shutting down and abandoning module MagicLeapHelperOpenGL (48)
[2018.10.31-18.50.51:032][565]LogModuleManager: Shutting down and abandoning module MagicLeapSecureStorage (46)
[2018.10.31-18.50.51:032][565]LogModuleManager: Shutting down and abandoning module MagicLeapGestures (44)
[2018.10.31-18.50.51:032][565]LogModuleManager: Shutting down and abandoning module MagicLeapEyeTracker (42)
[2018.10.31-18.50.51:032][565]LogModuleManager: Shutting down and abandoning module MagicLeapController (40)
[2018.10.31-18.50.51:032][565]LogSlate: Slate User Destroyed.  User Index 0, Is Virtual User: 0
[2018.10.31-18.50.51:032][565]LogModuleManager: Shutting down and abandoning module MagicLeap (38)
[2018.10.31-18.50.51:032][565]LogModuleManager: Shutting down and abandoning module AnimationModifiers (36)
[2018.10.31-18.50.51:033][565]LogModuleManager: Shutting down and abandoning module PropertyEditor (35)
[2018.10.31-18.50.51:033][565]LogModuleManager: Shutting down and abandoning module AudioEditor (32)
[2018.10.31-18.50.51:033][565]LogModuleManager: Shutting down and abandoning module TextureCompressor (30)
[2018.10.31-18.50.51:034][565]LogModuleManager: Shutting down and abandoning module ShaderCore (28)
[2018.10.31-18.50.51:034][565]LogModuleManager: Shutting down and abandoning module Landscape (26)
[2018.10.31-18.50.51:034][565]LogModuleManager: Shutting down and abandoning module SlateRHIRenderer (24)
[2018.10.31-18.50.51:035][565]LogModuleManager: Shutting down and abandoning module OpenGLDrv (22)
[2018.10.31-18.50.51:036][565]LogModuleManager: Shutting down and abandoning module D3D11RHI (20)
[2018.10.31-18.50.51:036][565]LogModuleManager: Shutting down and abandoning module AnimGraphRuntime (18)
[2018.10.31-18.50.51:036][565]LogModuleManager: Shutting down and abandoning module Renderer (16)
[2018.10.31-18.50.51:036][565]LogModuleManager: Shutting down and abandoning module Engine (14)
[2018.10.31-18.50.51:036][565]LogModuleManager: Shutting down and abandoning module CoreUObject (12)
[2018.10.31-18.50.51:036][565]LogModuleManager: Shutting down and abandoning module NetworkFile (10)
[2018.10.31-18.50.51:036][565]LogModuleManager: Shutting down and abandoning module CookedIterativeFile (8)
[2018.10.31-18.50.51:036][565]LogModuleManager: Shutting down and abandoning module StreamingFile (6)
[2018.10.31-18.50.51:036][565]LogModuleManager: Shutting down and abandoning module SandboxFile (4)
[2018.10.31-18.50.51:036][565]LogModuleManager: Shutting down and abandoning module PakFile (2)
[2018.10.31-18.50.51:046][565]LogExit: Exiting.
[2018.10.31-18.50.51:057][565]Log file closed, 10/31/18 19:50:51
