Log file open, 10/30/18 21:14:01
LogWindows: Failed to load 'aqProf.dll' (GetLastError=126)
LogWindows: File 'aqProf.dll' does not exist
LogWindows: Failed to load 'VSPerf140.dll' (GetLastError=126)
LogWindows: File 'VSPerf140.dll' does not exist
LogWindows: Failed to load 'VtuneApi.dll' (GetLastError=126)
LogWindows: File 'VtuneApi.dll' does not exist
LogWindows: Failed to load 'VtuneApi32e.dll' (GetLastError=126)
LogWindows: File 'VtuneApi32e.dll' does not exist
LogInit: Display: Running engine for game: GameCore
LogPlatformFile: Not using cached read wrapper
LogTaskGraph: Started task graph with 5 named threads and 35 total threads with 3 sets of task threads.
LogStats: Stats thread started at 0.411707
LogD3D11RHI: Loaded GFSDK_Aftermath_Lib.x64.dll
LogICUInternationalization: Display: ICU TimeZone Detection - Raw Offset: +1:00, Platform Override: ''
LogPluginManager: Mounting plugin Paper2D
LogPluginManager: Mounting plugin AISupport
LogPluginManager: Mounting plugin LightPropagationVolume
LogPluginManager: Mounting plugin CLionSourceCodeAccess
LogPluginManager: Mounting plugin CodeLiteSourceCodeAccess
LogPluginManager: Mounting plugin GitSourceControl
LogPluginManager: Mounting plugin KDevelopSourceCodeAccess
LogPluginManager: Mounting plugin NullSourceCodeAccess
LogPluginManager: Mounting plugin PerforceSourceControl
LogPluginManager: Mounting plugin SubversionSourceControl
LogPluginManager: Mounting plugin UObjectPlugin
LogPluginManager: Mounting plugin VisualStudioCodeSourceCodeAccess
LogPluginManager: Mounting plugin VisualStudioSourceCodeAccess
LogPluginManager: Mounting plugin XCodeSourceCodeAccess
LogPluginManager: Mounting plugin AssetManagerEditor
LogPluginManager: Mounting plugin CryptoKeys
LogPluginManager: Mounting plugin DataValidation
LogPluginManager: Mounting plugin FacialAnimation
LogPluginManager: Mounting plugin GameplayTagsEditor
LogPluginManager: Mounting plugin MacGraphicsSwitching
LogPluginManager: Mounting plugin MeshEditor
LogPluginManager: Mounting plugin MobileLauncherProfileWizard
LogPluginManager: Mounting plugin PluginBrowser
LogPluginManager: Mounting plugin SpeedTreeImporter
LogPluginManager: Mounting plugin DatasmithContent
LogPluginManager: Mounting plugin AlembicImporter
LogPluginManager: Mounting plugin AppleImageUtils
LogPluginManager: Mounting plugin AppleVision
LogPluginManager: Mounting plugin BackChannel
LogPluginManager: Mounting plugin CharacterAI
LogPluginManager: Mounting plugin GeometryCache
LogPluginManager: Mounting plugin HTML5Networking
LogPluginManager: Mounting plugin ProxyLODPlugin
LogPluginManager: Mounting plugin MagicLeap
LogPluginManager: Mounting plugin MagicLeapEmulator
LogPluginManager: Mounting plugin MagicLeapMedia
LogPluginManager: Mounting plugin AndroidMedia
LogPluginManager: Mounting plugin AvfMedia
LogPluginManager: Mounting plugin ImgMedia
LogPluginManager: Mounting plugin LinearTimecode
LogPluginManager: Mounting plugin MediaCompositing
LogPluginManager: Mounting plugin MediaPlayerEditor
LogPluginManager: Mounting plugin WmfMedia
LogPluginManager: Mounting plugin TcpMessaging
LogPluginManager: Mounting plugin UdpMessaging
LogPluginManager: Mounting plugin ActorSequence
LogPluginManager: Mounting plugin LevelSequenceEditor
LogPluginManager: Mounting plugin MatineeToLevelSequence
LogPluginManager: Mounting plugin NetcodeUnitTest
LogPluginManager: Mounting plugin NUTUnrealEngine4
LogPluginManager: Mounting plugin OnlineSubsystemGooglePlay
LogPluginManager: Mounting plugin OnlineSubsystemIOS
LogPluginManager: Mounting plugin OnlineSubsystem
LogPluginManager: Mounting plugin OnlineSubsystemNull
LogPluginManager: Mounting plugin OnlineSubsystemUtils
LogPluginManager: Mounting plugin LauncherChunkInstaller
LogPluginManager: Mounting plugin AndroidDeviceProfileSelector
LogPluginManager: Mounting plugin AndroidMoviePlayer
LogPluginManager: Mounting plugin AndroidPermission
LogPluginManager: Mounting plugin AppleMoviePlayer
LogPluginManager: Mounting plugin ArchVisCharacter
LogPluginManager: Mounting plugin AudioCapture
LogPluginManager: Mounting plugin CableComponent
LogPluginManager: Mounting plugin CustomMeshComponent
LogPluginManager: Mounting plugin EditableMesh
LogPluginManager: Mounting plugin ExampleDeviceProfileSelector
LogPluginManager: Mounting plugin GoogleCloudMessaging
LogPluginManager: Mounting plugin ImmediatePhysics
LogPluginManager: Mounting plugin IOSDeviceProfileSelector
LogPluginManager: Mounting plugin LinuxDeviceProfileSelector
LogPluginManager: Mounting plugin LocationServicesBPLibrary
LogPluginManager: Mounting plugin MobilePatchingUtils
LogPluginManager: Mounting plugin OculusVR
LogPluginManager: Plugin shader directory ../../../Engine/Plugins/Runtime/Oculus/OculusVR/Shaders found
LogPluginManager: Mapping shader source directory ../../../Engine/Plugins/Runtime/Oculus/OculusVR/Shaders to virtual directory /Plugin/OculusVR
LogPluginManager: Mounting plugin PhysXVehicles
LogPluginManager: Mounting plugin ProceduralMeshComponent
LogPluginManager: Mounting plugin RuntimePhysXCooking
LogPluginManager: Mounting plugin SteamVR
LogPluginManager: Mounting plugin WindowsMoviePlayer
LogStreaming: Display: Took  0.075s to configure plugins.
LogInit: Using libcurl 7.55.1-DEV
LogInit:  - built for x86_64-pc-win32
LogInit:  - supports SSL with OpenSSL/1.0.2h
LogInit:  - supports HTTP deflate (compression) using libz 1.2.8
LogInit:  - other features:
LogInit:      CURL_VERSION_SSL
LogInit:      CURL_VERSION_LIBZ
LogInit:      CURL_VERSION_IPV6
LogInit:      CURL_VERSION_ASYNCHDNS
LogInit:      CURL_VERSION_LARGEFILE
LogInit:      CURL_VERSION_IDN
LogInit:  CurlRequestOptions (configurable via config and command line):
LogInit:  - bVerifyPeer = false  - Libcurl will NOT verify peer certificate
LogInit:  - bUseHttpProxy = false  - Libcurl will NOT use HTTP proxy
LogInit:  - bDontReuseConnections = false  - Libcurl will reuse connections
LogInit:  - CertBundlePath = nullptr  - Libcurl will use whatever was configured at build time.
LogInit:  - MaxHostConnections = 16  - Libcurl will limit the number of connections to a host
LogInit:  - LocalHostAddr = Default
LogInit:  - BufferSize = 65536
LogInit: WinSock: version 1.1 (2.2), MaxSocks=32767, MaxUdp=65467
LogInit: Build: ++UE4+Release-4.20-CL-4369336
LogInit: Engine Version: 4.20.3-4369336+++UE4+Release-4.20
LogInit: Compatible Engine Version: 4.20.0-4212847+++UE4+Release-4.20
LogInit: Net CL: 4212847
LogInit: OS: Windows 10 (), CPU: Intel(R) Core(TM) i9-8950HK CPU @ 2.90GHz, GPU: Intel(R) UHD Graphics 630
LogInit: Compiled (64-bit): Sep 17 2018 12:26:19
LogInit: Compiled with Visual C++: 19.13.26129.00
LogInit: Build Configuration: Development
LogInit: Branch Name: ++UE4+Release-4.20
LogInit: Command Line: 
LogInit: Base Directory: C:/Program Files/Epic Games/UE_4.20/Engine/Binaries/Win64/
LogInit: Installed Engine Build: 1
LogDevObjectVersion: Number of dev versions registered: 20
LogDevObjectVersion:   Dev-Blueprints (B0D832E4-1F89-4F0D-ACCF-7EB736FD4AA2): 10
LogDevObjectVersion:   Dev-Build (E1C64328-A22C-4D53-A36C-8E866417BD8C): 0
LogDevObjectVersion:   Dev-Core (375EC13C-06E4-48FB-B500-84F0262A717E): 2
LogDevObjectVersion:   Dev-Editor (E4B068ED-F494-42E9-A231-DA0B2E46BB41): 24
LogDevObjectVersion:   Dev-Framework (CFFC743F-43B0-4480-9391-14DF171D2073): 34
LogDevObjectVersion:   Dev-Mobile (B02B49B5-BB20-44E9-A304-32B752E40360): 2
LogDevObjectVersion:   Dev-Networking (A4E4105C-59A1-49B5-A7C5-40C4547EDFEE): 0
LogDevObjectVersion:   Dev-Online (39C831C9-5AE6-47DC-9A44-9C173E1C8E7C): 0
LogDevObjectVersion:   Dev-Physics (78F01B33-EBEA-4F98-B9B4-84EACCB95AA2): 0
LogDevObjectVersion:   Dev-Platform (6631380F-2D4D-43E0-8009-CF276956A95A): 0
LogDevObjectVersion:   Dev-Rendering (12F88B9F-8875-4AFC-A67C-D90C383ABD29): 26
LogDevObjectVersion:   Dev-Sequencer (7B5AE74C-D270-4C10-A958-57980B212A5A): 9
LogDevObjectVersion:   Dev-VR (D7296918-1DD6-4BDD-9DE2-64A83CC13884): 2
LogDevObjectVersion:   Dev-LoadTimes (C2A15278-BFE7-4AFE-6C17-90FF531DF755): 1
LogDevObjectVersion:   Private-Geometry (6EACA3D4-40EC-4CC1-B786-8BED09428FC5): 3
LogDevObjectVersion:   Dev-AnimPhys (29E575DD-E0A3-4627-9D10-D276232CDCEA): 17
LogDevObjectVersion:   Dev-ReflectionCapture (6B266CEC-1EC7-4B8F-A30B-E4D90942FC07): 1
LogDevObjectVersion:   Dev-Automation (0DF73D61-A23F-47EA-B727-89E90C41499A): 1
LogDevObjectVersion:   FortniteMain (601D1886-AC64-4F84-AA16-D3DE0DEAC7D6): 12
LogDevObjectVersion:   Dev-Enterprise (9DFFBCD6-494F-0158-E221-12823C92A888): 1
LogStreaming: Display: Took  0.001s to delete old logs.
LogInit: Presizing for max 8388607 objects, including 0 objects not considered by GC, pre-allocating 0 bytes for permanent pool.
LogInit: Object subsystem initialized
[2018.10.30-20.14.01:902][  0]LogInit: Selected Device Profile: [Windows]
[2018.10.30-20.14.01:902][  0]LogInit: Applying CVar settings loaded from the selected device profile: [Windows]
[2018.10.30-20.14.01:912][  0]LogHAL: Display: Platform has ~ 16 GB [17023823872 / 17179869184 / 16], which maps to Larger [LargestMinGB=32, LargerMinGB=12, DefaultMinGB=8, SmallerMinGB=6, SmallestMinGB=0)
[2018.10.30-20.14.01:912][  0]LogInit: Setting Device Profile CVar: [[r.Vulkan.UseRealUBs:1]]
[2018.10.30-20.14.01:912][  0]LogInit: Going up to parent DeviceProfile []
[2018.10.30-20.14.01:912][  0]LogInit: Computer: LAPTOP-24L0JPUM
[2018.10.30-20.14.01:912][  0]LogInit: User: olive
[2018.10.30-20.14.01:912][  0]LogInit: CPU Page size=4096, Cores=6
[2018.10.30-20.14.01:912][  0]LogInit: High frequency timer resolution =2.835935 MHz
[2018.10.30-20.14.01:912][  0]LogMemory: Memory total: Physical=15.9GB (16GB approx)
[2018.10.30-20.14.01:912][  0]LogMemory: Platform Memory Stats for Windows
[2018.10.30-20.14.01:912][  0]LogMemory: Process Physical Memory: 100.98 MB used, 100.98 MB peak
[2018.10.30-20.14.01:912][  0]LogMemory: Process Virtual Memory: 85.94 MB used, 85.94 MB peak
[2018.10.30-20.14.01:912][  0]LogMemory: Physical Memory: 3538.99 MB used,  12696.20 MB free, 16235.18 MB total
[2018.10.30-20.14.01:912][  0]LogMemory: Virtual Memory: 4657.29 MB used,  12696.20 MB free, 134217728.00 MB total
[2018.10.30-20.14.01:928][  0]LogInit: Using OS detected language (da-DK).
[2018.10.30-20.14.01:928][  0]LogInit: Using OS detected locale (da-DK).
[2018.10.30-20.14.01:929][  0]LogTextLocalizationManager: No localization for 'da-DK' exists, so 'en' will be used for the language.
[2018.10.30-20.14.02:198][  0]LogStreaming: Display: Took  0.269s to InitEngineTextLocalization.
[2018.10.30-20.14.02:198][  0]LogInit: Setting process to per monitor DPI aware
[2018.10.30-20.14.02:233][  0]LogSlate: New Slate User Created.  User Index 0, Is Virtual User: 0
[2018.10.30-20.14.02:233][  0]LogSlate: Slate User Registered.  User Index 0, Is Virtual User: 0
[2018.10.30-20.14.02:392][  0]LogHMD: Failed to initialize OpenVR with code 110
[2018.10.30-20.14.02:392][  0]LogD3D11RHI: D3D11 adapters:
[2018.10.30-20.14.02:455][  0]LogD3D11RHI:    0. 'NVIDIA GeForce GTX 1050 Ti' (Feature Level 11_0)
[2018.10.30-20.14.02:455][  0]LogD3D11RHI:       4018/0/8117 MB DedicatedVideo/DedicatedSystem/SharedSystem, Outputs:1, VendorId:0x10de
[2018.10.30-20.14.02:468][  0]LogD3D11RHI:    1. 'Intel(R) UHD Graphics 630' (Feature Level 11_0)
[2018.10.30-20.14.02:468][  0]LogD3D11RHI:       128/0/8117 MB DedicatedVideo/DedicatedSystem/SharedSystem, Outputs:0, VendorId:0x8086
[2018.10.30-20.14.02:470][  0]LogD3D11RHI:    2. 'Microsoft Basic Render Driver' (Feature Level 11_0)
[2018.10.30-20.14.02:470][  0]LogD3D11RHI:       0/0/8117 MB DedicatedVideo/DedicatedSystem/SharedSystem, Outputs:0, VendorId:0x1414
[2018.10.30-20.14.02:472][  0]LogD3D11RHI:    3. 'Microsoft Basic Render Driver' (Feature Level 11_0)
[2018.10.30-20.14.02:472][  0]LogD3D11RHI:       0/0/8117 MB DedicatedVideo/DedicatedSystem/SharedSystem, Outputs:0, VendorId:0x1414
[2018.10.30-20.14.02:472][  0]LogD3D11RHI: Chosen D3D11 Adapter: 0
[2018.10.30-20.14.02:492][  0]LogD3D11RHI: Creating new Direct3DDevice
[2018.10.30-20.14.02:492][  0]LogD3D11RHI:     GPU DeviceId: 0x1c8c (for the marketing name, search the web for "GPU Device Id")
[2018.10.30-20.14.02:492][  0]LogWindows: EnumDisplayDevices:
[2018.10.30-20.14.02:492][  0]LogWindows:    0. 'Intel(R) UHD Graphics 630' (P:1 D:1)
[2018.10.30-20.14.02:493][  0]LogWindows:    1. 'Intel(R) UHD Graphics 630' (P:0 D:0)
[2018.10.30-20.14.02:493][  0]LogWindows:    2. 'Intel(R) UHD Graphics 630' (P:0 D:0)
[2018.10.30-20.14.02:493][  0]LogWindows:    3. 'NVIDIA GeForce GTX 1050 Ti' (P:0 D:0)
[2018.10.30-20.14.02:493][  0]LogWindows:    4. 'NVIDIA GeForce GTX 1050 Ti' (P:0 D:0)
[2018.10.30-20.14.02:493][  0]LogWindows:    5. 'Asus ScreenPad Display' (P:0 D:0)
[2018.10.30-20.14.02:494][  0]LogWindows: DebugString: PrimaryIsNotTheChoosenAdapter PrimaryIsNotTheChoosenAdapter PrimaryIsNotTheChoosenAdapter GetVideoDriverDetailsInvalid PrimaryIsNotTheChoosenAdapter FoundDriverCount:2 
[2018.10.30-20.14.02:494][  0]LogD3D11RHI:     Adapter Name: NVIDIA GeForce GTX 1050 Ti
[2018.10.30-20.14.02:494][  0]LogD3D11RHI:   Driver Version: 398.36 (internal:24.21.13.9836, unified:398.36)
[2018.10.30-20.14.02:494][  0]LogD3D11RHI:      Driver Date: 6-24-2018
[2018.10.30-20.14.02:494][  0]LogRHI: Texture pool is 2812 MB (70% of 4018 MB)
[2018.10.30-20.14.02:529][  0]LogD3D11RHI: Async texture creation enabled
[2018.10.30-20.14.02:558][  0]LogD3D11RHI: GPU Timing Frequency: 1000.000000 (Debug: 2 2)
[2018.10.30-20.14.02:558][  0]LogShaderCompilers: Guid format shader working directory is -19 characters bigger than the processId version (../../../../../../Users/olive/Documents/Unreal Projects/GameCore/Intermediate/Shaders/WorkingDirectory/11336/).
[2018.10.30-20.14.02:558][  0]LogShaderCompilers: Cleaned the shader compiler working directory 'C:/Users/olive/AppData/Local/Temp/UnrealShaderWorkingDir/AE2E7DA34BF666C7AEA60C99064E8B1F/'.
[2018.10.30-20.14.02:773][  0]LogTemp: Display: Loaded TP AllDesktopTargetPlatform
[2018.10.30-20.14.02:785][  0]LogTemp: Display: Loaded TP MacClientTargetPlatform
[2018.10.30-20.14.02:795][  0]LogTemp: Display: Loaded TP MacNoEditorTargetPlatform
[2018.10.30-20.14.02:805][  0]LogTemp: Display: Loaded TP MacServerTargetPlatform
[2018.10.30-20.14.02:815][  0]LogTemp: Display: Loaded TP MacTargetPlatform
[2018.10.30-20.14.02:824][  0]LogTemp: Display: Loaded TP WindowsClientTargetPlatform
[2018.10.30-20.14.02:834][  0]LogTemp: Display: Loaded TP WindowsNoEditorTargetPlatform
[2018.10.30-20.14.02:843][  0]LogTemp: Display: Loaded TP WindowsServerTargetPlatform
[2018.10.30-20.14.02:848][  0]LogTemp: Display: Loaded TP WindowsTargetPlatform
[2018.10.30-20.14.02:903][  0]LogTemp: Display: Loaded TP AndroidTargetPlatform
[2018.10.30-20.14.02:903][  0]LogTemp: Display: Loaded TP AndroidTargetPlatform
[2018.10.30-20.14.02:903][  0]LogTemp: Display: Loaded TP AndroidTargetPlatform
[2018.10.30-20.14.02:903][  0]LogTemp: Display: Loaded TP AndroidTargetPlatform
[2018.10.30-20.14.02:903][  0]LogTemp: Display: Loaded TP AndroidTargetPlatform
[2018.10.30-20.14.02:903][  0]LogTemp: Display: Loaded TP AndroidTargetPlatform
[2018.10.30-20.14.02:903][  0]LogTemp: Display: Loaded TP AndroidTargetPlatform
[2018.10.30-20.14.02:903][  0]LogTemp: Display: Loaded TP AndroidTargetPlatform
[2018.10.30-20.14.02:903][  0]LogTemp: Display: Loaded TP AndroidTargetPlatform
[2018.10.30-20.14.02:903][  0]LogTemp: Display: Loaded TP AndroidTargetPlatform
[2018.10.30-20.14.02:903][  0]LogTemp: Display: Loaded TP AndroidTargetPlatform
[2018.10.30-20.14.02:903][  0]LogTemp: Display: Loaded TP AndroidTargetPlatform
[2018.10.30-20.14.02:903][  0]LogTemp: Display: Loaded TP AndroidTargetPlatform
[2018.10.30-20.14.02:903][  0]LogTemp: Display: Loaded TP AndroidTargetPlatform
[2018.10.30-20.14.02:903][  0]LogTemp: Display: Loaded TP AndroidTargetPlatform
[2018.10.30-20.14.02:904][  0]LogTemp: Display: Loaded TP AndroidTargetPlatform
[2018.10.30-20.14.02:904][  0]LogTemp: Display: Loaded TP AndroidTargetPlatform
[2018.10.30-20.14.02:904][  0]LogTemp: Display: Loaded TP AndroidTargetPlatform
[2018.10.30-20.14.02:904][  0]LogTemp: Display: Loaded TP HTML5TargetPlatform
[2018.10.30-20.14.02:968][  0]LogTemp: Display: Loaded TP IOSTargetPlatform
[2018.10.30-20.14.02:968][  0]LogTemp: Display: Loaded TP IOSTargetPlatform
[2018.10.30-20.14.02:986][  0]LogTemp: Display: Loaded TP TVOSTargetPlatform
[2018.10.30-20.14.02:986][  0]LogTemp: Display: Loaded TP TVOSTargetPlatform
[2018.10.30-20.14.02:995][  0]LogTemp: Display: Loaded TP LinuxClientTargetPlatform
[2018.10.30-20.14.03:004][  0]LogTemp: Display: Loaded TP LinuxNoEditorTargetPlatform
[2018.10.30-20.14.03:014][  0]LogTemp: Display: Loaded TP LinuxServerTargetPlatform
[2018.10.30-20.14.03:023][  0]LogTemp: Display: Loaded TP LinuxTargetPlatform
[2018.10.30-20.14.03:030][  0]LogTemp: Display: Loaded TP LuminTargetPlatform
[2018.10.30-20.14.03:030][  0]LogTargetPlatformManager: Display: Building Assets For Windows
[2018.10.30-20.14.03:073][  0]LogXGEController: Cleaning working directory: C:/Users/olive/AppData/Local/Temp/UnrealXGEWorkingDir/
[2018.10.30-20.14.03:073][  0]LogXGEController: Cannot use XGE Controller as Incredibuild is not installed on this machine.
[2018.10.30-20.14.03:073][  0]LogShaderCompilers: Cannot use XGE Shader Compiler as Incredibuild is not installed on this machine.
[2018.10.30-20.14.03:073][  0]LogShaderCompilers: Display: Using Local Shader Compiler.
[2018.10.30-20.14.03:637][  0]LogDerivedDataCache: Display: Max Cache Size: 512 MB
[2018.10.30-20.14.03:680][  0]LogDerivedDataCache: Loaded boot cache 0.04s 73MB C:/Users/olive/AppData/Local/UnrealEngine/4.20/DerivedDataCache/Boot.ddc.
[2018.10.30-20.14.03:680][  0]LogDerivedDataCache: Display: Loaded Boot cache: C:/Users/olive/AppData/Local/UnrealEngine/4.20/DerivedDataCache/Boot.ddc
[2018.10.30-20.14.03:680][  0]LogDerivedDataCache: FDerivedDataBackendGraph:  Pak pak cache file ../../../../../../Users/olive/Documents/Unreal Projects/GameCore/DerivedDataCache/DDC.ddp not found, will not use a pak cache.
[2018.10.30-20.14.03:680][  0]LogDerivedDataCache: Unable to find inner node Pak for hierarchical cache Hierarchy.
[2018.10.30-20.14.03:680][  0]LogDerivedDataCache: FDerivedDataBackendGraph:  CompressedPak pak cache file ../../../../../../Users/olive/Documents/Unreal Projects/GameCore/DerivedDataCache/Compressed.ddp not found, will not use a pak cache.
[2018.10.30-20.14.03:680][  0]LogDerivedDataCache: Unable to find inner node CompressedPak for hierarchical cache Hierarchy.
[2018.10.30-20.14.03:690][  0]LogDerivedDataCache: Display: Pak cache opened for reading ../../../Engine/DerivedDataCache/Compressed.ddp.
[2018.10.30-20.14.03:702][  0]LogDerivedDataCache: Using Local data cache path C:/Users/olive/AppData/Local/UnrealEngine/Common/DerivedDataCache: Writable
[2018.10.30-20.14.03:702][  0]LogDerivedDataCache: Shared data cache path not found in *engine.ini, will not use an Shared cache.
[2018.10.30-20.14.03:702][  0]LogDerivedDataCache: Unable to find inner node Shared for hierarchical cache Hierarchy.
[2018.10.30-20.14.03:727][  0]LogMaterial: Verifying Global Shaders for PCD3D_SM5
[2018.10.30-20.14.03:729][  0]LogSlate: Using FreeType 2.6.0
[2018.10.30-20.14.03:729][  0]LogSlate: SlateFontServices - WITH_FREETYPE: 1, WITH_HARFBUZZ: 1
[2018.10.30-20.14.03:791][  0]LogAssetRegistry: FAssetRegistry took 0.0254 seconds to start up
[2018.10.30-20.14.04:020][  0]LogInit: Selected Device Profile: [Windows]
[2018.10.30-20.14.04:062][  0]LogSimplygon: Simplygon DLL not present - disabling.
[2018.10.30-20.14.04:064][  0]LogMeshReduction: Using SimplygonSwarm for distributed automatic mesh merging
[2018.10.30-20.14.04:064][  0]LogMeshReduction: Using ProxyLODMeshReduction for automatic mesh merging
[2018.10.30-20.14.04:064][  0]LogMeshReduction: Using QuadricMeshReduction for automatic static mesh reduction
[2018.10.30-20.14.04:064][  0]LogMeshReduction: No automatic skeletal mesh reduction module available
[2018.10.30-20.14.04:136][  0]LogNetVersion: GameCore 1.0.0, NetCL: 4212847, EngineNetVer: 5, GameNetVer: 0 (Checksum: 648851774)
[2018.10.30-20.14.04:490][  0]LogPackageLocalizationCache: Processed 11 localized package path(s) for 1 prioritized culture(s) in 0.034161 seconds
[2018.10.30-20.14.04:495][  0]LogUObjectArray: 38425 objects as part of root set at end of initial load.
[2018.10.30-20.14.04:495][  0]LogUObjectAllocator: 6690864 out of 0 bytes used by permanent object pool.
[2018.10.30-20.14.04:495][  0]LogUObjectArray: CloseDisregardForGC: 0/0 objects in disregard for GC pool
[2018.10.30-20.14.05:148][  0]LogTcpMessaging: Initializing TcpMessaging bridge
[2018.10.30-20.14.05:162][  0]LogUdpMessaging: Initializing bridge on interface 0.0.0.0:0 to multicast group 230.0.0.1:6666.
[2018.10.30-20.14.05:426][  0]SourceControl: Source control is disabled
[2018.10.30-20.14.05:426][  0]SourceControl: Source control is disabled
[2018.10.30-20.14.05:427][  0]SourceControl: Source control is disabled
[2018.10.30-20.14.05:427][  0]SourceControl: Source control is disabled
[2018.10.30-20.14.05:579][  0]LogAndroidPermission: UAndroidPermissionCallbackProxy::GetInstance
[2018.10.30-20.14.05:617][  0]LogOcInput: OculusInput pre-init called
[2018.10.30-20.14.05:662][  0]LogEngine: Initializing Engine...
[2018.10.30-20.14.05:664][  0]LogHMD: Failed to initialize OpenVR with code 110
[2018.10.30-20.14.05:664][  0]LogStats: UGameplayTagsManager::ConstructGameplayTagTree: ImportINI prefixes -  0.000 s
[2018.10.30-20.14.05:664][  0]LogStats: UGameplayTagsManager::ConstructGameplayTagTree: Construct from data asset -  0.000 s
[2018.10.30-20.14.05:664][  0]LogStats: UGameplayTagsManager::ConstructGameplayTagTree: ImportINI -  0.000 s
[2018.10.30-20.14.05:664][  0]LogStats: UGameplayTagsManager::ConstructGameplayTagTree: GameplayTagTreeChangedEvent.Broadcast -  0.000 s
[2018.10.30-20.14.05:826][  0]LogInit: Initializing FReadOnlyCVARCache
[2018.10.30-20.14.05:836][  0]LogAIModule: Creating AISystem for world Untitled
[2018.10.30-20.14.05:841][  0]LogInit: XAudio2 using 'Speakers (Realtek(R) Audio)' : 2 channels at 48 kHz using 32 bits per sample (channel mask 0x3)
[2018.10.30-20.14.06:061][  0]LogInit: FAudioDevice initialized.
[2018.10.30-20.14.06:061][  0]LogNetVersion: Set ProjectVersion to 1.0.0.0. Version Checksum will be recalculated on next use.
[2018.10.30-20.14.06:108][  0]LogDerivedDataCache: Saved boot cache 0.05s 73MB C:/Users/olive/AppData/Local/UnrealEngine/4.20/DerivedDataCache/Boot.ddc.
[2018.10.30-20.14.06:119][  0]LogInit: Texture streaming: Enabled
[2018.10.30-20.14.06:131][  0]LogEngineSessionManager: EngineSessionManager initialized
[2018.10.30-20.14.06:131][  0]LogEngineSessionManager: EngineSessionManager sent abnormal shutdown report. Type=Crashed, SessionId={D1B4563C-409B-87B4-BB5B-838B3F294E43}
[2018.10.30-20.14.06:141][  0]LogInit: Transaction tracking system initialized
[2018.10.30-20.14.06:158][  0]BlueprintLog: New page: Editor Load
[2018.10.30-20.14.06:237][  0]LocalizationService: Localization service is disabled
[2018.10.30-20.14.06:441][  0]LogCook: Display: Max memory allowance for cook 16384mb min free memory 0mb
[2018.10.30-20.14.06:441][  0]LogCook: Display: Mobile HDR setting 1
[2018.10.30-20.14.06:441][  0]LogGameplayTags: Display: UGameplayTagsManager::DoneAddingNativeTags. DelegateIsBound: 0
[2018.10.30-20.14.06:441][  0]LogStats: UGameplayTagsManager::ConstructGameplayTagTree: ImportINI prefixes -  0.000 s
[2018.10.30-20.14.06:441][  0]LogStats: UGameplayTagsManager::ConstructGameplayTagTree: Construct from data asset -  0.000 s
[2018.10.30-20.14.06:441][  0]LogStats: UGameplayTagsManager::ConstructGameplayTagTree: ImportINI -  0.000 s
[2018.10.30-20.14.06:441][  0]LogStats: UGameplayTagsManager::ConstructGameplayTagTree: GameplayTagTreeChangedEvent.Broadcast -  0.000 s
[2018.10.30-20.14.06:523][  0]LogFileCache: Scanning file cache for directory 'C:/Users/olive/Documents/Unreal Projects/GameCore/Content/' took 0.02s
[2018.10.30-20.14.06:523][  0]SourceControl: Source control is disabled
[2018.10.30-20.14.06:523][  0]Cmd: MAP LOAD FILE="../../../../../../Users/olive/Documents/Unreal Projects/GameCore/Content/ThirdPersonCPP/Maps/ThirdPersonExampleMap.umap" TEMPLATE=0 SHOWPROGRESS=1 FEATURELEVEL=3
[2018.10.30-20.14.06:524][  0]LightingResults: New page: Lighting Build
[2018.10.30-20.14.06:525][  0]MapCheck: New page: Map Check
[2018.10.30-20.14.06:526][  0]LightingResults: New page: Lighting Build
[2018.10.30-20.14.06:685][  0]LogAIModule: Creating AISystem for world ThirdPersonExampleMap
[2018.10.30-20.14.06:695][  0]LogEditorServer: Finished looking for orphan Actors (0.000 secs)
[2018.10.30-20.14.06:717][  0]Cmd: MAP CHECKDEP NOCLEARLOG
[2018.10.30-20.14.06:773][  0]MapCheck: Map check complete: 0 Error(s), 0 Warning(s), took 56,413ms to complete.
[2018.10.30-20.14.06:773][  0]LogFileHelpers: Loading map 'ThirdPersonExampleMap' took 0.250
[2018.10.30-20.14.06:860][  0]LogSlate: Updating window title bar state: overlay mode, drag disabled, window buttons hidden, title bar hidden
[2018.10.30-20.14.06:866][  0]LogSlate: Updating window title bar state: overlay mode, drag disabled, window buttons hidden, title bar hidden
[2018.10.30-20.14.06:871][  0]LogSlate: Updating window title bar state: overlay mode, drag disabled, window buttons hidden, title bar hidden
[2018.10.30-20.14.06:877][  0]LogSlate: Updating window title bar state: overlay mode, drag disabled, window buttons hidden, title bar hidden
[2018.10.30-20.14.06:881][  0]LogCollectionManager: Loaded 0 collections in 0.001218 seconds
[2018.10.30-20.14.06:937][  0]LogFileCache: Scanning file cache for directory 'C:/Users/olive/Documents/Unreal Projects/GameCore/Saved/Collections/' took 0.01s
[2018.10.30-20.14.06:937][  0]LogFileCache: Scanning file cache for directory 'C:/Users/olive/Documents/Unreal Projects/GameCore/Content/Developers/olive/Collections/' took 0.01s
[2018.10.30-20.14.06:937][  0]LogFileCache: Scanning file cache for directory 'C:/Users/olive/Documents/Unreal Projects/GameCore/Content/Collections/' took 0.01s
[2018.10.30-20.14.06:937][  0]LogCollectionManager: Rebuilt the GUID cache for 0 collections in 0.000001 seconds
[2018.10.30-20.14.06:951][  0]LogContentBrowser: Native class hierarchy populated in 0.0133 seconds. Added 2574 classes and 605 folders.
[2018.10.30-20.14.06:957][  0]LogContentBrowser: Native class hierarchy updated for 'WidgetCarousel' in 0.0003 seconds. Added 0 classes and 0 folders.
[2018.10.30-20.14.06:990][  0]LogContentBrowser: Native class hierarchy updated for 'AddContentDialog' in 0.0003 seconds. Added 0 classes and 0 folders.
[2018.10.30-20.14.06:994][  0]LogContentBrowser: Native class hierarchy updated for 'SceneOutliner' in 0.0003 seconds. Added 1 classes and 2 folders.
[2018.10.30-20.14.07:006][  0]LogSlate: Took 0.000209 seconds to synchronously load lazily loaded font '../../../Engine/Content/Slate/Fonts/Roboto-Regular.ttf' (155K)
[2018.10.30-20.14.07:009][  0]LogSlate: Took 0.000310 seconds to synchronously load lazily loaded font '../../../Engine/Content/Slate/Fonts/Roboto-Bold.ttf' (160K)
[2018.10.30-20.14.07:016][  0]LogSlate: Took 0.000368 seconds to synchronously load lazily loaded font '../../../Engine/Content/Editor/Slate/Fonts/FontAwesome.ttf' (139K)
[2018.10.30-20.14.07:086][  0]LogRenderer: Reallocating scene render targets to support 964x436 Format 10 NumSamples 1 (Frame:1).
[2018.10.30-20.14.07:243][  0]LogContentBrowser: Native class hierarchy updated for 'HierarchicalLODOutliner' in 0.0006 seconds. Added 0 classes and 0 folders.
[2018.10.30-20.14.07:243][  0]LogLoad: (Engine Initialization) Total time: 6.84 seconds
[2018.10.30-20.14.07:243][  0]LogLoad: (Engine Initialization) Total Blueprint compile time: 0.00 seconds
[2018.10.30-20.14.07:254][  0]LogWindowsTextInputMethodSystem: Display: IME system now deactivated.
[2018.10.30-20.14.07:275][  0]LogContentStreaming: Texture pool size now 1000 MB
[2018.10.30-20.14.07:419][  1]LogAssetRegistry: Asset discovery search completed in 3.6507 seconds
[2018.10.30-20.14.07:421][  1]LogCollectionManager: Rebuilt the object cache for 0 collections in 0.000000 seconds (found 0 objects)
[2018.10.30-20.14.07:421][  1]LogCollectionManager: Fixed up redirectors for 0 collections in 0.000033 seconds (updated 0 objects)
[2018.10.30-20.14.08:290][ 68]LogSlate: Took 0.000239 seconds to synchronously load lazily loaded font '../../../Engine/Content/Slate/Fonts/Roboto-Light.ttf' (167K)
[2018.10.30-20.14.08:585][ 92]LogSlate: FSceneViewport::OnFocusLost() reason 0
[2018.10.30-20.14.15:136][641]LogAssetEditorManager: Opening Asset editor for Blueprint /Game/ThirdPersonCPP/Blueprints/ThirdPersonCharacter.ThirdPersonCharacter
[2018.10.30-20.14.15:530][641]LogContentBrowser: Native class hierarchy updated for 'BlueprintGraph' in 0.0006 seconds. Added 116 classes and 0 folders.
[2018.10.30-20.14.18:489][761]LogSlate: Window 'ThirdPersonCharacter' being destroyed
[2018.10.30-20.14.18:607][761]LogAssetEditorManager: Opening Asset editor for Blueprint /Game/ThirdPersonCPP/Blueprints/ThirdPersonCharacter.ThirdPersonCharacter
[2018.10.30-20.14.18:901][761]LogSlate: Took 0.000161 seconds to synchronously load lazily loaded font '../../../Engine/Content/Slate/Fonts/Roboto-BoldCondensed.ttf' (158K)
[2018.10.30-20.14.20:881][857]LogRenderer: Reallocating scene render targets to support 964x688 Format 10 NumSamples 1 (Frame:1).
[2018.10.30-20.14.58:077][800]LogSlate: FSceneViewport::OnFocusLost() reason 0
[2018.10.30-20.15.20:934][992]LogSlate: FSceneViewport::OnFocusLost() reason 0
[2018.10.30-20.16.10:130][581]LogSlate: FSceneViewport::OnFocusLost() reason 0
[2018.10.30-20.16.10:169][583]BlueprintLog: New page: Compile ThirdPersonCharacter
[2018.10.30-20.16.14:750][820]LogSlate: Took 0.000569 seconds to synchronously load lazily loaded font '../../../Engine/Content/Slate/Fonts/Roboto-Italic.ttf' (157K)
[2018.10.30-20.16.28:453][581]LogSlate: Window 'ThirdPersonCharacter*' being destroyed
[2018.10.30-20.16.28:465][581]LogSlate: Window 'ThirdPersonCharacter*' being destroyed
[2018.10.30-20.16.54:548][920]LogTemp: Repeating last play command: Selected Viewport
[2018.10.30-20.16.54:578][920]LogBlueprintUserMessages: Early PlayInEditor Detection: Level '/Game/ThirdPersonCPP/Maps/ThirdPersonExampleMap.ThirdPersonExampleMap:PersistentLevel' has LevelScriptBlueprint '/Game/ThirdPersonCPP/Maps/ThirdPersonExampleMap.ThirdPersonExampleMap:PersistentLevel.ThirdPersonExampleMap' with GeneratedClass '/Game/ThirdPersonCPP/Maps/ThirdPersonExampleMap.ThirdPersonExampleMap_C' with ClassGeneratedBy '/Game/ThirdPersonCPP/Maps/ThirdPersonExampleMap.ThirdPersonExampleMap:PersistentLevel.ThirdPersonExampleMap'
[2018.10.30-20.16.54:578][920]LogPlayLevel: PlayLevel: No blueprints needed recompiling
[2018.10.30-20.16.54:625][920]PIE: New page: PIE session: ThirdPersonExampleMap (30/10/2018 22.16.54)
[2018.10.30-20.16.54:625][920]LogPlayLevel: Creating play world package: /Game/ThirdPersonCPP/Maps/UEDPIE_0_ThirdPersonExampleMap
[2018.10.30-20.16.54:642][920]LogPlayLevel: PIE: StaticDuplicateObject took: (0.016304s)
[2018.10.30-20.16.54:642][920]LogAIModule: Creating AISystem for world ThirdPersonExampleMap
[2018.10.30-20.16.54:643][920]LogPlayLevel: PIE: World Init took: (0.000794s)
[2018.10.30-20.16.54:643][920]LogPlayLevel: PIE: Created PIE world by copying editor world from /Game/ThirdPersonCPP/Maps/ThirdPersonExampleMap.ThirdPersonExampleMap to /Game/ThirdPersonCPP/Maps/UEDPIE_0_ThirdPersonExampleMap.ThirdPersonExampleMap (0.017231s)
[2018.10.30-20.16.54:668][920]LogInit: XAudio2 using 'Speakers (Realtek(R) Audio)' : 2 channels at 48 kHz using 32 bits per sample (channel mask 0x3)
[2018.10.30-20.16.54:680][920]LogInit: FAudioDevice initialized.
[2018.10.30-20.16.54:722][920]LogLoad: Game class is 'GameCoreGameMode'
[2018.10.30-20.16.54:725][920]LogWorld: Bringing World /Game/ThirdPersonCPP/Maps/UEDPIE_0_ThirdPersonExampleMap.ThirdPersonExampleMap up for play (max tick rate 0) at 2018.10.30-21.16.54
[2018.10.30-20.16.54:725][920]LogWorld: Bringing up level for play took: 0.001328
[2018.10.30-20.16.54:742][920]LogContentBrowser: Native class hierarchy updated for 'MovieSceneCapture' in 0.0004 seconds. Added 10 classes and 0 folders.
[2018.10.30-20.16.54:742][920]PIE: Play in editor start time for /Game/ThirdPersonCPP/Maps/UEDPIE_0_ThirdPersonExampleMap 0,504
[2018.10.30-20.16.54:743][920]LogBlueprintUserMessages: Late PlayInEditor Detection: Level '/Game/ThirdPersonCPP/Maps/ThirdPersonExampleMap.ThirdPersonExampleMap:PersistentLevel' has LevelScriptBlueprint '/Game/ThirdPersonCPP/Maps/ThirdPersonExampleMap.ThirdPersonExampleMap:PersistentLevel.ThirdPersonExampleMap' with GeneratedClass '/Game/ThirdPersonCPP/Maps/ThirdPersonExampleMap.ThirdPersonExampleMap_C' with ClassGeneratedBy '/Game/ThirdPersonCPP/Maps/ThirdPersonExampleMap.ThirdPersonExampleMap:PersistentLevel.ThirdPersonExampleMap'
[2018.10.30-20.17.09:896][273]LogBlueprintUserMessages: Early EndPlayMap Detection: Level '/Game/ThirdPersonCPP/Maps/ThirdPersonExampleMap.ThirdPersonExampleMap:PersistentLevel' has LevelScriptBlueprint '/Game/ThirdPersonCPP/Maps/ThirdPersonExampleMap.ThirdPersonExampleMap:PersistentLevel.ThirdPersonExampleMap' with GeneratedClass '/Game/ThirdPersonCPP/Maps/ThirdPersonExampleMap.ThirdPersonExampleMap_C' with ClassGeneratedBy '/Game/ThirdPersonCPP/Maps/ThirdPersonExampleMap.ThirdPersonExampleMap:PersistentLevel.ThirdPersonExampleMap'
[2018.10.30-20.17.09:897][273]LogSlate: Updating window title bar state: overlay mode, drag disabled, window buttons hidden, title bar hidden
[2018.10.30-20.17.09:948][273]LogPlayLevel: Display: Shutting down PIE online subsystems
[2018.10.30-20.17.09:948][273]LogBlueprintUserMessages: Late EndPlayMap Detection: Level '/Game/ThirdPersonCPP/Maps/ThirdPersonExampleMap.ThirdPersonExampleMap:PersistentLevel' has LevelScriptBlueprint '/Game/ThirdPersonCPP/Maps/ThirdPersonExampleMap.ThirdPersonExampleMap:PersistentLevel.ThirdPersonExampleMap' with GeneratedClass '/Game/ThirdPersonCPP/Maps/ThirdPersonExampleMap.ThirdPersonExampleMap_C' with ClassGeneratedBy '/Game/ThirdPersonCPP/Maps/ThirdPersonExampleMap.ThirdPersonExampleMap:PersistentLevel.ThirdPersonExampleMap'
[2018.10.30-20.17.09:979][273]LogSlate: Updating window title bar state: overlay mode, drag disabled, window buttons hidden, title bar hidden
[2018.10.30-20.17.09:995][275]LogPlayLevel: Display: Destroying online subsystem :Context_5
[2018.10.30-20.18.04:623][ 27]LogSlate: FSceneViewport::OnFocusLost() reason 2
[2018.10.30-20.18.07:452][220]LogAssetEditorManager: Opening Asset editor for Blueprint /Game/ThirdPersonCPP/Blueprints/ThirdPersonCharacter.ThirdPersonCharacter
[2018.10.30-20.19.14:162][393]LogSlate: Took 0.004603 seconds to synchronously load lazily loaded font '../../../Engine/Content/Slate/Fonts/Roboto-BoldCondensedItalic.ttf' (160K)
[2018.10.30-20.19.58:873][910]BlueprintLog: New page: Compile ThirdPersonCharacter
[2018.10.30-20.21.15:084][130]LogAssetEditorManager: Opening Asset editor for WidgetBlueprint /Game/ThirdPersonCPP/Blueprints/MMORPGHUD.MMORPGHUD
[2018.10.30-20.23.06:799][568]LogEditorTransaction: Undo Remove Widget
[2018.10.30-20.24.16:829][235]LogSlate: Window 'Color Picker' being destroyed
[2018.10.30-20.26.22:189][773]BlueprintLog: New page: Compile MMORPGHUD
[2018.10.30-20.27.52:013][330]BlueprintLog: New page: Compile MMORPGHUD
[2018.10.30-20.28.17:594][449]LogSavePackage: Moving '../../../../../../Users/olive/Documents/Unreal Projects/GameCore/Saved/ThirdPersonExampleMap_Auto1A0AFC23A4A2090DCDA2701AD1A38561A.tmp' to '../../../../../../Users/olive/Documents/Unreal Projects/GameCore/Saved/Autosaves/Game/ThirdPersonCPP/Maps/ThirdPersonExampleMap_Auto1.umap'
[2018.10.30-20.28.17:599][449]LogFileHelpers: Editor autosave (incl. sublevels) for '/Game/ThirdPersonCPP/Maps/ThirdPersonExampleMap' took 0.158
[2018.10.30-20.28.17:599][449]LogFileHelpers: Editor autosave (incl. sublevels) for all levels took 0.158
[2018.10.30-20.28.17:609][449]OBJ SavePackage: Generating thumbnails for [1] asset(s) in package [/Game/ThirdPersonCPP/Blueprints/ThirdPersonCharacter] ([1] browsable assets)...
[2018.10.30-20.28.17:632][449]OBJ SavePackage:     Rendered thumbnail for [Blueprint /Game/ThirdPersonCPP/Blueprints/ThirdPersonCharacter.ThirdPersonCharacter]
[2018.10.30-20.28.17:632][449]OBJ SavePackage: Finished generating thumbnails for package [/Game/ThirdPersonCPP/Blueprints/ThirdPersonCharacter]
[2018.10.30-20.28.17:655][449]LogSavePackage: Moving '../../../../../../Users/olive/Documents/Unreal Projects/GameCore/Saved/ThirdPersonCharacter_Auto138CCE1DE418B9AE11B0440911589147D.tmp' to '../../../../../../Users/olive/Documents/Unreal Projects/GameCore/Saved/Autosaves/Game/ThirdPersonCPP/Blueprints/ThirdPersonCharacter_Auto1.uasset'
[2018.10.30-20.28.17:656][449]OBJ SavePackage: Generating thumbnails for [0] asset(s) in package [/Game/ThirdPersonCPP/Blueprints/MMORPGHUD] ([1] browsable assets)...
[2018.10.30-20.28.17:656][449]OBJ SavePackage: Finished generating thumbnails for package [/Game/ThirdPersonCPP/Blueprints/MMORPGHUD]
[2018.10.30-20.28.17:671][449]LogSavePackage: Moving '../../../../../../Users/olive/Documents/Unreal Projects/GameCore/Saved/MMORPGHUD_Auto14FF81C24481FA44A4665F98D5B6B8385.tmp' to '../../../../../../Users/olive/Documents/Unreal Projects/GameCore/Saved/Autosaves/Game/ThirdPersonCPP/Blueprints/MMORPGHUD_Auto1.uasset'
[2018.10.30-20.28.17:672][449]LogFileHelpers: Auto-saving content packages took 0.064
[2018.10.30-20.28.54:893][840]LogEditorTransaction: Undo Add Node
[2018.10.30-20.29.40:841][430]LogEditorTransaction: Undo Add Node
[2018.10.30-20.32.06:895][835]BlueprintLog: New page: Compile MMORPGHUD
[2018.10.30-20.32.07:931][887]LogSlate: Window 'MMORPGHUD*' being destroyed
[2018.10.30-20.32.07:934][887]LogSlate: Window 'MMORPGHUD*' being destroyed
[2018.10.30-20.36.24:447][804]Cmd: CAMERA ALIGN ACTIVEVIEWPORTONLY
[2018.10.30-20.36.24:447][804]Can't find target actor or component.
[2018.10.30-20.38.18:046][775]LogFileHelpers: Editor autosave (incl. sublevels) for '/Game/ThirdPersonCPP/Maps/ThirdPersonExampleMap' took 0.023
[2018.10.30-20.38.18:048][775]OBJ SavePackage: Generating thumbnails for [0] asset(s) in package [/Game/ThirdPersonCPP/Blueprints/MMORPGHUD] ([1] browsable assets)...
[2018.10.30-20.38.18:048][775]OBJ SavePackage: Finished generating thumbnails for package [/Game/ThirdPersonCPP/Blueprints/MMORPGHUD]
[2018.10.30-20.38.18:068][775]LogSavePackage: Moving '../../../../../../Users/olive/Documents/Unreal Projects/GameCore/Saved/MMORPGHUD_Auto22B2F884F4233C0B4CF3EDE89AE925998.tmp' to '../../../../../../Users/olive/Documents/Unreal Projects/GameCore/Saved/Autosaves/Game/ThirdPersonCPP/Blueprints/MMORPGHUD_Auto2.uasset'
[2018.10.30-20.38.18:071][775]LogFileHelpers: Auto-saving content packages took 0.024
[2018.10.30-20.57.51:919][237]LogSlate: Window 'Save Content' being destroyed
[2018.10.30-20.57.51:971][237]LogSavePackage: Moving '../../../../../../Users/olive/Documents/Unreal Projects/GameCore/Saved/MMORPGHUD71D8E4FA41FD68A3C6CF7DABB38C10F1.tmp' to '../../../../../../Users/olive/Documents/Unreal Projects/GameCore/Content/ThirdPersonCPP/Blueprints/MMORPGHUD.uasset'
[2018.10.30-20.57.52:039][237]LogSavePackage: Moving '../../../../../../Users/olive/Documents/Unreal Projects/GameCore/Saved/ThirdPersonCharacter5EB592824AEDB1AB1D1BDAA37B2F783B.tmp' to '../../../../../../Users/olive/Documents/Unreal Projects/GameCore/Content/ThirdPersonCPP/Blueprints/ThirdPersonCharacter.uasset'
[2018.10.30-20.57.52:262][237]LogSavePackage: Moving '../../../../../../Users/olive/Documents/Unreal Projects/GameCore/Saved/ThirdPersonExampleMapEDCBD54E47FF32042F7769BDB3F80696.tmp' to '../../../../../../Users/olive/Documents/Unreal Projects/GameCore/Content/ThirdPersonCPP/Maps/ThirdPersonExampleMap.umap'
[2018.10.30-20.57.52:285][237]LogFileHelpers: Saving map 'ThirdPersonExampleMap' took 0.236
[2018.10.30-20.57.52:336][237]LogSlate: Window 'GameCore - Unreal Editor' being destroyed
[2018.10.30-20.57.52:598][238]Cmd: QUIT_EDITOR
[2018.10.30-20.57.53:439][238]LogWindowsTextInputMethodSystem: Display: IME system now deactivated.
[2018.10.30-20.57.53:452][238]LogExit: Preparing to exit.
[2018.10.30-20.57.53:689][238]LogExit: Editor shut down
[2018.10.30-20.57.53:689][238]LogExit: Transaction tracking system shut down
[2018.10.30-20.57.54:233][238]LogExit: Object subsystem successfully closed.
[2018.10.30-20.57.54:250][238]LogShaderCompilers: Display: Shaders left to compile 0
[2018.10.30-20.57.54:253][238]LogD3D11RHI: Shutdown
[2018.10.30-20.57.54:253][238]LogD3D11RHI: CleanupD3DDevice
[2018.10.30-20.57.54:254][238]LogD3D11RHI: ~FD3D11DynamicRHI
[2018.10.30-20.57.54:270][238]LogModuleManager: Shutting down and abandoning module SequencerWidgets (620)
[2018.10.30-20.57.54:270][238]LogModuleManager: Shutting down and abandoning module MovieSceneCapture (618)
[2018.10.30-20.57.54:270][238]LogModuleManager: Shutting down and abandoning module Voice (616)
[2018.10.30-20.57.54:270][238]LogModuleManager: Shutting down and abandoning module BlueprintGraph (614)
[2018.10.30-20.57.54:270][238]LogModuleManager: Shutting down and abandoning module HierarchicalLODOutliner (612)
[2018.10.30-20.57.54:270][238]LogModuleManager: Shutting down and abandoning module SceneOutliner (610)
[2018.10.30-20.57.54:270][238]LogModuleManager: Shutting down and abandoning module AddContentDialog (608)
[2018.10.30-20.57.54:271][238]LogModuleManager: Shutting down and abandoning module WidgetCarousel (607)
[2018.10.30-20.57.54:271][238]LogModuleManager: Shutting down and abandoning module EditorWidgets (604)
[2018.10.30-20.57.54:271][238]LogModuleManager: Shutting down and abandoning module CollectionManager (602)
[2018.10.30-20.57.54:271][238]LogModuleManager: Shutting down and abandoning module StatsViewer (600)
[2018.10.30-20.57.54:271][238]LogModuleManager: Shutting down and abandoning module FoliageEdit (598)
[2018.10.30-20.57.54:271][238]LogModuleManager: Shutting down and abandoning module LandscapeEditor (596)
[2018.10.30-20.57.54:271][238]LogModuleManager: Shutting down and abandoning module MeshPaintMode (594)
[2018.10.30-20.57.54:271][238]LogModuleManager: Shutting down and abandoning module SceneDepthPickerMode (592)
[2018.10.30-20.57.54:271][238]LogModuleManager: Shutting down and abandoning module ActorPickerMode (590)
[2018.10.30-20.57.54:271][238]LogModuleManager: Shutting down and abandoning module GeometryMode (588)
[2018.10.30-20.57.54:271][238]LogModuleManager: Shutting down and abandoning module TextureAlignMode (586)
[2018.10.30-20.57.54:271][238]LogModuleManager: Shutting down and abandoning module BspMode (584)
[2018.10.30-20.57.54:271][238]LogModuleManager: Shutting down and abandoning module PIEPreviewDeviceProfileSelector (582)
[2018.10.30-20.57.54:271][238]LogModuleManager: Shutting down and abandoning module SequenceRecorderSections (580)
[2018.10.30-20.57.54:271][238]LogModuleManager: Shutting down and abandoning module AutomationWorker (578)
[2018.10.30-20.57.54:271][238]LogModuleManager: Shutting down and abandoning module AudioCaptureEditor (576)
[2018.10.30-20.57.54:271][238]LogModuleManager: Shutting down and abandoning module SequenceRecorder (575)
[2018.10.30-20.57.54:271][238]LogModuleManager: Shutting down and abandoning module MatineeToLevelSequence (572)
[2018.10.30-20.57.54:271][238]LogModuleManager: Shutting down and abandoning module LevelSequenceEditor (570)
[2018.10.30-20.57.54:271][238]LogModuleManager: Shutting down and abandoning module PlacementMode (569)
[2018.10.30-20.57.54:271][238]LogModuleManager: Shutting down and abandoning module MaterialEditor (568)
[2018.10.30-20.57.54:271][238]LogModuleManager: Shutting down and abandoning module WmfMediaFactory (564)
[2018.10.30-20.57.54:271][238]LogModuleManager: Shutting down and abandoning module WmfMediaEditor (562)
[2018.10.30-20.57.54:271][238]LogModuleManager: Shutting down and abandoning module MediaPlayerEditor (560)
[2018.10.30-20.57.54:271][238]LogModuleManager: Shutting down and abandoning module OpenExrWrapper (558)
[2018.10.30-20.57.54:271][238]LogModuleManager: Shutting down and abandoning module ImgMediaFactory (556)
[2018.10.30-20.57.54:271][238]LogModuleManager: Shutting down and abandoning module ImgMediaEditor (554)
[2018.10.30-20.57.54:271][238]LogModuleManager: Shutting down and abandoning module AvfMediaFactory (552)
[2018.10.30-20.57.54:271][238]LogModuleManager: Shutting down and abandoning module AvfMediaEditor (550)
[2018.10.30-20.57.54:272][238]LogModuleManager: Shutting down and abandoning module AndroidMediaFactory (548)
[2018.10.30-20.57.54:272][238]LogModuleManager: Shutting down and abandoning module AndroidMediaEditor (546)
[2018.10.30-20.57.54:272][238]LogModuleManager: Shutting down and abandoning module MagicLeapCameraPreviewFactory (544)
[2018.10.30-20.57.54:272][238]LogModuleManager: Shutting down and abandoning module MagicLeapMediaFactory (542)
[2018.10.30-20.57.54:272][238]LogModuleManager: Shutting down and abandoning module MagicLeapMediaEditor (540)
[2018.10.30-20.57.54:272][238]LogModuleManager: Shutting down and abandoning module CharacterAI (538)
[2018.10.30-20.57.54:272][238]LogModuleManager: Shutting down and abandoning module SmartSnapping (536)
[2018.10.30-20.57.54:272][238]LogModuleManager: Shutting down and abandoning module SessionServices (534)
[2018.10.30-20.57.54:272][238]LogModuleManager: Shutting down and abandoning module ViewportSnapping (532)
[2018.10.30-20.57.54:272][238]LogModuleManager: Shutting down and abandoning module ViewportInteraction (530)
[2018.10.30-20.57.54:272][238]LogModuleManager: Shutting down and abandoning module ClothPainter (528)
[2018.10.30-20.57.54:272][238]LogModuleManager: Shutting down and abandoning module SkeletalMeshEditor (527)
[2018.10.30-20.57.54:272][238]LogModuleManager: Shutting down and abandoning module LogVisualizer (524)
[2018.10.30-20.57.54:272][238]LogModuleManager: Shutting down and abandoning module IntroTutorials (522)
[2018.10.30-20.57.54:272][238]LogModuleManager: Shutting down and abandoning module GameProjectGeneration (521)
[2018.10.30-20.57.54:272][238]LogModuleManager: Shutting down and abandoning module LuminPlatformEditor (518)
[2018.10.30-20.57.54:272][238]LogModuleManager: Shutting down and abandoning module IOSPlatformEditor (516)
[2018.10.30-20.57.54:272][238]LogModuleManager: Shutting down and abandoning module HTML5PlatformEditor (514)
[2018.10.30-20.57.54:272][238]LogModuleManager: Shutting down and abandoning module AndroidPlatformEditor (512)
[2018.10.30-20.57.54:272][238]LogModuleManager: Shutting down and abandoning module AndroidDeviceDetection (511)
[2018.10.30-20.57.55:057][238]LogModuleManager: Shutting down and abandoning module WindowsPlatformEditor (508)
[2018.10.30-20.57.55:057][238]LogModuleManager: Shutting down and abandoning module LuminRuntimeSettings (506)
[2018.10.30-20.57.55:057][238]LogModuleManager: Shutting down and abandoning module IOSRuntimeSettings (504)
[2018.10.30-20.57.55:057][238]LogModuleManager: Shutting down and abandoning module AndroidRuntimeSettings (502)
[2018.10.30-20.57.55:057][238]LogModuleManager: Shutting down and abandoning module InputBindingEditor (500)
[2018.10.30-20.57.55:057][238]LogModuleManager: Shutting down and abandoning module MergeActors (498)
[2018.10.30-20.57.55:057][238]LogModuleManager: Shutting down and abandoning module LocalizationDashboard (496)
[2018.10.30-20.57.55:057][238]LogModuleManager: Shutting down and abandoning module LocalizationService (495)
[2018.10.30-20.57.55:057][238]LogModuleManager: Shutting down and abandoning module HardwareTargeting (492)
[2018.10.30-20.57.55:057][238]LogModuleManager: Shutting down and abandoning module DeviceProfileEditor (490)
[2018.10.30-20.57.55:057][238]LogModuleManager: Shutting down and abandoning module UndoHistory (488)
[2018.10.30-20.57.55:057][238]LogModuleManager: Shutting down and abandoning module XmlParser (486)
[2018.10.30-20.57.55:058][238]LogModuleManager: Shutting down and abandoning module Blutility (484)
[2018.10.30-20.57.55:058][238]LogModuleManager: Shutting down and abandoning module ProjectSettingsViewer (482)
[2018.10.30-20.57.55:058][238]LogModuleManager: Shutting down and abandoning module ProjectTargetPlatformEditor (481)
[2018.10.30-20.57.55:058][238]LogModuleManager: Shutting down and abandoning module EditorSettingsViewer (478)
[2018.10.30-20.57.55:058][238]LogModuleManager: Shutting down and abandoning module SettingsEditor (476)
[2018.10.30-20.57.55:058][238]LogModuleManager: Shutting down and abandoning module ProjectLauncher (474)
[2018.10.30-20.57.55:058][238]LogModuleManager: Shutting down and abandoning module SessionFrontend (472)
[2018.10.30-20.57.55:058][238]LogModuleManager: Shutting down and abandoning module ProfilerClient (470)
[2018.10.30-20.57.55:058][238]LogModuleManager: Shutting down and abandoning module DeviceManager (468)
[2018.10.30-20.57.55:059][238]LogModuleManager: Shutting down and abandoning module TargetDeviceServices (467)
[2018.10.30-20.57.55:114][238]LogModuleManager: Shutting down and abandoning module AutomationController (464)
[2018.10.30-20.57.55:114][238]LogModuleManager: Shutting down and abandoning module AutomationWindow (462)
[2018.10.30-20.57.55:114][238]LogModuleManager: Shutting down and abandoning module Layers (460)
[2018.10.30-20.57.55:114][238]LogModuleManager: Shutting down and abandoning module ComponentVisualizers (458)
[2018.10.30-20.57.55:114][238]LogModuleManager: Shutting down and abandoning module DetailCustomizations (456)
[2018.10.30-20.57.55:114][238]LogModuleManager: Shutting down and abandoning module PackagesDialog (454)
[2018.10.30-20.57.55:115][238]LogModuleManager: Shutting down and abandoning module Persona (452)
[2018.10.30-20.57.55:115][238]LogModuleManager: Shutting down and abandoning module AdvancedPreviewScene (451)
[2018.10.30-20.57.55:115][238]LogModuleManager: Shutting down and abandoning module AnimGraph (449)
[2018.10.30-20.57.55:115][238]LogModuleManager: Shutting down and abandoning module Kismet (446)
[2018.10.30-20.57.55:121][238]LogModuleManager: Shutting down and abandoning module GraphEditor (444)
[2018.10.30-20.57.55:121][238]LogModuleManager: Shutting down and abandoning module ClassViewer (442)
[2018.10.30-20.57.55:122][238]LogModuleManager: Shutting down and abandoning module Toolbox (440)
[2018.10.30-20.57.55:122][238]LogModuleManager: Shutting down and abandoning module DesktopPlatform (439)
[2018.10.30-20.57.55:122][238]LogModuleManager: Shutting down and abandoning module ModuleUI (436)
[2018.10.30-20.57.55:122][238]LogModuleManager: Shutting down and abandoning module MovieSceneTools (434)
[2018.10.30-20.57.55:122][238]LogModuleManager: Shutting down and abandoning module OutputLog (432)
[2018.10.30-20.57.55:122][238]LogModuleManager: Shutting down and abandoning module GammaUI (430)
[2018.10.30-20.57.55:122][238]LogModuleManager: Shutting down and abandoning module Documentation (428)
[2018.10.30-20.57.55:122][238]LogModuleManager: Shutting down and abandoning module MovieSceneTracks (426)
[2018.10.30-20.57.55:122][238]LogModuleManager: Shutting down and abandoning module MovieScene (424)
[2018.10.30-20.57.55:123][238]LogModuleManager: Shutting down and abandoning module StreamingPauseRendering (422)
[2018.10.30-20.57.55:123][238]LogModuleManager: Shutting down and abandoning module LauncherPlatform (420)
[2018.10.30-20.57.55:123][238]LogModuleManager: Shutting down and abandoning module AnalyticsET (418)
[2018.10.30-20.57.55:123][238]LogModuleManager: Shutting down and abandoning module PortalServices (416)
[2018.10.30-20.57.55:123][238]LogModuleManager: Shutting down and abandoning module PortalRpc (414)
[2018.10.30-20.57.55:123][238]LogModuleManager: Shutting down and abandoning module MessagingRpc (412)
[2018.10.30-20.57.55:123][238]LogModuleManager: Shutting down and abandoning module AIModule (410)
[2018.10.30-20.57.55:123][238]LogModuleManager: Shutting down and abandoning module GameplayDebugger (409)
[2018.10.30-20.57.55:123][238]LogModuleManager: Shutting down and abandoning module AITestSuite (407)
[2018.10.30-20.57.55:123][238]LogModuleManager: Shutting down and abandoning module NavigationSystem (405)
[2018.10.30-20.57.55:123][238]LogModuleManager: Shutting down and abandoning module ProfilerService (402)
[2018.10.30-20.57.55:284][238]LogModuleManager: Shutting down and abandoning module TaskGraph (400)
[2018.10.30-20.57.55:284][238]LogModuleManager: Shutting down and abandoning module SteamVRController (398)
[2018.10.30-20.57.55:284][238]LogModuleManager: Shutting down and abandoning module ProceduralMeshComponentEditor (396)
[2018.10.30-20.57.55:284][238]LogModuleManager: Shutting down and abandoning module ProceduralMeshComponent (394)
[2018.10.30-20.57.55:284][238]LogModuleManager: Shutting down and abandoning module OculusInput (392)
[2018.10.30-20.57.55:284][238]LogModuleManager: Shutting down and abandoning module MobilePatchingUtils (390)
[2018.10.30-20.57.55:284][238]LogModuleManager: Shutting down and abandoning module EditableMesh (388)
[2018.10.30-20.57.55:284][238]LogModuleManager: Shutting down and abandoning module CustomMeshComponent (386)
[2018.10.30-20.57.55:284][238]LogModuleManager: Shutting down and abandoning module CableComponent (384)
[2018.10.30-20.57.55:284][238]LogModuleManager: Shutting down and abandoning module AudioCapture (382)
[2018.10.30-20.57.55:284][238]LogModuleManager: Shutting down and abandoning module ArchVisCharacter (380)
[2018.10.30-20.57.55:284][238]LogModuleManager: Shutting down and abandoning module AndroidPermission (378)
[2018.10.30-20.57.55:284][238]LogModuleManager: Shutting down and abandoning module NUTUnrealEngine4 (376)
[2018.10.30-20.57.55:285][238]LogModuleManager: Shutting down and abandoning module NetcodeUnitTest (374)
[2018.10.30-20.57.55:285][238]LogModuleManager: Shutting down and abandoning module MediaCompositingEditor (372)
[2018.10.30-20.57.55:285][238]LogModuleManager: Shutting down and abandoning module MediaCompositing (370)
[2018.10.30-20.57.55:285][238]LogModuleManager: Shutting down and abandoning module LinearTimecode (368)
[2018.10.30-20.57.55:285][238]LogModuleManager: Shutting down and abandoning module ImgMedia (366)
[2018.10.30-20.57.55:293][238]LogModuleManager: Shutting down and abandoning module HTML5Networking (364)
[2018.10.30-20.57.55:293][238]LogModuleManager: Shutting down and abandoning module GeometryCacheTracks (362)
[2018.10.30-20.57.55:293][238]LogModuleManager: Shutting down and abandoning module GeometryCacheSequencer (360)
[2018.10.30-20.57.55:293][238]LogModuleManager: Shutting down and abandoning module BackChannel (358)
[2018.10.30-20.57.55:293][238]LogModuleManager: Shutting down and abandoning module AppleVision (356)
[2018.10.30-20.57.55:293][238]LogModuleManager: Shutting down and abandoning module AppleImageUtils (354)
[2018.10.30-20.57.55:293][238]LogModuleManager: Shutting down and abandoning module AlembicImporter (352)
[2018.10.30-20.57.55:293][238]LogModuleManager: Shutting down and abandoning module AlembicLibrary (351)
[2018.10.30-20.57.55:293][238]LogModuleManager: Shutting down and abandoning module GeometryCache (350)
[2018.10.30-20.57.55:293][238]LogModuleManager: Shutting down and abandoning module GeometryCacheEd (349)
[2018.10.30-20.57.55:293][238]LogModuleManager: Shutting down and abandoning module DatasmithContentEditor (344)
[2018.10.30-20.57.55:293][238]LogModuleManager: Shutting down and abandoning module DatasmithContent (342)
[2018.10.30-20.57.55:294][238]LogModuleManager: Shutting down and abandoning module SpeedTreeImporter (340)
[2018.10.30-20.57.55:294][238]LogModuleManager: Shutting down and abandoning module PluginBrowser (338)
[2018.10.30-20.57.55:295][238]LogModuleManager: Shutting down and abandoning module MobileLauncherProfileWizard (336)
[2018.10.30-20.57.55:295][238]LogModuleManager: Shutting down and abandoning module PolygonModeling (334)
[2018.10.30-20.57.55:295][238]LogModuleManager: Shutting down and abandoning module MeshEditor (332)
[2018.10.30-20.57.55:295][238]LogModuleManager: Shutting down and abandoning module CryptoKeysOpenSSL (330)
[2018.10.30-20.57.55:295][238]LogModuleManager: Shutting down and abandoning module CryptoKeys (328)
[2018.10.30-20.57.55:295][238]LogModuleManager: Shutting down and abandoning module VisualStudioSourceCodeAccess (326)
[2018.10.30-20.57.55:295][238]LogModuleManager: Shutting down and abandoning module VisualStudioCodeSourceCodeAccess (324)
[2018.10.30-20.57.55:295][238]LogModuleManager: Shutting down and abandoning module UObjectPlugin (322)
[2018.10.30-20.57.55:295][238]LogModuleManager: Shutting down and abandoning module SubversionSourceControl (320)
[2018.10.30-20.57.55:295][238]LogModuleManager: Shutting down and abandoning module PerforceSourceControl (318)
[2018.10.30-20.57.55:295][238]LogModuleManager: Shutting down and abandoning module GitSourceControl (316)
[2018.10.30-20.57.55:296][238]LogModuleManager: Shutting down and abandoning module SourceControl (315)
[2018.10.30-20.57.55:296][238]LogModuleManager: Shutting down and abandoning module CLionSourceCodeAccess (312)
[2018.10.30-20.57.55:296][238]LogModuleManager: Shutting down and abandoning module LightPropagationVolumeEditor (310)
[2018.10.30-20.57.55:296][238]LogModuleManager: Shutting down and abandoning module PaperTiledImporter (308)
[2018.10.30-20.57.55:296][238]LogModuleManager: Shutting down and abandoning module PaperSpriteSheetImporter (306)
[2018.10.30-20.57.55:296][238]LogModuleManager: Shutting down and abandoning module Paper2DEditor (304)
[2018.10.30-20.57.55:296][238]LogModuleManager: Shutting down and abandoning module MeshPaint (303)
[2018.10.30-20.57.55:296][238]LogModuleManager: Shutting down and abandoning module GameCore (300)
[2018.10.30-20.57.55:296][238]LogModuleManager: Shutting down and abandoning module RuntimePhysXCooking (298)
[2018.10.30-20.57.55:296][238]LogModuleManager: Shutting down and abandoning module PhysXVehiclesEditor (296)
[2018.10.30-20.57.55:296][238]LogModuleManager: Shutting down and abandoning module PhysXVehicles (294)
[2018.10.30-20.57.55:296][238]LogModuleManager: Shutting down and abandoning module OculusEditor (292)
[2018.10.30-20.57.55:296][238]LogModuleManager: Shutting down and abandoning module LocationServicesBPLibrary (290)
[2018.10.30-20.57.55:297][238]LogModuleManager: Shutting down and abandoning module ImmediatePhysicsEditor (288)
[2018.10.30-20.57.55:297][238]LogModuleManager: Shutting down and abandoning module ImmediatePhysics (286)
[2018.10.30-20.57.55:297][238]LogModuleManager: Shutting down and abandoning module ActorSequence (284)
[2018.10.30-20.57.55:297][238]LogModuleManager: Shutting down and abandoning module UdpMessaging (282)
[2018.10.30-20.57.55:398][238]LogModuleManager: Shutting down and abandoning module TcpMessaging (280)
[2018.10.30-20.57.55:499][238]LogModuleManager: Shutting down and abandoning module MagicLeapAudio (278)
[2018.10.30-20.57.55:499][238]LogModuleManager: Shutting down and abandoning module GameplayTagsEditor (276)
[2018.10.30-20.57.55:499][238]LogModuleManager: Shutting down and abandoning module FacialAnimationEditor (274)
[2018.10.30-20.57.55:499][238]LogModuleManager: Shutting down and abandoning module FacialAnimation (272)
[2018.10.30-20.57.55:499][238]LogModuleManager: Shutting down and abandoning module DataValidation (270)
[2018.10.30-20.57.55:499][238]LogModuleManager: Shutting down and abandoning module AssetManagerEditor (268)
[2018.10.30-20.57.55:500][238]LogModuleManager: Shutting down and abandoning module LevelEditor (267)
[2018.10.30-20.57.55:501][238]LogModuleManager: Shutting down and abandoning module PixelInspectorModule (266)
[2018.10.30-20.57.55:501][238]LogModuleManager: Shutting down and abandoning module CommonMenuExtensions (264)
[2018.10.30-20.57.55:502][238]LogModuleManager: Shutting down and abandoning module MainFrame (262)
[2018.10.30-20.57.55:502][238]LogModuleManager: Shutting down and abandoning module HotReload (261)
[2018.10.30-20.57.55:503][238]LogModuleManager: Shutting down and abandoning module ContentBrowser (257)
[2018.10.30-20.57.55:504][238]LogModuleManager: Shutting down and abandoning module TreeMap (255)
[2018.10.30-20.57.55:504][238]LogModuleManager: Shutting down and abandoning module LightPropagationVolumeRuntime (252)
[2018.10.30-20.57.55:504][238]LogModuleManager: Shutting down and abandoning module AISupportModule (250)
[2018.10.30-20.57.55:504][238]LogModuleManager: Shutting down and abandoning module Paper2D (248)
[2018.10.30-20.57.55:504][238]LogModuleManager: Shutting down and abandoning module WindowsMoviePlayer (246)
[2018.10.30-20.57.55:505][238]LogModuleManager: Shutting down and abandoning module WmfMedia (244)
[2018.10.30-20.57.55:505][238]LogModuleManager: Shutting down and abandoning module Media (243)
[2018.10.30-20.57.55:512][238]LogModuleManager: Shutting down and abandoning module PacketHandler (240)
[2018.10.30-20.57.55:512][238]LogModuleManager: Shutting down and abandoning module ClothingSystemEditor (238)
[2018.10.30-20.57.55:512][238]LogModuleManager: Shutting down and abandoning module ClothingSystemRuntime (236)
[2018.10.30-20.57.55:512][238]LogModuleManager: Shutting down and abandoning module MediaAssets (234)
[2018.10.30-20.57.55:512][238]LogModuleManager: Shutting down and abandoning module Overlay (232)
[2018.10.30-20.57.55:512][238]LogModuleManager: Shutting down and abandoning module OverlayEditor (231)
[2018.10.30-20.57.55:512][238]LogModuleManager: Shutting down and abandoning module VREditor (228)
[2018.10.30-20.57.55:513][238]LogModuleManager: Shutting down and abandoning module StringTableEditor (226)
[2018.10.30-20.57.55:513][238]LogModuleManager: Shutting down and abandoning module GameplayTasksEditor (224)
[2018.10.30-20.57.55:513][238]LogModuleManager: Shutting down and abandoning module BehaviorTreeEditor (222)
[2018.10.30-20.57.55:513][238]LogModuleManager: Shutting down and abandoning module FunctionalTesting (220)
[2018.10.30-20.57.55:513][238]LogModuleManager: Shutting down and abandoning module CollisionAnalyzer (218)
[2018.10.30-20.57.55:513][238]LogModuleManager: Shutting down and abandoning module WorkspaceMenuStructure (217)
[2018.10.30-20.57.55:513][238]LogModuleManager: Shutting down and abandoning module UMG (214)
[2018.10.30-20.57.55:513][238]LogModuleManager: Shutting down and abandoning module UMGEditor (213)
[2018.10.30-20.57.55:513][238]LogModuleManager: Shutting down and abandoning module Sequencer (212)
[2018.10.30-20.57.55:513][238]LogModuleManager: Shutting down and abandoning module MessageLog (209)
[2018.10.30-20.57.55:513][238]LogModuleManager: Shutting down and abandoning module SlateReflector (204)
[2018.10.30-20.57.55:513][238]LogModuleManager: Shutting down and abandoning module Slate (202)
[2018.10.30-20.57.55:513][238]LogModuleManager: Shutting down and abandoning module EditorStyle (200)
[2018.10.30-20.57.55:514][238]LogModuleManager: Shutting down and abandoning module MRMesh (198)
[2018.10.30-20.57.55:514][238]LogModuleManager: Shutting down and abandoning module SourceCodeAccess (196)
[2018.10.30-20.57.55:514][238]LogModuleManager: Shutting down and abandoning module HeadMountedDisplay (194)
[2018.10.30-20.57.55:514][238]LogModuleManager: Shutting down and abandoning module XAudio2 (192)
[2018.10.30-20.57.55:514][238]LogModuleManager: Shutting down and abandoning module Networking (190)
[2018.10.30-20.57.55:514][238]LogModuleManager: Shutting down and abandoning module Core (188)
[2018.10.30-20.57.55:514][238]LogModuleManager: Shutting down and abandoning module LevelSequence (186)
[2018.10.30-20.57.55:514][238]LogModuleManager: Shutting down and abandoning module KismetCompiler (184)
[2018.10.30-20.57.55:514][238]LogModuleManager: Shutting down and abandoning module MeshUtilities (182)
[2018.10.30-20.57.55:514][238]LogModuleManager: Shutting down and abandoning module MeshMergeUtilities (181)
[2018.10.30-20.57.55:514][238]LogModuleManager: Shutting down and abandoning module MeshReductionInterface (180)
[2018.10.30-20.57.55:514][238]LogModuleManager: Shutting down and abandoning module SimplygonSwarm (179)
[2018.10.30-20.57.55:514][238]LogModuleManager: Shutting down and abandoning module ProxyLODMeshReduction (177)
[2018.10.30-20.57.55:514][238]LogModuleManager: Shutting down and abandoning module SimplygonMeshReduction (175)
[2018.10.30-20.57.55:514][238]LogModuleManager: Shutting down and abandoning module QuadricMeshReduction (173)
[2018.10.30-20.57.55:514][238]LogModuleManager: Shutting down and abandoning module MaterialBaking (169)
[2018.10.30-20.57.55:514][238]LogModuleManager: Shutting down and abandoning module DirectoryWatcher (165)
[2018.10.30-20.57.55:514][238]LogModuleManager: Shutting down and abandoning module DerivedDataCache (162)
[2018.10.30-20.57.55:591][238]LogDerivedDataCache: Shutdown
[2018.10.30-20.57.55:591][238]LogModuleManager: Shutting down and abandoning module XGEController (160)
[2018.10.30-20.57.55:591][238]LogXGEController: Cleaning working directory: C:/Users/olive/AppData/Local/Temp/UnrealXGEWorkingDir/
[2018.10.30-20.57.55:592][238]LogModuleManager: Shutting down and abandoning module TargetPlatform (158)
[2018.10.30-20.57.55:592][238]LogModuleManager: Shutting down and abandoning module VulkanShaderFormat (157)
[2018.10.30-20.57.55:592][238]LogModuleManager: Shutting down and abandoning module ShaderFormatVectorVM (155)
[2018.10.30-20.57.55:592][238]LogModuleManager: Shutting down and abandoning module ShaderFormatOpenGL (153)
[2018.10.30-20.57.55:592][238]LogModuleManager: Shutting down and abandoning module ShaderFormatD3D (151)
[2018.10.30-20.57.55:592][238]LogModuleManager: Shutting down and abandoning module MetalShaderFormat (149)
[2018.10.30-20.57.55:592][238]LogModuleManager: Shutting down and abandoning module TextureFormatUncompressed (147)
[2018.10.30-20.57.55:592][238]LogModuleManager: Shutting down and abandoning module TextureFormatPVR (145)
[2018.10.30-20.57.55:592][238]LogModuleManager: Shutting down and abandoning module TextureFormatDXT (143)
[2018.10.30-20.57.55:592][238]LogModuleManager: Shutting down and abandoning module TextureFormatIntelISPCTexComp (141)
[2018.10.30-20.57.55:593][238]LogModuleManager: Shutting down and abandoning module TextureFormatASTC (139)
[2018.10.30-20.57.55:593][238]LogModuleManager: Shutting down and abandoning module ImageWrapper (138)
[2018.10.30-20.57.55:593][238]LogModuleManager: Shutting down and abandoning module TextureFormatAndroid (135)
[2018.10.30-20.57.55:593][238]LogModuleManager: Shutting down and abandoning module AudioFormatOpus (133)
[2018.10.30-20.57.55:593][238]LogModuleManager: Shutting down and abandoning module AudioFormatOgg (131)
[2018.10.30-20.57.55:593][238]LogModuleManager: Shutting down and abandoning module AudioFormatADPCM (129)
[2018.10.30-20.57.55:593][238]LogModuleManager: Shutting down and abandoning module LuminTargetPlatform (127)
[2018.10.30-20.57.55:593][238]LogModuleManager: Shutting down and abandoning module LinuxTargetPlatform (125)
[2018.10.30-20.57.55:593][238]LogModuleManager: Shutting down and abandoning module LinuxServerTargetPlatform (123)
[2018.10.30-20.57.55:593][238]LogModuleManager: Shutting down and abandoning module LinuxNoEditorTargetPlatform (121)
[2018.10.30-20.57.55:593][238]LogModuleManager: Shutting down and abandoning module LinuxClientTargetPlatform (119)
[2018.10.30-20.57.55:593][238]LogModuleManager: Shutting down and abandoning module TVOSTargetPlatform (117)
[2018.10.30-20.57.55:595][238]LogModuleManager: Shutting down and abandoning module Messaging (115)
[2018.10.30-20.57.55:595][238]LogModuleManager: Shutting down and abandoning module IOSTargetPlatform (113)
[2018.10.30-20.57.55:597][238]LogModuleManager: Shutting down and abandoning module HTML5TargetPlatform (111)
[2018.10.30-20.57.55:597][238]LogModuleManager: Shutting down and abandoning module AndroidTargetPlatform (109)
[2018.10.30-20.57.55:604][238]LogModuleManager: Shutting down and abandoning module WindowsTargetPlatform (107)
[2018.10.30-20.57.55:604][238]LogModuleManager: Shutting down and abandoning module WindowsServerTargetPlatform (105)
[2018.10.30-20.57.55:604][238]LogModuleManager: Shutting down and abandoning module WindowsNoEditorTargetPlatform (103)
[2018.10.30-20.57.55:604][238]LogModuleManager: Shutting down and abandoning module WindowsClientTargetPlatform (101)
[2018.10.30-20.57.55:604][238]LogModuleManager: Shutting down and abandoning module MacTargetPlatform (99)
[2018.10.30-20.57.55:604][238]LogModuleManager: Shutting down and abandoning module MacServerTargetPlatform (97)
[2018.10.30-20.57.55:604][238]LogModuleManager: Shutting down and abandoning module MacNoEditorTargetPlatform (95)
[2018.10.30-20.57.55:604][238]LogModuleManager: Shutting down and abandoning module MacClientTargetPlatform (93)
[2018.10.30-20.57.55:604][238]LogModuleManager: Shutting down and abandoning module AllDesktopTargetPlatform (91)
[2018.10.30-20.57.55:604][238]LogModuleManager: Shutting down and abandoning module InputCore (88)
[2018.10.30-20.57.55:604][238]LogModuleManager: Shutting down and abandoning module Settings (86)
[2018.10.30-20.57.55:604][238]LogModuleManager: Shutting down and abandoning module PhysXCooking (84)
[2018.10.30-20.57.55:604][238]LogModuleManager: Shutting down and abandoning module SteamVR (82)
[2018.10.30-20.57.55:604][238]LogModuleManager: Shutting down and abandoning module OculusHMD (80)
[2018.10.30-20.57.55:604][238]LogModuleManager: Shutting down and abandoning module ExampleDeviceProfileSelector (78)
[2018.10.30-20.57.55:604][238]LogModuleManager: Shutting down and abandoning module LauncherChunkInstaller (76)
[2018.10.30-20.57.55:604][238]LogModuleManager: Shutting down and abandoning module OnlineBlueprintSupport (74)
[2018.10.30-20.57.55:604][238]LogModuleManager: Shutting down and abandoning module OnlineSubsystem (70)
[2018.10.30-20.57.55:605][238]LogModuleManager: Shutting down and abandoning module XMPP (65)
[2018.10.30-20.57.55:605][238]LogModuleManager: Shutting down and abandoning module WebSockets (64)
[2018.10.30-20.57.55:638][238]LogModuleManager: Shutting down and abandoning module HTTP (61)
[2018.10.30-20.57.55:638][238]LogHttp: Display: Http module shutting down, but needs to wait on 1 outstanding Http requests:
[2018.10.30-20.57.55:638][238]LogHttp: Display: 	verb=[POST] url=[https://datarouter.ol.epicgames.com/datarouter/api/v1/public/data?SessionID=%7BE6B7C716-4CA4-1950-87F4-5F9BA3AE2DAC%7D&AppID=UEEditor.Rocket.Release&AppVersion=4.20.3-4369336%2B%2B%2BUE4%2BRelease-4.20&UserID=1143b7254c0a6c32f1d52ca8acb2c66e%7C496e5844dc274b01bc60e60a6eea6a3c%7C2acc1a8e-d643-49e3-85c8-9a2725f52b6c&AppEnvironment=datacollector-binary&UploadType=eteventstream] status=Processing
[2018.10.30-20.57.55:663][238]LogModuleManager: Shutting down and abandoning module SSL (60)
[2018.10.30-20.57.55:665][238]LogModuleManager: Shutting down and abandoning module MagicLeapEmulator (56)
[2018.10.30-20.57.55:665][238]LogModuleManager: Shutting down and abandoning module MagicLeapPrivileges (54)
[2018.10.30-20.57.55:665][238]LogModuleManager: Shutting down and abandoning module MagicLeapIdentity (52)
[2018.10.30-20.57.55:665][238]LogModuleManager: Shutting down and abandoning module MagicLeapHelperVulkan (50)
[2018.10.30-20.57.55:665][238]LogModuleManager: Shutting down and abandoning module MagicLeapHelperOpenGL (48)
[2018.10.30-20.57.55:665][238]LogModuleManager: Shutting down and abandoning module MagicLeapSecureStorage (46)
[2018.10.30-20.57.55:665][238]LogModuleManager: Shutting down and abandoning module MagicLeapGestures (44)
[2018.10.30-20.57.55:665][238]LogModuleManager: Shutting down and abandoning module MagicLeapEyeTracker (42)
[2018.10.30-20.57.55:665][238]LogModuleManager: Shutting down and abandoning module MagicLeapController (40)
[2018.10.30-20.57.55:665][238]LogSlate: Slate User Destroyed.  User Index 0, Is Virtual User: 0
[2018.10.30-20.57.55:665][238]LogModuleManager: Shutting down and abandoning module MagicLeap (38)
[2018.10.30-20.57.55:665][238]LogModuleManager: Shutting down and abandoning module AnimationModifiers (36)
[2018.10.30-20.57.55:665][238]LogModuleManager: Shutting down and abandoning module PropertyEditor (35)
[2018.10.30-20.57.55:666][238]LogModuleManager: Shutting down and abandoning module AudioEditor (32)
[2018.10.30-20.57.55:666][238]LogModuleManager: Shutting down and abandoning module TextureCompressor (30)
[2018.10.30-20.57.55:700][238]LogModuleManager: Shutting down and abandoning module ShaderCore (28)
[2018.10.30-20.57.55:700][238]LogModuleManager: Shutting down and abandoning module Landscape (26)
[2018.10.30-20.57.55:700][238]LogModuleManager: Shutting down and abandoning module SlateRHIRenderer (24)
[2018.10.30-20.57.55:701][238]LogModuleManager: Shutting down and abandoning module OpenGLDrv (22)
[2018.10.30-20.57.55:701][238]LogModuleManager: Shutting down and abandoning module D3D11RHI (20)
[2018.10.30-20.57.55:701][238]LogModuleManager: Shutting down and abandoning module AnimGraphRuntime (18)
[2018.10.30-20.57.55:701][238]LogModuleManager: Shutting down and abandoning module Renderer (16)
[2018.10.30-20.57.55:701][238]LogModuleManager: Shutting down and abandoning module Engine (14)
[2018.10.30-20.57.55:701][238]LogModuleManager: Shutting down and abandoning module CoreUObject (12)
[2018.10.30-20.57.55:701][238]LogModuleManager: Shutting down and abandoning module NetworkFile (10)
[2018.10.30-20.57.55:701][238]LogModuleManager: Shutting down and abandoning module CookedIterativeFile (8)
[2018.10.30-20.57.55:701][238]LogModuleManager: Shutting down and abandoning module StreamingFile (6)
[2018.10.30-20.57.55:701][238]LogModuleManager: Shutting down and abandoning module SandboxFile (4)
[2018.10.30-20.57.55:701][238]LogModuleManager: Shutting down and abandoning module PakFile (2)
[2018.10.30-20.57.55:710][238]LogExit: Exiting.
[2018.10.30-20.57.55:725][238]Log file closed, 10/30/18 21:57:55
